[1.027s] Invoking command in '/home/zukunft/projects/robotics/robot_basic_simulation/build/my_robot': PYTHONPATH=/home/zukunft/projects/robotics/robot_basic_simulation/build/my_robot/prefix_override:/home/zukunft/projects/robotics/robot_basic_simulation/install/my_robot/lib/python3.10/site-packages:${PYTHONPATH} /usr/bin/python3 setup.py develop --editable --build-directory /home/zukunft/projects/robotics/robot_basic_simulation/build/my_robot/build --no-deps install_data
[1.291s] running develop
[1.291s] /usr/lib/python3/dist-packages/setuptools/command/easy_install.py:158: EasyInstallDeprecationWarning: easy_install command is deprecated. Use build and pip and other standards-based tools.
[1.291s]   warnings.warn(
[1.292s] /usr/lib/python3/dist-packages/setuptools/command/install.py:34: SetuptoolsDeprecationWarning: setup.py install is deprecated. Use build and pip and other standards-based tools.
[1.292s]   warnings.warn(
[1.453s] running egg_info
[1.453s] writing my_robot.egg-info/PKG-INFO
[1.453s] writing dependency_links to my_robot.egg-info/dependency_links.txt
[1.453s] writing entry points to my_robot.egg-info/entry_points.txt
[1.454s] writing requirements to my_robot.egg-info/requires.txt
[1.454s] writing top-level names to my_robot.egg-info/top_level.txt
[1.456s] reading manifest file 'my_robot.egg-info/SOURCES.txt'
[1.457s] writing manifest file 'my_robot.egg-info/SOURCES.txt'
[1.458s] running build_ext
[1.458s] Creating /home/zukunft/projects/robotics/robot_basic_simulation/install/my_robot/lib/python3.10/site-packages/my-robot.egg-link (link to .)
[1.459s] 
[1.460s] Installed /home/zukunft/projects/robotics/robot_basic_simulation/build/my_robot
[1.460s] running install_data
[1.545s] Invoked command in '/home/zukunft/projects/robotics/robot_basic_simulation/build/my_robot' returned '0': PYTHONPATH=/home/zukunft/projects/robotics/robot_basic_simulation/build/my_robot/prefix_override:/home/zukunft/projects/robotics/robot_basic_simulation/install/my_robot/lib/python3.10/site-packages:${PYTHONPATH} /usr/bin/python3 setup.py develop --editable --build-directory /home/zukunft/projects/robotics/robot_basic_simulation/build/my_robot/build --no-deps install_data
