[1.082s] Invoking command in '/home/zukunft/projects/robotics/robot_basic_simulation/build/my_robot': PYTHONPATH=/home/zukunft/projects/robotics/robot_basic_simulation/build/my_robot/prefix_override:/home/zukunft/projects/robotics/robot_basic_simulation/install/my_robot/lib/python3.10/site-packages:${PYTHONPATH} /usr/bin/python3 setup.py develop --editable --build-directory /home/zukunft/projects/robotics/robot_basic_simulation/build/my_robot/build --no-deps install_data
[1.329s] running develop
[1.330s] /usr/lib/python3/dist-packages/setuptools/command/easy_install.py:158: EasyInstallDeprecationWarning: easy_install command is deprecated. Use build and pip and other standards-based tools.
[1.330s]   warnings.warn(
[1.332s] /usr/lib/python3/dist-packages/setuptools/command/install.py:34: SetuptoolsDeprecationWarning: setup.py install is deprecated. Use build and pip and other standards-based tools.
[1.332s]   warnings.warn(
[1.483s] running egg_info
[1.484s] writing my_robot.egg-info/PKG-INFO
[1.484s] writing dependency_links to my_robot.egg-info/dependency_links.txt
[1.484s] writing entry points to my_robot.egg-info/entry_points.txt
[1.484s] writing requirements to my_robot.egg-info/requires.txt
[1.484s] writing top-level names to my_robot.egg-info/top_level.txt
[1.486s] reading manifest file 'my_robot.egg-info/SOURCES.txt'
[1.487s] writing manifest file 'my_robot.egg-info/SOURCES.txt'
[1.488s] running build_ext
[1.488s] Creating /home/zukunft/projects/robotics/robot_basic_simulation/install/my_robot/lib/python3.10/site-packages/my-robot.egg-link (link to .)
[1.489s] 
[1.489s] Installed /home/zukunft/projects/robotics/robot_basic_simulation/build/my_robot
[1.489s] running install_data
[1.566s] Invoked command in '/home/zukunft/projects/robotics/robot_basic_simulation/build/my_robot' returned '0': PYTHONPATH=/home/zukunft/projects/robotics/robot_basic_simulation/build/my_robot/prefix_override:/home/zukunft/projects/robotics/robot_basic_simulation/install/my_robot/lib/python3.10/site-packages:${PYTHONPATH} /usr/bin/python3 setup.py develop --editable --build-directory /home/zukunft/projects/robotics/robot_basic_simulation/build/my_robot/build --no-deps install_data
