[0.968s] Invoking command in '/home/zukunft/projects/robotics/robot_basic_simulation/src/robot_controller': PYTHONPATH=/home/zukunft/projects/robotics/robot_basic_simulation/src/build/robot_controller/prefix_override:/home/zukunft/projects/robotics/robot_basic_simulation/src/install/robot_controller/lib/python3.10/site-packages:${PYTHONPATH} /usr/bin/python3 setup.py egg_info --egg-base ../build/robot_controller build --build-base /home/zukunft/projects/robotics/robot_basic_simulation/src/build/robot_controller/build install --record /home/zukunft/projects/robotics/robot_basic_simulation/src/build/robot_controller/install.log --single-version-externally-managed
[1.179s] running egg_info
[1.180s] writing ../build/robot_controller/robot_controller.egg-info/PKG-INFO
[1.180s] writing dependency_links to ../build/robot_controller/robot_controller.egg-info/dependency_links.txt
[1.180s] writing entry points to ../build/robot_controller/robot_controller.egg-info/entry_points.txt
[1.181s] writing requirements to ../build/robot_controller/robot_controller.egg-info/requires.txt
[1.181s] writing top-level names to ../build/robot_controller/robot_controller.egg-info/top_level.txt
[1.183s] reading manifest file '../build/robot_controller/robot_controller.egg-info/SOURCES.txt'
[1.183s] writing manifest file '../build/robot_controller/robot_controller.egg-info/SOURCES.txt'
[1.184s] running build
[1.184s] running build_py
[1.184s] running install
[1.184s] /usr/lib/python3/dist-packages/setuptools/command/install.py:34: SetuptoolsDeprecationWarning: setup.py install is deprecated. Use build and pip and other standards-based tools.
[1.184s]   warnings.warn(
[1.184s] running install_lib
[1.186s] running install_data
[1.186s] running install_egg_info
[1.188s] removing '/home/zukunft/projects/robotics/robot_basic_simulation/src/install/robot_controller/lib/python3.10/site-packages/robot_controller-0.0.0-py3.10.egg-info' (and everything under it)
[1.188s] Copying ../build/robot_controller/robot_controller.egg-info to /home/zukunft/projects/robotics/robot_basic_simulation/src/install/robot_controller/lib/python3.10/site-packages/robot_controller-0.0.0-py3.10.egg-info
[1.189s] running install_scripts
[1.211s] Installing basic_movement script to /home/zukunft/projects/robotics/robot_basic_simulation/src/install/robot_controller/lib/robot_controller
[1.212s] writing list of installed files to '/home/zukunft/projects/robotics/robot_basic_simulation/src/build/robot_controller/install.log'
[1.252s] Invoked command in '/home/zukunft/projects/robotics/robot_basic_simulation/src/robot_controller' returned '0': PYTHONPATH=/home/zukunft/projects/robotics/robot_basic_simulation/src/build/robot_controller/prefix_override:/home/zukunft/projects/robotics/robot_basic_simulation/src/install/robot_controller/lib/python3.10/site-packages:${PYTHONPATH} /usr/bin/python3 setup.py egg_info --egg-base ../build/robot_controller build --build-base /home/zukunft/projects/robotics/robot_basic_simulation/src/build/robot_controller/build install --record /home/zukunft/projects/robotics/robot_basic_simulation/src/build/robot_controller/install.log --single-version-externally-managed
