[0.782s] Invoking command in '/home/zukunft/robot_sim/src/robot_controller': PYTHONPATH=/home/zukunft/robot_sim/build/robot_controller/prefix_override:/home/zukunft/robot_sim/install/robot_controller/lib/python3.10/site-packages:${PYTHONPATH} /usr/bin/python3 setup.py egg_info --egg-base ../../build/robot_controller build --build-base /home/zukunft/robot_sim/build/robot_controller/build install --record /home/zukunft/robot_sim/build/robot_controller/install.log --single-version-externally-managed
[0.977s] running egg_info
[0.978s] writing ../../build/robot_controller/robot_controller.egg-info/PKG-INFO
[0.978s] writing dependency_links to ../../build/robot_controller/robot_controller.egg-info/dependency_links.txt
[0.978s] writing entry points to ../../build/robot_controller/robot_controller.egg-info/entry_points.txt
[0.978s] writing requirements to ../../build/robot_controller/robot_controller.egg-info/requires.txt
[0.978s] writing top-level names to ../../build/robot_controller/robot_controller.egg-info/top_level.txt
[0.981s] reading manifest file '../../build/robot_controller/robot_controller.egg-info/SOURCES.txt'
[0.981s] writing manifest file '../../build/robot_controller/robot_controller.egg-info/SOURCES.txt'
[0.981s] running build
[0.981s] running build_py
[0.981s] running install
[0.982s] /usr/lib/python3/dist-packages/setuptools/command/install.py:34: SetuptoolsDeprecationWarning: setup.py install is deprecated. Use build and pip and other standards-based tools.
[0.982s]   warnings.warn(
[0.982s] running install_lib
[0.983s] running install_data
[0.984s] running install_egg_info
[0.986s] removing '/home/zukunft/robot_sim/install/robot_controller/lib/python3.10/site-packages/robot_controller-0.0.0-py3.10.egg-info' (and everything under it)
[0.986s] Copying ../../build/robot_controller/robot_controller.egg-info to /home/zukunft/robot_sim/install/robot_controller/lib/python3.10/site-packages/robot_controller-0.0.0-py3.10.egg-info
[0.987s] running install_scripts
[1.008s] Installing basic_movement script to /home/zukunft/robot_sim/install/robot_controller/lib/robot_controller
[1.008s] writing list of installed files to '/home/zukunft/robot_sim/build/robot_controller/install.log'
[1.046s] Invoked command in '/home/zukunft/robot_sim/src/robot_controller' returned '0': PYTHONPATH=/home/zukunft/robot_sim/build/robot_controller/prefix_override:/home/zukunft/robot_sim/install/robot_controller/lib/python3.10/site-packages:${PYTHONPATH} /usr/bin/python3 setup.py egg_info --egg-base ../../build/robot_controller build --build-base /home/zukunft/robot_sim/build/robot_controller/build install --record /home/zukunft/robot_sim/build/robot_controller/install.log --single-version-externally-managed
