[0.824s] Invoking command in '/home/zukunft/robot_sim/src/my_robot': PYTHONPATH=/home/zukunft/robot_sim/build/my_robot/prefix_override:/home/zukunft/robot_sim/install/my_robot/lib/python3.10/site-packages:${PYTHONPATH} /usr/bin/python3 setup.py egg_info --egg-base ../../build/my_robot build --build-base /home/zukunft/robot_sim/build/my_robot/build install --record /home/zukunft/robot_sim/build/my_robot/install.log --single-version-externally-managed
[1.016s] running egg_info
[1.016s] writing ../../build/my_robot/my_robot.egg-info/PKG-INFO
[1.017s] writing dependency_links to ../../build/my_robot/my_robot.egg-info/dependency_links.txt
[1.017s] writing entry points to ../../build/my_robot/my_robot.egg-info/entry_points.txt
[1.017s] writing requirements to ../../build/my_robot/my_robot.egg-info/requires.txt
[1.017s] writing top-level names to ../../build/my_robot/my_robot.egg-info/top_level.txt
[1.019s] reading manifest file '../../build/my_robot/my_robot.egg-info/SOURCES.txt'
[1.020s] writing manifest file '../../build/my_robot/my_robot.egg-info/SOURCES.txt'
[1.020s] running build
[1.020s] running build_py
[1.020s] running install
[1.020s] /usr/lib/python3/dist-packages/setuptools/command/install.py:34: SetuptoolsDeprecationWarning: setup.py install is deprecated. Use build and pip and other standards-based tools.
[1.021s]   warnings.warn(
[1.021s] running install_lib
[1.022s] running install_data
[1.023s] running install_egg_info
[1.025s] removing '/home/zukunft/robot_sim/install/my_robot/lib/python3.10/site-packages/my_robot-0.0.0-py3.10.egg-info' (and everything under it)
[1.025s] Copying ../../build/my_robot/my_robot.egg-info to /home/zukunft/robot_sim/install/my_robot/lib/python3.10/site-packages/my_robot-0.0.0-py3.10.egg-info
[1.026s] running install_scripts
[1.050s] writing list of installed files to '/home/zukunft/robot_sim/build/my_robot/install.log'
[1.103s] Invoked command in '/home/zukunft/robot_sim/src/my_robot' returned '0': PYTHONPATH=/home/zukunft/robot_sim/build/my_robot/prefix_override:/home/zukunft/robot_sim/install/my_robot/lib/python3.10/site-packages:${PYTHONPATH} /usr/bin/python3 setup.py egg_info --egg-base ../../build/my_robot build --build-base /home/zukunft/robot_sim/build/my_robot/build install --record /home/zukunft/robot_sim/build/my_robot/install.log --single-version-externally-managed
