[0.752s] Invoking command in '/home/zukunft/projects/robotics/robot_basic_simulation/src/my_robot': PYTHONPATH=/home/zukunft/projects/robotics/robot_basic_simulation/build/my_robot/prefix_override:/home/zukunft/projects/robotics/robot_basic_simulation/install/my_robot/lib/python3.10/site-packages:${PYTHONPATH} /usr/bin/python3 setup.py egg_info --egg-base ../../build/my_robot build --build-base /home/zukunft/projects/robotics/robot_basic_simulation/build/my_robot/build install --record /home/zukunft/projects/robotics/robot_basic_simulation/build/my_robot/install.log --single-version-externally-managed
[0.928s] running egg_info
[0.929s] writing ../../build/my_robot/my_robot.egg-info/PKG-INFO
[0.930s] writing dependency_links to ../../build/my_robot/my_robot.egg-info/dependency_links.txt
[0.930s] writing entry points to ../../build/my_robot/my_robot.egg-info/entry_points.txt
[0.930s] writing requirements to ../../build/my_robot/my_robot.egg-info/requires.txt
[0.930s] writing top-level names to ../../build/my_robot/my_robot.egg-info/top_level.txt
[0.932s] reading manifest file '../../build/my_robot/my_robot.egg-info/SOURCES.txt'
[0.933s] writing manifest file '../../build/my_robot/my_robot.egg-info/SOURCES.txt'
[0.934s] running build
[0.934s] running build_py
[0.934s] running install
[0.935s] /usr/lib/python3/dist-packages/setuptools/command/install.py:34: SetuptoolsDeprecationWarning: setup.py install is deprecated. Use build and pip and other standards-based tools.
[0.935s]   warnings.warn(
[0.935s] running install_lib
[0.936s] running install_data
[0.937s] copying package.xml -> /home/zukunft/projects/robotics/robot_basic_simulation/install/my_robot/share/my_robot
[0.937s] running install_egg_info
[0.938s] removing '/home/zukunft/projects/robotics/robot_basic_simulation/install/my_robot/lib/python3.10/site-packages/my_robot-0.0.0-py3.10.egg-info' (and everything under it)
[0.939s] Copying ../../build/my_robot/my_robot.egg-info to /home/zukunft/projects/robotics/robot_basic_simulation/install/my_robot/lib/python3.10/site-packages/my_robot-0.0.0-py3.10.egg-info
[0.939s] running install_scripts
[0.957s] writing list of installed files to '/home/zukunft/projects/robotics/robot_basic_simulation/build/my_robot/install.log'
[0.987s] Invoked command in '/home/zukunft/projects/robotics/robot_basic_simulation/src/my_robot' returned '0': PYTHONPATH=/home/zukunft/projects/robotics/robot_basic_simulation/build/my_robot/prefix_override:/home/zukunft/projects/robotics/robot_basic_simulation/install/my_robot/lib/python3.10/site-packages:${PYTHONPATH} /usr/bin/python3 setup.py egg_info --egg-base ../../build/my_robot build --build-base /home/zukunft/projects/robotics/robot_basic_simulation/build/my_robot/build install --record /home/zukunft/projects/robotics/robot_basic_simulation/build/my_robot/install.log --single-version-externally-managed
