[1.013s] Invoking command in '/home/zukunft/projects/robotics/robot_basic_simulation/build/sensors': PYTHONPATH=/home/zukunft/projects/robotics/robot_basic_simulation/build/sensors/prefix_override:/home/zukunft/projects/robotics/robot_basic_simulation/install/sensors/lib/python3.10/site-packages:${PYTHONPATH} /usr/bin/python3 setup.py develop --uninstall --editable --build-directory /home/zukunft/projects/robotics/robot_basic_simulation/build/sensors/build
[1.207s] running develop
[1.207s] /usr/lib/python3/dist-packages/setuptools/command/easy_install.py:158: EasyInstallDeprecationWarning: easy_install command is deprecated. Use build and pip and other standards-based tools.
[1.207s]   warnings.warn(
[1.209s] /usr/lib/python3/dist-packages/setuptools/command/install.py:34: SetuptoolsDeprecationWarning: setup.py install is deprecated. Use build and pip and other standards-based tools.
[1.209s]   warnings.warn(
[1.324s] Removing /home/zukunft/projects/robotics/robot_basic_simulation/install/sensors/lib/python3.10/site-packages/sensors.egg-link (link to .)
[1.397s] Invoked command in '/home/zukunft/projects/robotics/robot_basic_simulation/build/sensors' returned '0': PYTHONPATH=/home/zukunft/projects/robotics/robot_basic_simulation/build/sensors/prefix_override:/home/zukunft/projects/robotics/robot_basic_simulation/install/sensors/lib/python3.10/site-packages:${PYTHONPATH} /usr/bin/python3 setup.py develop --uninstall --editable --build-directory /home/zukunft/projects/robotics/robot_basic_simulation/build/sensors/build
[1.398s] Invoking command in '/home/zukunft/projects/robotics/robot_basic_simulation/src/sensors': PYTHONPATH=/home/zukunft/projects/robotics/robot_basic_simulation/build/sensors/prefix_override:/home/zukunft/projects/robotics/robot_basic_simulation/install/sensors/lib/python3.10/site-packages:${PYTHONPATH} /usr/bin/python3 setup.py egg_info --egg-base ../../build/sensors build --build-base /home/zukunft/projects/robotics/robot_basic_simulation/build/sensors/build install --record /home/zukunft/projects/robotics/robot_basic_simulation/build/sensors/install.log --single-version-externally-managed
[1.574s] running egg_info
[1.574s] writing ../../build/sensors/sensors.egg-info/PKG-INFO
[1.575s] writing dependency_links to ../../build/sensors/sensors.egg-info/dependency_links.txt
[1.575s] writing entry points to ../../build/sensors/sensors.egg-info/entry_points.txt
[1.575s] writing requirements to ../../build/sensors/sensors.egg-info/requires.txt
[1.575s] writing top-level names to ../../build/sensors/sensors.egg-info/top_level.txt
[1.577s] reading manifest file '../../build/sensors/sensors.egg-info/SOURCES.txt'
[1.585s] writing manifest file '../../build/sensors/sensors.egg-info/SOURCES.txt'
[1.585s] running build
[1.585s] running build_py
[1.585s] running install
[1.586s] /usr/lib/python3/dist-packages/setuptools/command/install.py:34: SetuptoolsDeprecationWarning: setup.py install is deprecated. Use build and pip and other standards-based tools.
[1.586s]   warnings.warn(
[1.586s] running install_lib
[1.586s] creating /home/zukunft/projects/robotics/robot_basic_simulation/install/sensors/lib/python3.10/site-packages/sensors
[1.586s] copying /home/zukunft/projects/robotics/robot_basic_simulation/build/sensors/build/lib/sensors/lidar_pub.py -> /home/zukunft/projects/robotics/robot_basic_simulation/install/sensors/lib/python3.10/site-packages/sensors
[1.587s] copying /home/zukunft/projects/robotics/robot_basic_simulation/build/sensors/build/lib/sensors/lidar_sub.py -> /home/zukunft/projects/robotics/robot_basic_simulation/install/sensors/lib/python3.10/site-packages/sensors
[1.587s] copying /home/zukunft/projects/robotics/robot_basic_simulation/build/sensors/build/lib/sensors/camera_sub.py -> /home/zukunft/projects/robotics/robot_basic_simulation/install/sensors/lib/python3.10/site-packages/sensors
[1.587s] copying /home/zukunft/projects/robotics/robot_basic_simulation/build/sensors/build/lib/sensors/__init__.py -> /home/zukunft/projects/robotics/robot_basic_simulation/install/sensors/lib/python3.10/site-packages/sensors
[1.587s] copying /home/zukunft/projects/robotics/robot_basic_simulation/build/sensors/build/lib/sensors/camera_pub.py -> /home/zukunft/projects/robotics/robot_basic_simulation/install/sensors/lib/python3.10/site-packages/sensors
[1.588s] byte-compiling /home/zukunft/projects/robotics/robot_basic_simulation/install/sensors/lib/python3.10/site-packages/sensors/lidar_pub.py to lidar_pub.cpython-310.pyc
[1.588s] byte-compiling /home/zukunft/projects/robotics/robot_basic_simulation/install/sensors/lib/python3.10/site-packages/sensors/lidar_sub.py to lidar_sub.cpython-310.pyc
[1.588s] byte-compiling /home/zukunft/projects/robotics/robot_basic_simulation/install/sensors/lib/python3.10/site-packages/sensors/camera_sub.py to camera_sub.cpython-310.pyc
[1.588s] byte-compiling /home/zukunft/projects/robotics/robot_basic_simulation/install/sensors/lib/python3.10/site-packages/sensors/__init__.py to __init__.cpython-310.pyc
[1.588s] byte-compiling /home/zukunft/projects/robotics/robot_basic_simulation/install/sensors/lib/python3.10/site-packages/sensors/camera_pub.py to camera_pub.cpython-310.pyc
[1.589s] running install_data
[1.590s] copying package.xml -> /home/zukunft/projects/robotics/robot_basic_simulation/install/sensors/share/sensors
[1.590s] running install_egg_info
[1.592s] Copying ../../build/sensors/sensors.egg-info to /home/zukunft/projects/robotics/robot_basic_simulation/install/sensors/lib/python3.10/site-packages/sensors-0.0.0-py3.10.egg-info
[1.593s] running install_scripts
[1.614s] writing list of installed files to '/home/zukunft/projects/robotics/robot_basic_simulation/build/sensors/install.log'
[1.691s] Invoked command in '/home/zukunft/projects/robotics/robot_basic_simulation/src/sensors' returned '0': PYTHONPATH=/home/zukunft/projects/robotics/robot_basic_simulation/build/sensors/prefix_override:/home/zukunft/projects/robotics/robot_basic_simulation/install/sensors/lib/python3.10/site-packages:${PYTHONPATH} /usr/bin/python3 setup.py egg_info --egg-base ../../build/sensors build --build-base /home/zukunft/projects/robotics/robot_basic_simulation/build/sensors/build install --record /home/zukunft/projects/robotics/robot_basic_simulation/build/sensors/install.log --single-version-externally-managed
