[1.216s] Invoking command in '/home/zukunft/projects/robotics/robot_basic_simulation/src/my_robot': PYTHONPATH=/home/zukunft/projects/robotics/robot_basic_simulation/src/build/my_robot/prefix_override:/home/zukunft/projects/robotics/robot_basic_simulation/src/install/my_robot/lib/python3.10/site-packages:${PYTHONPATH} /usr/bin/python3 setup.py egg_info --egg-base ../build/my_robot build --build-base /home/zukunft/projects/robotics/robot_basic_simulation/src/build/my_robot/build install --record /home/zukunft/projects/robotics/robot_basic_simulation/src/build/my_robot/install.log --single-version-externally-managed
[1.468s] running egg_info
[1.469s] writing ../build/my_robot/my_robot.egg-info/PKG-INFO
[1.469s] writing dependency_links to ../build/my_robot/my_robot.egg-info/dependency_links.txt
[1.469s] writing entry points to ../build/my_robot/my_robot.egg-info/entry_points.txt
[1.469s] writing requirements to ../build/my_robot/my_robot.egg-info/requires.txt
[1.469s] writing top-level names to ../build/my_robot/my_robot.egg-info/top_level.txt
[1.472s] reading manifest file '../build/my_robot/my_robot.egg-info/SOURCES.txt'
[1.474s] writing manifest file '../build/my_robot/my_robot.egg-info/SOURCES.txt'
[1.474s] running build
[1.474s] running build_py
[1.474s] running install
[1.475s] /usr/lib/python3/dist-packages/setuptools/command/install.py:34: SetuptoolsDeprecationWarning: setup.py install is deprecated. Use build and pip and other standards-based tools.
[1.475s]   warnings.warn(
[1.475s] running install_lib
[1.479s] running install_data
[1.479s] copying package.xml -> /home/zukunft/projects/robotics/robot_basic_simulation/src/install/my_robot/share/my_robot
[1.479s] running install_egg_info
[1.481s] removing '/home/zukunft/projects/robotics/robot_basic_simulation/src/install/my_robot/lib/python3.10/site-packages/my_robot-0.0.0-py3.10.egg-info' (and everything under it)
[1.482s] Copying ../build/my_robot/my_robot.egg-info to /home/zukunft/projects/robotics/robot_basic_simulation/src/install/my_robot/lib/python3.10/site-packages/my_robot-0.0.0-py3.10.egg-info
[1.483s] running install_scripts
[1.516s] writing list of installed files to '/home/zukunft/projects/robotics/robot_basic_simulation/src/build/my_robot/install.log'
[1.599s] Invoked command in '/home/zukunft/projects/robotics/robot_basic_simulation/src/my_robot' returned '0': PYTHONPATH=/home/zukunft/projects/robotics/robot_basic_simulation/src/build/my_robot/prefix_override:/home/zukunft/projects/robotics/robot_basic_simulation/src/install/my_robot/lib/python3.10/site-packages:${PYTHONPATH} /usr/bin/python3 setup.py egg_info --egg-base ../build/my_robot build --build-base /home/zukunft/projects/robotics/robot_basic_simulation/src/build/my_robot/build install --record /home/zukunft/projects/robotics/robot_basic_simulation/src/build/my_robot/install.log --single-version-externally-managed
