[1.788s] Invoking command in '/home/zukunft/projects/robotics/robot_basic_simulation/src/my_robot': PYTHONPATH=/home/zukunft/projects/robotics/robot_basic_simulation/build/my_robot/prefix_override:/home/zukunft/projects/robotics/robot_basic_simulation/install/my_robot/lib/python3.10/site-packages:${PYTHONPATH} /usr/bin/python3 setup.py egg_info --egg-base ../../build/my_robot build --build-base /home/zukunft/projects/robotics/robot_basic_simulation/build/my_robot/build install --record /home/zukunft/projects/robotics/robot_basic_simulation/build/my_robot/install.log --single-version-externally-managed
[2.167s] running egg_info
[2.168s] writing ../../build/my_robot/my_robot.egg-info/PKG-INFO
[2.168s] writing dependency_links to ../../build/my_robot/my_robot.egg-info/dependency_links.txt
[2.169s] writing entry points to ../../build/my_robot/my_robot.egg-info/entry_points.txt
[2.169s] writing requirements to ../../build/my_robot/my_robot.egg-info/requires.txt
[2.169s] writing top-level names to ../../build/my_robot/my_robot.egg-info/top_level.txt
[2.172s] reading manifest file '../../build/my_robot/my_robot.egg-info/SOURCES.txt'
[2.177s] writing manifest file '../../build/my_robot/my_robot.egg-info/SOURCES.txt'
[2.177s] running build
[2.177s] running build_py
[2.177s] running install
[2.178s] /usr/lib/python3/dist-packages/setuptools/command/install.py:34: SetuptoolsDeprecationWarning: setup.py install is deprecated. Use build and pip and other standards-based tools.
[2.178s]   warnings.warn(
[2.178s] running install_lib
[2.180s] running install_data
[2.181s] running install_egg_info
[2.183s] removing '/home/zukunft/projects/robotics/robot_basic_simulation/install/my_robot/lib/python3.10/site-packages/my_robot-0.0.0-py3.10.egg-info' (and everything under it)
[2.184s] Copying ../../build/my_robot/my_robot.egg-info to /home/zukunft/projects/robotics/robot_basic_simulation/install/my_robot/lib/python3.10/site-packages/my_robot-0.0.0-py3.10.egg-info
[2.186s] running install_scripts
[2.226s] writing list of installed files to '/home/zukunft/projects/robotics/robot_basic_simulation/build/my_robot/install.log'
[2.279s] Invoked command in '/home/zukunft/projects/robotics/robot_basic_simulation/src/my_robot' returned '0': PYTHONPATH=/home/zukunft/projects/robotics/robot_basic_simulation/build/my_robot/prefix_override:/home/zukunft/projects/robotics/robot_basic_simulation/install/my_robot/lib/python3.10/site-packages:${PYTHONPATH} /usr/bin/python3 setup.py egg_info --egg-base ../../build/my_robot build --build-base /home/zukunft/projects/robotics/robot_basic_simulation/build/my_robot/build install --record /home/zukunft/projects/robotics/robot_basic_simulation/build/my_robot/install.log --single-version-externally-managed
