[0.822s] Invoking command in '/home/zukunft/robot_sim/src/robot_controller': PYTHONPATH=/home/zukunft/robot_sim/build/robot_controller/prefix_override:/home/zukunft/robot_sim/install/robot_controller/lib/python3.10/site-packages:${PYTHONPATH} /usr/bin/python3 setup.py egg_info --egg-base ../../build/robot_controller build --build-base /home/zukunft/robot_sim/build/robot_controller/build install --record /home/zukunft/robot_sim/build/robot_controller/install.log --single-version-externally-managed
[1.017s] running egg_info
[1.017s] writing ../../build/robot_controller/robot_controller.egg-info/PKG-INFO
[1.017s] writing dependency_links to ../../build/robot_controller/robot_controller.egg-info/dependency_links.txt
[1.018s] writing entry points to ../../build/robot_controller/robot_controller.egg-info/entry_points.txt
[1.018s] writing requirements to ../../build/robot_controller/robot_controller.egg-info/requires.txt
[1.018s] writing top-level names to ../../build/robot_controller/robot_controller.egg-info/top_level.txt
[1.019s] reading manifest file '../../build/robot_controller/robot_controller.egg-info/SOURCES.txt'
[1.020s] writing manifest file '../../build/robot_controller/robot_controller.egg-info/SOURCES.txt'
[1.020s] running build
[1.020s] running build_py
[1.020s] copying robot_controller/controller.py -> /home/zukunft/robot_sim/build/robot_controller/build/lib/robot_controller
[1.020s] running install
[1.021s] /usr/lib/python3/dist-packages/setuptools/command/install.py:34: SetuptoolsDeprecationWarning: setup.py install is deprecated. Use build and pip and other standards-based tools.
[1.021s]   warnings.warn(
[1.021s] running install_lib
[1.021s] copying /home/zukunft/robot_sim/build/robot_controller/build/lib/robot_controller/controller.py -> /home/zukunft/robot_sim/install/robot_controller/lib/python3.10/site-packages/robot_controller
[1.022s] byte-compiling /home/zukunft/robot_sim/install/robot_controller/lib/python3.10/site-packages/robot_controller/controller.py to controller.cpython-310.pyc
[1.022s] running install_data
[1.022s] running install_egg_info
[1.024s] removing '/home/zukunft/robot_sim/install/robot_controller/lib/python3.10/site-packages/robot_controller-0.0.0-py3.10.egg-info' (and everything under it)
[1.024s] Copying ../../build/robot_controller/robot_controller.egg-info to /home/zukunft/robot_sim/install/robot_controller/lib/python3.10/site-packages/robot_controller-0.0.0-py3.10.egg-info
[1.025s] running install_scripts
[1.042s] writing list of installed files to '/home/zukunft/robot_sim/build/robot_controller/install.log'
[1.076s] Invoked command in '/home/zukunft/robot_sim/src/robot_controller' returned '0': PYTHONPATH=/home/zukunft/robot_sim/build/robot_controller/prefix_override:/home/zukunft/robot_sim/install/robot_controller/lib/python3.10/site-packages:${PYTHONPATH} /usr/bin/python3 setup.py egg_info --egg-base ../../build/robot_controller build --build-base /home/zukunft/robot_sim/build/robot_controller/build install --record /home/zukunft/robot_sim/build/robot_controller/install.log --single-version-externally-managed
