[0.741s] Invoking command in '/home/zukunft/robot_sim/src/robot_controller': PYTHONPATH=/home/zukunft/robot_sim/build/robot_controller/prefix_override:/home/zukunft/robot_sim/install/robot_controller/lib/python3.10/site-packages:${PYTHONPATH} /usr/bin/python3 setup.py egg_info --egg-base ../../build/robot_controller build --build-base /home/zukunft/robot_sim/build/robot_controller/build install --record /home/zukunft/robot_sim/build/robot_controller/install.log --single-version-externally-managed
[0.928s] running egg_info
[0.928s] creating ../../build/robot_controller/robot_controller.egg-info
[0.928s] writing ../../build/robot_controller/robot_controller.egg-info/PKG-INFO
[0.928s] writing dependency_links to ../../build/robot_controller/robot_controller.egg-info/dependency_links.txt
[0.928s] writing entry points to ../../build/robot_controller/robot_controller.egg-info/entry_points.txt
[0.928s] writing requirements to ../../build/robot_controller/robot_controller.egg-info/requires.txt
[0.928s] writing top-level names to ../../build/robot_controller/robot_controller.egg-info/top_level.txt
[0.929s] writing manifest file '../../build/robot_controller/robot_controller.egg-info/SOURCES.txt'
[0.930s] reading manifest file '../../build/robot_controller/robot_controller.egg-info/SOURCES.txt'
[0.930s] writing manifest file '../../build/robot_controller/robot_controller.egg-info/SOURCES.txt'
[0.930s] running build
[0.930s] running build_py
[0.930s] creating /home/zukunft/robot_sim/build/robot_controller/build
[0.930s] creating /home/zukunft/robot_sim/build/robot_controller/build/lib
[0.931s] creating /home/zukunft/robot_sim/build/robot_controller/build/lib/robot_controller
[0.931s] copying robot_controller/__init__.py -> /home/zukunft/robot_sim/build/robot_controller/build/lib/robot_controller
[0.931s] running install
[0.931s] /usr/lib/python3/dist-packages/setuptools/command/install.py:34: SetuptoolsDeprecationWarning: setup.py install is deprecated. Use build and pip and other standards-based tools.
[0.931s]   warnings.warn(
[0.931s] running install_lib
[0.931s] creating /home/zukunft/robot_sim/install/robot_controller/lib/python3.10/site-packages/robot_controller
[0.931s] copying /home/zukunft/robot_sim/build/robot_controller/build/lib/robot_controller/__init__.py -> /home/zukunft/robot_sim/install/robot_controller/lib/python3.10/site-packages/robot_controller
[0.932s] byte-compiling /home/zukunft/robot_sim/install/robot_controller/lib/python3.10/site-packages/robot_controller/__init__.py to __init__.cpython-310.pyc
[0.932s] running install_data
[0.932s] creating /home/zukunft/robot_sim/install/robot_controller/share/ament_index
[0.933s] creating /home/zukunft/robot_sim/install/robot_controller/share/ament_index/resource_index
[0.933s] creating /home/zukunft/robot_sim/install/robot_controller/share/ament_index/resource_index/packages
[0.933s] copying resource/robot_controller -> /home/zukunft/robot_sim/install/robot_controller/share/ament_index/resource_index/packages
[0.933s] copying package.xml -> /home/zukunft/robot_sim/install/robot_controller/share/robot_controller
[0.933s] running install_egg_info
[0.934s] Copying ../../build/robot_controller/robot_controller.egg-info to /home/zukunft/robot_sim/install/robot_controller/lib/python3.10/site-packages/robot_controller-0.0.0-py3.10.egg-info
[0.934s] running install_scripts
[0.950s] writing list of installed files to '/home/zukunft/robot_sim/build/robot_controller/install.log'
[0.985s] Invoked command in '/home/zukunft/robot_sim/src/robot_controller' returned '0': PYTHONPATH=/home/zukunft/robot_sim/build/robot_controller/prefix_override:/home/zukunft/robot_sim/install/robot_controller/lib/python3.10/site-packages:${PYTHONPATH} /usr/bin/python3 setup.py egg_info --egg-base ../../build/robot_controller build --build-base /home/zukunft/robot_sim/build/robot_controller/build install --record /home/zukunft/robot_sim/build/robot_controller/install.log --single-version-externally-managed
