[1.066s] Invoking command in '/home/zukunft/projects/robotics/robot_basic_simulation/src/build/robot_controller': PYTHONPATH=/home/zukunft/projects/robotics/robot_basic_simulation/src/build/robot_controller/prefix_override:/home/zukunft/projects/robotics/robot_basic_simulation/src/install/robot_controller/lib/python3.10/site-packages:${PYTHONPATH} /usr/bin/python3 setup.py develop --uninstall --editable --build-directory /home/zukunft/projects/robotics/robot_basic_simulation/src/build/robot_controller/build
[1.310s] running develop
[1.310s] /usr/lib/python3/dist-packages/setuptools/command/easy_install.py:158: EasyInstallDeprecationWarning: easy_install command is deprecated. Use build and pip and other standards-based tools.
[1.310s]   warnings.warn(
[1.313s] /usr/lib/python3/dist-packages/setuptools/command/install.py:34: SetuptoolsDeprecationWarning: setup.py install is deprecated. Use build and pip and other standards-based tools.
[1.313s]   warnings.warn(
[1.511s] Invoked command in '/home/zukunft/projects/robotics/robot_basic_simulation/src/build/robot_controller' returned '0': PYTHONPATH=/home/zukunft/projects/robotics/robot_basic_simulation/src/build/robot_controller/prefix_override:/home/zukunft/projects/robotics/robot_basic_simulation/src/install/robot_controller/lib/python3.10/site-packages:${PYTHONPATH} /usr/bin/python3 setup.py develop --uninstall --editable --build-directory /home/zukunft/projects/robotics/robot_basic_simulation/src/build/robot_controller/build
[1.513s] Invoking command in '/home/zukunft/projects/robotics/robot_basic_simulation/src/robot_controller': PYTHONPATH=/home/zukunft/projects/robotics/robot_basic_simulation/src/build/robot_controller/prefix_override:/home/zukunft/projects/robotics/robot_basic_simulation/src/install/robot_controller/lib/python3.10/site-packages:${PYTHONPATH} /usr/bin/python3 setup.py egg_info --egg-base ../build/robot_controller build --build-base /home/zukunft/projects/robotics/robot_basic_simulation/src/build/robot_controller/build install --record /home/zukunft/projects/robotics/robot_basic_simulation/src/build/robot_controller/install.log --single-version-externally-managed
[1.750s] running egg_info
[1.751s] writing ../build/robot_controller/robot_controller.egg-info/PKG-INFO
[1.751s] writing dependency_links to ../build/robot_controller/robot_controller.egg-info/dependency_links.txt
[1.751s] writing entry points to ../build/robot_controller/robot_controller.egg-info/entry_points.txt
[1.751s] writing requirements to ../build/robot_controller/robot_controller.egg-info/requires.txt
[1.752s] writing top-level names to ../build/robot_controller/robot_controller.egg-info/top_level.txt
[1.754s] reading manifest file '../build/robot_controller/robot_controller.egg-info/SOURCES.txt'
[1.754s] writing manifest file '../build/robot_controller/robot_controller.egg-info/SOURCES.txt'
[1.754s] running build
[1.755s] running build_py
[1.755s] running install
[1.755s] /usr/lib/python3/dist-packages/setuptools/command/install.py:34: SetuptoolsDeprecationWarning: setup.py install is deprecated. Use build and pip and other standards-based tools.
[1.755s]   warnings.warn(
[1.755s] running install_lib
[1.757s] running install_data
[1.757s] running install_egg_info
[1.761s] removing '/home/zukunft/projects/robotics/robot_basic_simulation/src/install/robot_controller/lib/python3.10/site-packages/robot_controller-0.0.0-py3.10.egg-info' (and everything under it)
[1.761s] Copying ../build/robot_controller/robot_controller.egg-info to /home/zukunft/projects/robotics/robot_basic_simulation/src/install/robot_controller/lib/python3.10/site-packages/robot_controller-0.0.0-py3.10.egg-info
[1.762s] running install_scripts
[1.791s] Installing basic_movement script to /home/zukunft/projects/robotics/robot_basic_simulation/src/install/robot_controller/lib/robot_controller
[1.791s] Installing cam_pub script to /home/zukunft/projects/robotics/robot_basic_simulation/src/install/robot_controller/lib/robot_controller
[1.792s] Installing cam_sub script to /home/zukunft/projects/robotics/robot_basic_simulation/src/install/robot_controller/lib/robot_controller
[1.793s] Installing lid_pub script to /home/zukunft/projects/robotics/robot_basic_simulation/src/install/robot_controller/lib/robot_controller
[1.793s] Installing lid_sub script to /home/zukunft/projects/robotics/robot_basic_simulation/src/install/robot_controller/lib/robot_controller
[1.793s] writing list of installed files to '/home/zukunft/projects/robotics/robot_basic_simulation/src/build/robot_controller/install.log'
[1.839s] Invoked command in '/home/zukunft/projects/robotics/robot_basic_simulation/src/robot_controller' returned '0': PYTHONPATH=/home/zukunft/projects/robotics/robot_basic_simulation/src/build/robot_controller/prefix_override:/home/zukunft/projects/robotics/robot_basic_simulation/src/install/robot_controller/lib/python3.10/site-packages:${PYTHONPATH} /usr/bin/python3 setup.py egg_info --egg-base ../build/robot_controller build --build-base /home/zukunft/projects/robotics/robot_basic_simulation/src/build/robot_controller/build install --record /home/zukunft/projects/robotics/robot_basic_simulation/src/build/robot_controller/install.log --single-version-externally-managed
