[0.562s] DEBUG:colcon:Command line arguments: ['/home/zukunft/.local/bin/colcon', 'build']
[0.563s] DEBUG:colcon:Parsed command line arguments: Namespace(log_base=None, log_level=None, verb_name='build', build_base='build', install_base='install', merge_install=False, symlink_install=False, test_result_base=None, continue_on_error=False, executor='parallel', parallel_workers=8, event_handlers=None, ignore_user_meta=False, metas=['./colcon.meta'], base_paths=['.'], packages_ignore=None, packages_ignore_regex=None, paths=None, packages_up_to=None, packages_up_to_regex=None, packages_above=None, packages_above_and_dependencies=None, packages_above_depth=None, packages_select_by_dep=None, packages_skip_by_dep=None, packages_skip_up_to=None, packages_select_build_failed=False, packages_skip_build_finished=False, packages_select_test_failures=False, packages_skip_test_passed=False, packages_select=None, packages_skip=None, packages_select_regex=None, packages_skip_regex=None, packages_start=None, packages_end=None, allow_overriding=[], cmake_args=None, cmake_target=None, cmake_target_skip_unavailable=False, cmake_clean_cache=False, cmake_clean_first=False, cmake_force_configure=False, ament_cmake_args=None, catkin_cmake_args=None, catkin_skip_building_tests=False, verb_parser=<colcon_defaults.argument_parser.defaults.DefaultArgumentsDecorator object at 0x7f23deb2a320>, verb_extension=<colcon_core.verb.build.BuildVerb object at 0x7f23df618430>, main=<bound method BuildVerb.main of <colcon_core.verb.build.BuildVerb object at 0x7f23df618430>>)
[0.599s] Level 1:colcon.colcon_core.package_discovery:discover_packages(colcon_meta) check parameters
[0.599s] Level 1:colcon.colcon_core.package_discovery:discover_packages(recursive) check parameters
[0.599s] Level 1:colcon.colcon_core.package_discovery:discover_packages(ignore) check parameters
[0.599s] Level 1:colcon.colcon_core.package_discovery:discover_packages(path) check parameters
[0.599s] Level 1:colcon.colcon_core.package_discovery:discover_packages(colcon_meta) discover
[0.599s] Level 1:colcon.colcon_core.package_discovery:discover_packages(recursive) discover
[0.599s] INFO:colcon.colcon_core.package_discovery:Crawling recursively for packages in '/home/zukunft/projects/robotics/robot_basic_simulation'
[0.600s] Level 1:colcon.colcon_core.package_identification:_identify(.) by extensions ['ignore', 'ignore_ament_install']
[0.600s] Level 1:colcon.colcon_core.package_identification:_identify(.) by extension 'ignore'
[0.600s] Level 1:colcon.colcon_core.package_identification:_identify(.) by extension 'ignore_ament_install'
[0.600s] Level 1:colcon.colcon_core.package_identification:_identify(.) by extensions ['colcon_pkg']
[0.600s] Level 1:colcon.colcon_core.package_identification:_identify(.) by extension 'colcon_pkg'
[0.600s] Level 1:colcon.colcon_core.package_identification:_identify(.) by extensions ['colcon_meta']
[0.600s] Level 1:colcon.colcon_core.package_identification:_identify(.) by extension 'colcon_meta'
[0.600s] Level 1:colcon.colcon_core.package_identification:_identify(.) by extensions ['ros']
[0.600s] Level 1:colcon.colcon_core.package_identification:_identify(.) by extension 'ros'
[0.611s] Level 1:colcon.colcon_core.package_identification:_identify(.) by extensions ['cmake', 'python']
[0.611s] Level 1:colcon.colcon_core.package_identification:_identify(.) by extension 'cmake'
[0.612s] Level 1:colcon.colcon_core.package_identification:_identify(.) by extension 'python'
[0.612s] Level 1:colcon.colcon_core.package_identification:_identify(.) by extensions ['python_setup_py']
[0.612s] Level 1:colcon.colcon_core.package_identification:_identify(.) by extension 'python_setup_py'
[0.612s] Level 1:colcon.colcon_core.package_identification:_identify(build) by extensions ['ignore', 'ignore_ament_install']
[0.612s] Level 1:colcon.colcon_core.package_identification:_identify(build) by extension 'ignore'
[0.612s] Level 1:colcon.colcon_core.package_identification:_identify(build) ignored
[0.612s] Level 1:colcon.colcon_core.package_identification:_identify(install) by extensions ['ignore', 'ignore_ament_install']
[0.612s] Level 1:colcon.colcon_core.package_identification:_identify(install) by extension 'ignore'
[0.612s] Level 1:colcon.colcon_core.package_identification:_identify(install) ignored
[0.612s] Level 1:colcon.colcon_core.package_identification:_identify(log) by extensions ['ignore', 'ignore_ament_install']
[0.612s] Level 1:colcon.colcon_core.package_identification:_identify(log) by extension 'ignore'
[0.612s] Level 1:colcon.colcon_core.package_identification:_identify(log) ignored
[0.612s] Level 1:colcon.colcon_core.package_identification:_identify(src) by extensions ['ignore', 'ignore_ament_install']
[0.613s] Level 1:colcon.colcon_core.package_identification:_identify(src) by extension 'ignore'
[0.613s] Level 1:colcon.colcon_core.package_identification:_identify(src) by extension 'ignore_ament_install'
[0.613s] Level 1:colcon.colcon_core.package_identification:_identify(src) by extensions ['colcon_pkg']
[0.613s] Level 1:colcon.colcon_core.package_identification:_identify(src) by extension 'colcon_pkg'
[0.613s] Level 1:colcon.colcon_core.package_identification:_identify(src) by extensions ['colcon_meta']
[0.613s] Level 1:colcon.colcon_core.package_identification:_identify(src) by extension 'colcon_meta'
[0.613s] Level 1:colcon.colcon_core.package_identification:_identify(src) by extensions ['ros']
[0.613s] Level 1:colcon.colcon_core.package_identification:_identify(src) by extension 'ros'
[0.613s] Level 1:colcon.colcon_core.package_identification:_identify(src) by extensions ['cmake', 'python']
[0.613s] Level 1:colcon.colcon_core.package_identification:_identify(src) by extension 'cmake'
[0.613s] Level 1:colcon.colcon_core.package_identification:_identify(src) by extension 'python'
[0.613s] Level 1:colcon.colcon_core.package_identification:_identify(src) by extensions ['python_setup_py']
[0.613s] Level 1:colcon.colcon_core.package_identification:_identify(src) by extension 'python_setup_py'
[0.613s] Level 1:colcon.colcon_core.package_identification:_identify(src/build) by extensions ['ignore', 'ignore_ament_install']
[0.613s] Level 1:colcon.colcon_core.package_identification:_identify(src/build) by extension 'ignore'
[0.613s] Level 1:colcon.colcon_core.package_identification:_identify(src/build) ignored
[0.613s] Level 1:colcon.colcon_core.package_identification:_identify(src/install) by extensions ['ignore', 'ignore_ament_install']
[0.613s] Level 1:colcon.colcon_core.package_identification:_identify(src/install) by extension 'ignore'
[0.614s] Level 1:colcon.colcon_core.package_identification:_identify(src/install) ignored
[0.614s] Level 1:colcon.colcon_core.package_identification:_identify(src/log) by extensions ['ignore', 'ignore_ament_install']
[0.614s] Level 1:colcon.colcon_core.package_identification:_identify(src/log) by extension 'ignore'
[0.614s] Level 1:colcon.colcon_core.package_identification:_identify(src/log) ignored
[0.614s] Level 1:colcon.colcon_core.package_identification:_identify(src/my_robot) by extensions ['ignore', 'ignore_ament_install']
[0.614s] Level 1:colcon.colcon_core.package_identification:_identify(src/my_robot) by extension 'ignore'
[0.614s] Level 1:colcon.colcon_core.package_identification:_identify(src/my_robot) by extension 'ignore_ament_install'
[0.614s] Level 1:colcon.colcon_core.package_identification:_identify(src/my_robot) by extensions ['colcon_pkg']
[0.614s] Level 1:colcon.colcon_core.package_identification:_identify(src/my_robot) by extension 'colcon_pkg'
[0.614s] Level 1:colcon.colcon_core.package_identification:_identify(src/my_robot) by extensions ['colcon_meta']
[0.614s] Level 1:colcon.colcon_core.package_identification:_identify(src/my_robot) by extension 'colcon_meta'
[0.614s] Level 1:colcon.colcon_core.package_identification:_identify(src/my_robot) by extensions ['ros']
[0.614s] Level 1:colcon.colcon_core.package_identification:_identify(src/my_robot) by extension 'ros'
[0.617s] DEBUG:colcon.colcon_core.package_identification:Package 'src/my_robot' with type 'ros.ament_python' and name 'my_robot'
[0.617s] Level 1:colcon.colcon_core.package_identification:_identify(src/robot_controller) by extensions ['ignore', 'ignore_ament_install']
[0.617s] Level 1:colcon.colcon_core.package_identification:_identify(src/robot_controller) by extension 'ignore'
[0.617s] Level 1:colcon.colcon_core.package_identification:_identify(src/robot_controller) by extension 'ignore_ament_install'
[0.617s] Level 1:colcon.colcon_core.package_identification:_identify(src/robot_controller) by extensions ['colcon_pkg']
[0.617s] Level 1:colcon.colcon_core.package_identification:_identify(src/robot_controller) by extension 'colcon_pkg'
[0.617s] Level 1:colcon.colcon_core.package_identification:_identify(src/robot_controller) by extensions ['colcon_meta']
[0.617s] Level 1:colcon.colcon_core.package_identification:_identify(src/robot_controller) by extension 'colcon_meta'
[0.617s] Level 1:colcon.colcon_core.package_identification:_identify(src/robot_controller) by extensions ['ros']
[0.617s] Level 1:colcon.colcon_core.package_identification:_identify(src/robot_controller) by extension 'ros'
[0.618s] DEBUG:colcon.colcon_core.package_identification:Package 'src/robot_controller' with type 'ros.ament_python' and name 'robot_controller'
[0.618s] Level 1:colcon.colcon_core.package_identification:_identify(src/sensors) by extensions ['ignore', 'ignore_ament_install']
[0.618s] Level 1:colcon.colcon_core.package_identification:_identify(src/sensors) by extension 'ignore'
[0.618s] Level 1:colcon.colcon_core.package_identification:_identify(src/sensors) by extension 'ignore_ament_install'
[0.618s] Level 1:colcon.colcon_core.package_identification:_identify(src/sensors) by extensions ['colcon_pkg']
[0.618s] Level 1:colcon.colcon_core.package_identification:_identify(src/sensors) by extension 'colcon_pkg'
[0.618s] Level 1:colcon.colcon_core.package_identification:_identify(src/sensors) by extensions ['colcon_meta']
[0.618s] Level 1:colcon.colcon_core.package_identification:_identify(src/sensors) by extension 'colcon_meta'
[0.619s] Level 1:colcon.colcon_core.package_identification:_identify(src/sensors) by extensions ['ros']
[0.619s] Level 1:colcon.colcon_core.package_identification:_identify(src/sensors) by extension 'ros'
[0.619s] DEBUG:colcon.colcon_core.package_identification:Package 'src/sensors' with type 'ros.ament_python' and name 'sensors'
[0.619s] Level 1:colcon.colcon_core.package_discovery:discover_packages(recursive) using defaults
[0.619s] Level 1:colcon.colcon_core.package_discovery:discover_packages(ignore) discover
[0.619s] Level 1:colcon.colcon_core.package_discovery:discover_packages(ignore) using defaults
[0.619s] Level 1:colcon.colcon_core.package_discovery:discover_packages(path) discover
[0.619s] Level 1:colcon.colcon_core.package_discovery:discover_packages(path) using defaults
[0.656s] Level 1:colcon.colcon_core.package_discovery:discover_packages(prefix_path) check parameters
[0.656s] Level 1:colcon.colcon_core.package_discovery:discover_packages(prefix_path) discover
[0.664s] DEBUG:colcon.colcon_installed_package_information.package_discovery:Found 1 installed packages in /home/zukunft/agv_ws/install
[0.668s] DEBUG:colcon.colcon_installed_package_information.package_discovery:Found 338 installed packages in /opt/ros/humble
[0.670s] Level 1:colcon.colcon_core.package_discovery:discover_packages(prefix_path) using defaults
[0.747s] Level 5:colcon.colcon_core.verb:set package 'my_robot' build argument 'cmake_args' from command line to 'None'
[0.747s] Level 5:colcon.colcon_core.verb:set package 'my_robot' build argument 'cmake_target' from command line to 'None'
[0.748s] Level 5:colcon.colcon_core.verb:set package 'my_robot' build argument 'cmake_target_skip_unavailable' from command line to 'False'
[0.748s] Level 5:colcon.colcon_core.verb:set package 'my_robot' build argument 'cmake_clean_cache' from command line to 'False'
[0.748s] Level 5:colcon.colcon_core.verb:set package 'my_robot' build argument 'cmake_clean_first' from command line to 'False'
[0.748s] Level 5:colcon.colcon_core.verb:set package 'my_robot' build argument 'cmake_force_configure' from command line to 'False'
[0.748s] Level 5:colcon.colcon_core.verb:set package 'my_robot' build argument 'ament_cmake_args' from command line to 'None'
[0.748s] Level 5:colcon.colcon_core.verb:set package 'my_robot' build argument 'catkin_cmake_args' from command line to 'None'
[0.748s] Level 5:colcon.colcon_core.verb:set package 'my_robot' build argument 'catkin_skip_building_tests' from command line to 'False'
[0.748s] DEBUG:colcon.colcon_core.verb:Building package 'my_robot' with the following arguments: {'ament_cmake_args': None, 'build_base': '/home/zukunft/projects/robotics/robot_basic_simulation/build/my_robot', 'catkin_cmake_args': None, 'catkin_skip_building_tests': False, 'cmake_args': None, 'cmake_clean_cache': False, 'cmake_clean_first': False, 'cmake_force_configure': False, 'cmake_target': None, 'cmake_target_skip_unavailable': False, 'install_base': '/home/zukunft/projects/robotics/robot_basic_simulation/install/my_robot', 'merge_install': False, 'path': '/home/zukunft/projects/robotics/robot_basic_simulation/src/my_robot', 'symlink_install': False, 'test_result_base': None}
[0.754s] Level 5:colcon.colcon_core.verb:set package 'robot_controller' build argument 'cmake_args' from command line to 'None'
[0.754s] Level 5:colcon.colcon_core.verb:set package 'robot_controller' build argument 'cmake_target' from command line to 'None'
[0.754s] Level 5:colcon.colcon_core.verb:set package 'robot_controller' build argument 'cmake_target_skip_unavailable' from command line to 'False'
[0.754s] Level 5:colcon.colcon_core.verb:set package 'robot_controller' build argument 'cmake_clean_cache' from command line to 'False'
[0.754s] Level 5:colcon.colcon_core.verb:set package 'robot_controller' build argument 'cmake_clean_first' from command line to 'False'
[0.754s] Level 5:colcon.colcon_core.verb:set package 'robot_controller' build argument 'cmake_force_configure' from command line to 'False'
[0.754s] Level 5:colcon.colcon_core.verb:set package 'robot_controller' build argument 'ament_cmake_args' from command line to 'None'
[0.754s] Level 5:colcon.colcon_core.verb:set package 'robot_controller' build argument 'catkin_cmake_args' from command line to 'None'
[0.754s] Level 5:colcon.colcon_core.verb:set package 'robot_controller' build argument 'catkin_skip_building_tests' from command line to 'False'
[0.755s] DEBUG:colcon.colcon_core.verb:Building package 'robot_controller' with the following arguments: {'ament_cmake_args': None, 'build_base': '/home/zukunft/projects/robotics/robot_basic_simulation/build/robot_controller', 'catkin_cmake_args': None, 'catkin_skip_building_tests': False, 'cmake_args': None, 'cmake_clean_cache': False, 'cmake_clean_first': False, 'cmake_force_configure': False, 'cmake_target': None, 'cmake_target_skip_unavailable': False, 'install_base': '/home/zukunft/projects/robotics/robot_basic_simulation/install/robot_controller', 'merge_install': False, 'path': '/home/zukunft/projects/robotics/robot_basic_simulation/src/robot_controller', 'symlink_install': False, 'test_result_base': None}
[0.762s] Level 5:colcon.colcon_core.verb:set package 'sensors' build argument 'cmake_args' from command line to 'None'
[0.762s] Level 5:colcon.colcon_core.verb:set package 'sensors' build argument 'cmake_target' from command line to 'None'
[0.762s] Level 5:colcon.colcon_core.verb:set package 'sensors' build argument 'cmake_target_skip_unavailable' from command line to 'False'
[0.762s] Level 5:colcon.colcon_core.verb:set package 'sensors' build argument 'cmake_clean_cache' from command line to 'False'
[0.762s] Level 5:colcon.colcon_core.verb:set package 'sensors' build argument 'cmake_clean_first' from command line to 'False'
[0.762s] Level 5:colcon.colcon_core.verb:set package 'sensors' build argument 'cmake_force_configure' from command line to 'False'
[0.762s] Level 5:colcon.colcon_core.verb:set package 'sensors' build argument 'ament_cmake_args' from command line to 'None'
[0.762s] Level 5:colcon.colcon_core.verb:set package 'sensors' build argument 'catkin_cmake_args' from command line to 'None'
[0.762s] Level 5:colcon.colcon_core.verb:set package 'sensors' build argument 'catkin_skip_building_tests' from command line to 'False'
[0.763s] DEBUG:colcon.colcon_core.verb:Building package 'sensors' with the following arguments: {'ament_cmake_args': None, 'build_base': '/home/zukunft/projects/robotics/robot_basic_simulation/build/sensors', 'catkin_cmake_args': None, 'catkin_skip_building_tests': False, 'cmake_args': None, 'cmake_clean_cache': False, 'cmake_clean_first': False, 'cmake_force_configure': False, 'cmake_target': None, 'cmake_target_skip_unavailable': False, 'install_base': '/home/zukunft/projects/robotics/robot_basic_simulation/install/sensors', 'merge_install': False, 'path': '/home/zukunft/projects/robotics/robot_basic_simulation/src/sensors', 'symlink_install': False, 'test_result_base': None}
[0.764s] INFO:colcon.colcon_core.executor:Executing jobs using 'parallel' executor
[0.773s] DEBUG:colcon.colcon_parallel_executor.executor.parallel:run_until_complete
[0.774s] INFO:colcon.colcon_ros.task.ament_python.build:Building ROS package in '/home/zukunft/projects/robotics/robot_basic_simulation/src/my_robot' with build type 'ament_python'
[0.774s] Level 1:colcon.colcon_core.shell:create_environment_hook('my_robot', 'ament_prefix_path')
[0.783s] INFO:colcon.colcon_core.plugin_system:Skipping extension 'colcon_core.shell.bat': Not used on non-Windows systems
[0.783s] INFO:colcon.colcon_core.shell:Creating environment hook '/home/zukunft/projects/robotics/robot_basic_simulation/install/my_robot/share/my_robot/hook/ament_prefix_path.ps1'
[0.784s] INFO:colcon.colcon_core.shell:Creating environment descriptor '/home/zukunft/projects/robotics/robot_basic_simulation/install/my_robot/share/my_robot/hook/ament_prefix_path.dsv'
[0.784s] INFO:colcon.colcon_core.shell:Creating environment hook '/home/zukunft/projects/robotics/robot_basic_simulation/install/my_robot/share/my_robot/hook/ament_prefix_path.sh'
[0.789s] INFO:colcon.colcon_core.shell:Skip shell extension 'powershell' for command environment: Not usable outside of PowerShell
[0.789s] DEBUG:colcon.colcon_core.shell:Skip shell extension 'dsv' for command environment
[0.803s] INFO:colcon.colcon_ros.task.ament_python.build:Building ROS package in '/home/zukunft/projects/robotics/robot_basic_simulation/src/robot_controller' with build type 'ament_python'
[0.804s] Level 1:colcon.colcon_core.shell:create_environment_hook('robot_controller', 'ament_prefix_path')
[0.809s] INFO:colcon.colcon_core.shell:Creating environment hook '/home/zukunft/projects/robotics/robot_basic_simulation/install/robot_controller/share/robot_controller/hook/ament_prefix_path.ps1'
[0.810s] INFO:colcon.colcon_core.shell:Creating environment descriptor '/home/zukunft/projects/robotics/robot_basic_simulation/install/robot_controller/share/robot_controller/hook/ament_prefix_path.dsv'
[0.810s] INFO:colcon.colcon_core.shell:Creating environment hook '/home/zukunft/projects/robotics/robot_basic_simulation/install/robot_controller/share/robot_controller/hook/ament_prefix_path.sh'
[0.816s] INFO:colcon.colcon_core.shell:Skip shell extension 'powershell' for command environment: Not usable outside of PowerShell
[0.816s] DEBUG:colcon.colcon_core.shell:Skip shell extension 'dsv' for command environment
[0.834s] INFO:colcon.colcon_ros.task.ament_python.build:Building ROS package in '/home/zukunft/projects/robotics/robot_basic_simulation/src/sensors' with build type 'ament_python'
[0.834s] Level 1:colcon.colcon_core.shell:create_environment_hook('sensors', 'ament_prefix_path')
[0.840s] INFO:colcon.colcon_core.shell:Creating environment hook '/home/zukunft/projects/robotics/robot_basic_simulation/install/sensors/share/sensors/hook/ament_prefix_path.ps1'
[0.841s] INFO:colcon.colcon_core.shell:Creating environment descriptor '/home/zukunft/projects/robotics/robot_basic_simulation/install/sensors/share/sensors/hook/ament_prefix_path.dsv'
[0.842s] INFO:colcon.colcon_core.shell:Creating environment hook '/home/zukunft/projects/robotics/robot_basic_simulation/install/sensors/share/sensors/hook/ament_prefix_path.sh'
[0.847s] INFO:colcon.colcon_core.shell:Skip shell extension 'powershell' for command environment: Not usable outside of PowerShell
[0.848s] DEBUG:colcon.colcon_core.shell:Skip shell extension 'dsv' for command environment
[1.206s] INFO:colcon.colcon_core.task.python.build:Building Python package in '/home/zukunft/projects/robotics/robot_basic_simulation/src/my_robot'
[1.211s] INFO:colcon.colcon_core.shell:Skip shell extension 'powershell' for command environment: Not usable outside of PowerShell
[1.211s] DEBUG:colcon.colcon_core.shell:Skip shell extension 'dsv' for command environment
[1.548s] INFO:colcon.colcon_core.task.python.build:Building Python package in '/home/zukunft/projects/robotics/robot_basic_simulation/src/robot_controller'
[1.553s] INFO:colcon.colcon_core.shell:Skip shell extension 'powershell' for command environment: Not usable outside of PowerShell
[1.553s] DEBUG:colcon.colcon_core.shell:Skip shell extension 'dsv' for command environment
[1.922s] INFO:colcon.colcon_core.task.python.build:Building Python package in '/home/zukunft/projects/robotics/robot_basic_simulation/src/sensors'
[1.927s] INFO:colcon.colcon_core.shell:Skip shell extension 'powershell' for command environment: Not usable outside of PowerShell
[1.927s] DEBUG:colcon.colcon_core.shell:Skip shell extension 'dsv' for command environment
[2.564s] DEBUG:colcon.colcon_core.event_handler.log_command:Invoking command in '/home/zukunft/projects/robotics/robot_basic_simulation/src/my_robot': PYTHONPATH=/home/zukunft/projects/robotics/robot_basic_simulation/build/my_robot/prefix_override:/home/zukunft/projects/robotics/robot_basic_simulation/install/my_robot/lib/python3.10/site-packages:${PYTHONPATH} /usr/bin/python3 setup.py egg_info --egg-base ../../build/my_robot build --build-base /home/zukunft/projects/robotics/robot_basic_simulation/build/my_robot/build install --record /home/zukunft/projects/robotics/robot_basic_simulation/build/my_robot/install.log --single-version-externally-managed
[2.584s] DEBUG:colcon.colcon_core.event_handler.log_command:Invoking command in '/home/zukunft/projects/robotics/robot_basic_simulation/src/robot_controller': PYTHONPATH=/home/zukunft/projects/robotics/robot_basic_simulation/build/robot_controller/prefix_override:/home/zukunft/projects/robotics/robot_basic_simulation/install/robot_controller/lib/python3.10/site-packages:${PYTHONPATH} /usr/bin/python3 setup.py egg_info --egg-base ../../build/robot_controller build --build-base /home/zukunft/projects/robotics/robot_basic_simulation/build/robot_controller/build install --record /home/zukunft/projects/robotics/robot_basic_simulation/build/robot_controller/install.log --single-version-externally-managed
[2.592s] DEBUG:colcon.colcon_core.event_handler.log_command:Invoking command in '/home/zukunft/projects/robotics/robot_basic_simulation/src/sensors': PYTHONPATH=/home/zukunft/projects/robotics/robot_basic_simulation/build/sensors/prefix_override:/home/zukunft/projects/robotics/robot_basic_simulation/install/sensors/lib/python3.10/site-packages:${PYTHONPATH} /usr/bin/python3 setup.py egg_info --egg-base ../../build/sensors build --build-base /home/zukunft/projects/robotics/robot_basic_simulation/build/sensors/build install --record /home/zukunft/projects/robotics/robot_basic_simulation/build/sensors/install.log --single-version-externally-managed
[3.055s] DEBUG:colcon.colcon_core.event_handler.log_command:Invoked command in '/home/zukunft/projects/robotics/robot_basic_simulation/src/my_robot' returned '0': PYTHONPATH=/home/zukunft/projects/robotics/robot_basic_simulation/build/my_robot/prefix_override:/home/zukunft/projects/robotics/robot_basic_simulation/install/my_robot/lib/python3.10/site-packages:${PYTHONPATH} /usr/bin/python3 setup.py egg_info --egg-base ../../build/my_robot build --build-base /home/zukunft/projects/robotics/robot_basic_simulation/build/my_robot/build install --record /home/zukunft/projects/robotics/robot_basic_simulation/build/my_robot/install.log --single-version-externally-managed
[3.071s] Level 1:colcon.colcon_core.environment:checking '/home/zukunft/projects/robotics/robot_basic_simulation/install/my_robot' for CMake module files
[3.072s] Level 1:colcon.colcon_core.environment:checking '/home/zukunft/projects/robotics/robot_basic_simulation/install/my_robot' for CMake config files
[3.073s] Level 1:colcon.colcon_core.environment:checking '/home/zukunft/projects/robotics/robot_basic_simulation/install/my_robot/lib'
[3.073s] Level 1:colcon.colcon_core.environment:checking '/home/zukunft/projects/robotics/robot_basic_simulation/install/my_robot/bin'
[3.073s] Level 1:colcon.colcon_core.environment:checking '/home/zukunft/projects/robotics/robot_basic_simulation/install/my_robot/lib/pkgconfig/my_robot.pc'
[3.074s] Level 1:colcon.colcon_core.environment:checking '/home/zukunft/projects/robotics/robot_basic_simulation/install/my_robot/lib/python3.10/site-packages'
[3.074s] Level 1:colcon.colcon_core.shell:create_environment_hook('my_robot', 'pythonpath')
[3.082s] INFO:colcon.colcon_core.shell:Creating environment hook '/home/zukunft/projects/robotics/robot_basic_simulation/install/my_robot/share/my_robot/hook/pythonpath.ps1'
[3.083s] INFO:colcon.colcon_core.shell:Creating environment descriptor '/home/zukunft/projects/robotics/robot_basic_simulation/install/my_robot/share/my_robot/hook/pythonpath.dsv'
[3.084s] INFO:colcon.colcon_core.shell:Creating environment hook '/home/zukunft/projects/robotics/robot_basic_simulation/install/my_robot/share/my_robot/hook/pythonpath.sh'
[3.084s] Level 1:colcon.colcon_core.environment:checking '/home/zukunft/projects/robotics/robot_basic_simulation/install/my_robot/bin'
[3.084s] Level 1:colcon.colcon_core.environment:create_environment_scripts_only(my_robot)
[3.090s] INFO:colcon.colcon_core.shell:Creating package script '/home/zukunft/projects/robotics/robot_basic_simulation/install/my_robot/share/my_robot/package.ps1'
[3.091s] INFO:colcon.colcon_core.shell:Creating package descriptor '/home/zukunft/projects/robotics/robot_basic_simulation/install/my_robot/share/my_robot/package.dsv'
[3.092s] INFO:colcon.colcon_core.shell:Creating package script '/home/zukunft/projects/robotics/robot_basic_simulation/install/my_robot/share/my_robot/package.sh'
[3.093s] INFO:colcon.colcon_core.shell:Creating package script '/home/zukunft/projects/robotics/robot_basic_simulation/install/my_robot/share/my_robot/package.bash'
[3.094s] INFO:colcon.colcon_core.shell:Creating package script '/home/zukunft/projects/robotics/robot_basic_simulation/install/my_robot/share/my_robot/package.zsh'
[3.096s] Level 1:colcon.colcon_core.environment:create_file_with_runtime_dependencies(/home/zukunft/projects/robotics/robot_basic_simulation/install/my_robot/share/colcon-core/packages/my_robot)
[3.107s] Level 1:colcon.colcon_core.environment:checking '/home/zukunft/projects/robotics/robot_basic_simulation/install/sensors' for CMake module files
[3.108s] DEBUG:colcon.colcon_core.event_handler.log_command:Invoked command in '/home/zukunft/projects/robotics/robot_basic_simulation/src/sensors' returned '0': PYTHONPATH=/home/zukunft/projects/robotics/robot_basic_simulation/build/sensors/prefix_override:/home/zukunft/projects/robotics/robot_basic_simulation/install/sensors/lib/python3.10/site-packages:${PYTHONPATH} /usr/bin/python3 setup.py egg_info --egg-base ../../build/sensors build --build-base /home/zukunft/projects/robotics/robot_basic_simulation/build/sensors/build install --record /home/zukunft/projects/robotics/robot_basic_simulation/build/sensors/install.log --single-version-externally-managed
[3.108s] Level 1:colcon.colcon_core.environment:checking '/home/zukunft/projects/robotics/robot_basic_simulation/install/sensors' for CMake config files
[3.109s] Level 1:colcon.colcon_core.environment:checking '/home/zukunft/projects/robotics/robot_basic_simulation/install/sensors/lib'
[3.109s] Level 1:colcon.colcon_core.environment:checking '/home/zukunft/projects/robotics/robot_basic_simulation/install/sensors/bin'
[3.109s] Level 1:colcon.colcon_core.environment:checking '/home/zukunft/projects/robotics/robot_basic_simulation/install/sensors/lib/pkgconfig/sensors.pc'
[3.109s] Level 1:colcon.colcon_core.environment:checking '/home/zukunft/projects/robotics/robot_basic_simulation/install/sensors/lib/python3.10/site-packages'
[3.110s] Level 1:colcon.colcon_core.shell:create_environment_hook('sensors', 'pythonpath')
[3.115s] INFO:colcon.colcon_core.shell:Creating environment hook '/home/zukunft/projects/robotics/robot_basic_simulation/install/sensors/share/sensors/hook/pythonpath.ps1'
[3.115s] INFO:colcon.colcon_core.shell:Creating environment descriptor '/home/zukunft/projects/robotics/robot_basic_simulation/install/sensors/share/sensors/hook/pythonpath.dsv'
[3.116s] INFO:colcon.colcon_core.shell:Creating environment hook '/home/zukunft/projects/robotics/robot_basic_simulation/install/sensors/share/sensors/hook/pythonpath.sh'
[3.116s] Level 1:colcon.colcon_core.environment:checking '/home/zukunft/projects/robotics/robot_basic_simulation/install/sensors/bin'
[3.116s] Level 1:colcon.colcon_core.environment:create_environment_scripts_only(sensors)
[3.123s] INFO:colcon.colcon_core.shell:Creating package script '/home/zukunft/projects/robotics/robot_basic_simulation/install/sensors/share/sensors/package.ps1'
[3.123s] INFO:colcon.colcon_core.shell:Creating package descriptor '/home/zukunft/projects/robotics/robot_basic_simulation/install/sensors/share/sensors/package.dsv'
[3.124s] INFO:colcon.colcon_core.shell:Creating package script '/home/zukunft/projects/robotics/robot_basic_simulation/install/sensors/share/sensors/package.sh'
[3.125s] INFO:colcon.colcon_core.shell:Creating package script '/home/zukunft/projects/robotics/robot_basic_simulation/install/sensors/share/sensors/package.bash'
[3.125s] INFO:colcon.colcon_core.shell:Creating package script '/home/zukunft/projects/robotics/robot_basic_simulation/install/sensors/share/sensors/package.zsh'
[3.125s] Level 1:colcon.colcon_core.environment:create_file_with_runtime_dependencies(/home/zukunft/projects/robotics/robot_basic_simulation/install/sensors/share/colcon-core/packages/sensors)
[3.132s] Level 1:colcon.colcon_core.environment:checking '/home/zukunft/projects/robotics/robot_basic_simulation/install/robot_controller' for CMake module files
[3.134s] DEBUG:colcon.colcon_core.event_handler.log_command:Invoked command in '/home/zukunft/projects/robotics/robot_basic_simulation/src/robot_controller' returned '0': PYTHONPATH=/home/zukunft/projects/robotics/robot_basic_simulation/build/robot_controller/prefix_override:/home/zukunft/projects/robotics/robot_basic_simulation/install/robot_controller/lib/python3.10/site-packages:${PYTHONPATH} /usr/bin/python3 setup.py egg_info --egg-base ../../build/robot_controller build --build-base /home/zukunft/projects/robotics/robot_basic_simulation/build/robot_controller/build install --record /home/zukunft/projects/robotics/robot_basic_simulation/build/robot_controller/install.log --single-version-externally-managed
[3.134s] Level 1:colcon.colcon_core.environment:checking '/home/zukunft/projects/robotics/robot_basic_simulation/install/robot_controller' for CMake config files
[3.135s] Level 1:colcon.colcon_core.environment:checking '/home/zukunft/projects/robotics/robot_basic_simulation/install/robot_controller/lib'
[3.136s] Level 1:colcon.colcon_core.environment:checking '/home/zukunft/projects/robotics/robot_basic_simulation/install/robot_controller/bin'
[3.136s] Level 1:colcon.colcon_core.environment:checking '/home/zukunft/projects/robotics/robot_basic_simulation/install/robot_controller/lib/pkgconfig/robot_controller.pc'
[3.136s] Level 1:colcon.colcon_core.environment:checking '/home/zukunft/projects/robotics/robot_basic_simulation/install/robot_controller/lib/python3.10/site-packages'
[3.136s] Level 1:colcon.colcon_core.shell:create_environment_hook('robot_controller', 'pythonpath')
[3.143s] INFO:colcon.colcon_core.shell:Creating environment hook '/home/zukunft/projects/robotics/robot_basic_simulation/install/robot_controller/share/robot_controller/hook/pythonpath.ps1'
[3.144s] INFO:colcon.colcon_core.shell:Creating environment descriptor '/home/zukunft/projects/robotics/robot_basic_simulation/install/robot_controller/share/robot_controller/hook/pythonpath.dsv'
[3.144s] INFO:colcon.colcon_core.shell:Creating environment hook '/home/zukunft/projects/robotics/robot_basic_simulation/install/robot_controller/share/robot_controller/hook/pythonpath.sh'
[3.145s] Level 1:colcon.colcon_core.environment:checking '/home/zukunft/projects/robotics/robot_basic_simulation/install/robot_controller/bin'
[3.145s] Level 1:colcon.colcon_core.environment:create_environment_scripts_only(robot_controller)
[3.154s] INFO:colcon.colcon_core.shell:Creating package script '/home/zukunft/projects/robotics/robot_basic_simulation/install/robot_controller/share/robot_controller/package.ps1'
[3.155s] INFO:colcon.colcon_core.shell:Creating package descriptor '/home/zukunft/projects/robotics/robot_basic_simulation/install/robot_controller/share/robot_controller/package.dsv'
[3.156s] INFO:colcon.colcon_core.shell:Creating package script '/home/zukunft/projects/robotics/robot_basic_simulation/install/robot_controller/share/robot_controller/package.sh'
[3.157s] INFO:colcon.colcon_core.shell:Creating package script '/home/zukunft/projects/robotics/robot_basic_simulation/install/robot_controller/share/robot_controller/package.bash'
[3.158s] INFO:colcon.colcon_core.shell:Creating package script '/home/zukunft/projects/robotics/robot_basic_simulation/install/robot_controller/share/robot_controller/package.zsh'
[3.158s] Level 1:colcon.colcon_core.environment:create_file_with_runtime_dependencies(/home/zukunft/projects/robotics/robot_basic_simulation/install/robot_controller/share/colcon-core/packages/robot_controller)
[3.159s] DEBUG:colcon.colcon_parallel_executor.executor.parallel:closing loop
[3.160s] DEBUG:colcon.colcon_parallel_executor.executor.parallel:loop closed
[3.160s] DEBUG:colcon.colcon_parallel_executor.executor.parallel:run_until_complete finished with '0'
[3.160s] DEBUG:colcon.colcon_core.event_reactor:joining thread
[3.174s] INFO:colcon.colcon_core.plugin_system:Skipping extension 'colcon_notification.desktop_notification.terminal_notifier': Not used on non-Darwin systems
[3.174s] INFO:colcon.colcon_core.plugin_system:Skipping extension 'colcon_notification.desktop_notification.win32': Not used on non-Windows systems
[3.174s] INFO:colcon.colcon_notification.desktop_notification:Sending desktop notification using 'notify2'
[3.188s] DEBUG:colcon.colcon_core.event_reactor:joined thread
[3.196s] INFO:colcon.colcon_core.shell:Creating prefix script '/home/zukunft/projects/robotics/robot_basic_simulation/install/local_setup.ps1'
[3.197s] INFO:colcon.colcon_core.shell:Creating prefix util module '/home/zukunft/projects/robotics/robot_basic_simulation/install/_local_setup_util_ps1.py'
[3.199s] INFO:colcon.colcon_core.shell:Creating prefix chain script '/home/zukunft/projects/robotics/robot_basic_simulation/install/setup.ps1'
[3.206s] INFO:colcon.colcon_core.shell:Creating prefix script '/home/zukunft/projects/robotics/robot_basic_simulation/install/local_setup.sh'
[3.207s] INFO:colcon.colcon_core.shell:Creating prefix util module '/home/zukunft/projects/robotics/robot_basic_simulation/install/_local_setup_util_sh.py'
[3.208s] INFO:colcon.colcon_core.shell:Creating prefix chain script '/home/zukunft/projects/robotics/robot_basic_simulation/install/setup.sh'
[3.214s] INFO:colcon.colcon_core.shell:Creating prefix script '/home/zukunft/projects/robotics/robot_basic_simulation/install/local_setup.bash'
[3.215s] INFO:colcon.colcon_core.shell:Creating prefix chain script '/home/zukunft/projects/robotics/robot_basic_simulation/install/setup.bash'
[3.221s] INFO:colcon.colcon_core.shell:Creating prefix script '/home/zukunft/projects/robotics/robot_basic_simulation/install/local_setup.zsh'
[3.222s] INFO:colcon.colcon_core.shell:Creating prefix chain script '/home/zukunft/projects/robotics/robot_basic_simulation/install/setup.zsh'
