[1.092s] Invoking command in '/home/zukunft/robot_sim/src/my_robot': PYTHONPATH=/home/zukunft/robot_sim/build/my_robot/prefix_override:/home/zukunft/robot_sim/install/my_robot/lib/python3.10/site-packages:${PYTHONPATH} /usr/bin/python3 setup.py egg_info --egg-base ../../build/my_robot build --build-base /home/zukunft/robot_sim/build/my_robot/build install --record /home/zukunft/robot_sim/build/my_robot/install.log --single-version-externally-managed
[1.343s] running egg_info
[1.344s] writing ../../build/my_robot/my_robot.egg-info/PKG-INFO
[1.344s] writing dependency_links to ../../build/my_robot/my_robot.egg-info/dependency_links.txt
[1.344s] writing entry points to ../../build/my_robot/my_robot.egg-info/entry_points.txt
[1.344s] writing requirements to ../../build/my_robot/my_robot.egg-info/requires.txt
[1.344s] writing top-level names to ../../build/my_robot/my_robot.egg-info/top_level.txt
[1.346s] reading manifest file '../../build/my_robot/my_robot.egg-info/SOURCES.txt'
[1.347s] writing manifest file '../../build/my_robot/my_robot.egg-info/SOURCES.txt'
[1.347s] running build
[1.347s] running build_py
[1.347s] running install
[1.348s] /usr/lib/python3/dist-packages/setuptools/command/install.py:34: SetuptoolsDeprecationWarning: setup.py install is deprecated. Use build and pip and other standards-based tools.
[1.348s]   warnings.warn(
[1.348s] running install_lib
[1.350s] running install_data
[1.351s] running install_egg_info
[1.353s] removing '/home/zukunft/robot_sim/install/my_robot/lib/python3.10/site-packages/my_robot-0.0.0-py3.10.egg-info' (and everything under it)
[1.353s] Copying ../../build/my_robot/my_robot.egg-info to /home/zukunft/robot_sim/install/my_robot/lib/python3.10/site-packages/my_robot-0.0.0-py3.10.egg-info
[1.354s] running install_scripts
[1.379s] writing list of installed files to '/home/zukunft/robot_sim/build/my_robot/install.log'
[1.429s] Invoked command in '/home/zukunft/robot_sim/src/my_robot' returned '0': PYTHONPATH=/home/zukunft/robot_sim/build/my_robot/prefix_override:/home/zukunft/robot_sim/install/my_robot/lib/python3.10/site-packages:${PYTHONPATH} /usr/bin/python3 setup.py egg_info --egg-base ../../build/my_robot build --build-base /home/zukunft/robot_sim/build/my_robot/build install --record /home/zukunft/robot_sim/build/my_robot/install.log --single-version-externally-managed
