[1.125s] Invoking command in '/home/zukunft/projects/robotics/robot_basic_simulation/src/build/robot_controller': PYTHONPATH=/home/zukunft/projects/robotics/robot_basic_simulation/src/build/robot_controller/prefix_override:/home/zukunft/projects/robotics/robot_basic_simulation/src/install/robot_controller/lib/python3.10/site-packages:${PYTHONPATH} /usr/bin/python3 setup.py develop --uninstall --editable --build-directory /home/zukunft/projects/robotics/robot_basic_simulation/src/build/robot_controller/build
[1.344s] running develop
[1.344s] /usr/lib/python3/dist-packages/setuptools/command/easy_install.py:158: EasyInstallDeprecationWarning: easy_install command is deprecated. Use build and pip and other standards-based tools.
[1.345s]   warnings.warn(
[1.346s] /usr/lib/python3/dist-packages/setuptools/command/install.py:34: SetuptoolsDeprecationWarning: setup.py install is deprecated. Use build and pip and other standards-based tools.
[1.346s]   warnings.warn(
[1.539s] Invoked command in '/home/zukunft/projects/robotics/robot_basic_simulation/src/build/robot_controller' returned '0': PYTHONPATH=/home/zukunft/projects/robotics/robot_basic_simulation/src/build/robot_controller/prefix_override:/home/zukunft/projects/robotics/robot_basic_simulation/src/install/robot_controller/lib/python3.10/site-packages:${PYTHONPATH} /usr/bin/python3 setup.py develop --uninstall --editable --build-directory /home/zukunft/projects/robotics/robot_basic_simulation/src/build/robot_controller/build
[1.540s] Invoking command in '/home/zukunft/projects/robotics/robot_basic_simulation/src/robot_controller': PYTHONPATH=/home/zukunft/projects/robotics/robot_basic_simulation/src/build/robot_controller/prefix_override:/home/zukunft/projects/robotics/robot_basic_simulation/src/install/robot_controller/lib/python3.10/site-packages:${PYTHONPATH} /usr/bin/python3 setup.py egg_info --egg-base ../build/robot_controller build --build-base /home/zukunft/projects/robotics/robot_basic_simulation/src/build/robot_controller/build install --record /home/zukunft/projects/robotics/robot_basic_simulation/src/build/robot_controller/install.log --single-version-externally-managed
[1.744s] running egg_info
[1.744s] writing ../build/robot_controller/robot_controller.egg-info/PKG-INFO
[1.744s] writing dependency_links to ../build/robot_controller/robot_controller.egg-info/dependency_links.txt
[1.745s] writing entry points to ../build/robot_controller/robot_controller.egg-info/entry_points.txt
[1.745s] writing requirements to ../build/robot_controller/robot_controller.egg-info/requires.txt
[1.745s] writing top-level names to ../build/robot_controller/robot_controller.egg-info/top_level.txt
[1.746s] reading manifest file '../build/robot_controller/robot_controller.egg-info/SOURCES.txt'
[1.747s] writing manifest file '../build/robot_controller/robot_controller.egg-info/SOURCES.txt'
[1.747s] running build
[1.747s] running build_py
[1.747s] copying robot_controller/controller.py -> /home/zukunft/projects/robotics/robot_basic_simulation/src/build/robot_controller/build/lib/robot_controller
[1.747s] running install
[1.748s] /usr/lib/python3/dist-packages/setuptools/command/install.py:34: SetuptoolsDeprecationWarning: setup.py install is deprecated. Use build and pip and other standards-based tools.
[1.748s]   warnings.warn(
[1.748s] running install_lib
[1.748s] copying /home/zukunft/projects/robotics/robot_basic_simulation/src/build/robot_controller/build/lib/robot_controller/controller.py -> /home/zukunft/projects/robotics/robot_basic_simulation/src/install/robot_controller/lib/python3.10/site-packages/robot_controller
[1.749s] byte-compiling /home/zukunft/projects/robotics/robot_basic_simulation/src/install/robot_controller/lib/python3.10/site-packages/robot_controller/controller.py to controller.cpython-310.pyc
[1.749s] running install_data
[1.750s] running install_egg_info
[1.751s] removing '/home/zukunft/projects/robotics/robot_basic_simulation/src/install/robot_controller/lib/python3.10/site-packages/robot_controller-0.0.0-py3.10.egg-info' (and everything under it)
[1.752s] Copying ../build/robot_controller/robot_controller.egg-info to /home/zukunft/projects/robotics/robot_basic_simulation/src/install/robot_controller/lib/python3.10/site-packages/robot_controller-0.0.0-py3.10.egg-info
[1.752s] running install_scripts
[1.773s] Installing basic_movement script to /home/zukunft/projects/robotics/robot_basic_simulation/src/install/robot_controller/lib/robot_controller
[1.773s] Installing cam_pub script to /home/zukunft/projects/robotics/robot_basic_simulation/src/install/robot_controller/lib/robot_controller
[1.773s] Installing cam_sub script to /home/zukunft/projects/robotics/robot_basic_simulation/src/install/robot_controller/lib/robot_controller
[1.773s] Installing lid_pub script to /home/zukunft/projects/robotics/robot_basic_simulation/src/install/robot_controller/lib/robot_controller
[1.773s] Installing lid_sub script to /home/zukunft/projects/robotics/robot_basic_simulation/src/install/robot_controller/lib/robot_controller
[1.774s] writing list of installed files to '/home/zukunft/projects/robotics/robot_basic_simulation/src/build/robot_controller/install.log'
[1.842s] Invoked command in '/home/zukunft/projects/robotics/robot_basic_simulation/src/robot_controller' returned '0': PYTHONPATH=/home/zukunft/projects/robotics/robot_basic_simulation/src/build/robot_controller/prefix_override:/home/zukunft/projects/robotics/robot_basic_simulation/src/install/robot_controller/lib/python3.10/site-packages:${PYTHONPATH} /usr/bin/python3 setup.py egg_info --egg-base ../build/robot_controller build --build-base /home/zukunft/projects/robotics/robot_basic_simulation/src/build/robot_controller/build install --record /home/zukunft/projects/robotics/robot_basic_simulation/src/build/robot_controller/install.log --single-version-externally-managed
