[1.112s] Invoking command in '/home/zukunft/projects/robotics/robot_basic_simulation/src/sensors': PYTHONPATH=/home/zukunft/projects/robotics/robot_basic_simulation/build/sensors/prefix_override:/home/zukunft/projects/robotics/robot_basic_simulation/install/sensors/lib/python3.10/site-packages:${PYTHONPATH} /usr/bin/python3 setup.py egg_info --egg-base ../../build/sensors build --build-base /home/zukunft/projects/robotics/robot_basic_simulation/build/sensors/build install --record /home/zukunft/projects/robotics/robot_basic_simulation/build/sensors/install.log --single-version-externally-managed
[1.357s] running egg_info
[1.357s] writing ../../build/sensors/sensors.egg-info/PKG-INFO
[1.357s] writing dependency_links to ../../build/sensors/sensors.egg-info/dependency_links.txt
[1.358s] writing entry points to ../../build/sensors/sensors.egg-info/entry_points.txt
[1.358s] writing requirements to ../../build/sensors/sensors.egg-info/requires.txt
[1.358s] writing top-level names to ../../build/sensors/sensors.egg-info/top_level.txt
[1.361s] reading manifest file '../../build/sensors/sensors.egg-info/SOURCES.txt'
[1.362s] writing manifest file '../../build/sensors/sensors.egg-info/SOURCES.txt'
[1.362s] running build
[1.363s] running build_py
[1.363s] copying sensors/lidar_pub.py -> /home/zukunft/projects/robotics/robot_basic_simulation/build/sensors/build/lib/sensors
[1.363s] copying sensors/lidar_sub.py -> /home/zukunft/projects/robotics/robot_basic_simulation/build/sensors/build/lib/sensors
[1.363s] copying sensors/camera_sub.py -> /home/zukunft/projects/robotics/robot_basic_simulation/build/sensors/build/lib/sensors
[1.363s] copying sensors/camera_pub.py -> /home/zukunft/projects/robotics/robot_basic_simulation/build/sensors/build/lib/sensors
[1.364s] running install
[1.364s] /usr/lib/python3/dist-packages/setuptools/command/install.py:34: SetuptoolsDeprecationWarning: setup.py install is deprecated. Use build and pip and other standards-based tools.
[1.364s]   warnings.warn(
[1.365s] running install_lib
[1.365s] copying /home/zukunft/projects/robotics/robot_basic_simulation/build/sensors/build/lib/sensors/lidar_pub.py -> /home/zukunft/projects/robotics/robot_basic_simulation/install/sensors/lib/python3.10/site-packages/sensors
[1.365s] copying /home/zukunft/projects/robotics/robot_basic_simulation/build/sensors/build/lib/sensors/lidar_sub.py -> /home/zukunft/projects/robotics/robot_basic_simulation/install/sensors/lib/python3.10/site-packages/sensors
[1.365s] copying /home/zukunft/projects/robotics/robot_basic_simulation/build/sensors/build/lib/sensors/camera_sub.py -> /home/zukunft/projects/robotics/robot_basic_simulation/install/sensors/lib/python3.10/site-packages/sensors
[1.366s] copying /home/zukunft/projects/robotics/robot_basic_simulation/build/sensors/build/lib/sensors/camera_pub.py -> /home/zukunft/projects/robotics/robot_basic_simulation/install/sensors/lib/python3.10/site-packages/sensors
[1.366s] byte-compiling /home/zukunft/projects/robotics/robot_basic_simulation/install/sensors/lib/python3.10/site-packages/sensors/lidar_pub.py to lidar_pub.cpython-310.pyc
[1.367s] byte-compiling /home/zukunft/projects/robotics/robot_basic_simulation/install/sensors/lib/python3.10/site-packages/sensors/lidar_sub.py to lidar_sub.cpython-310.pyc
[1.368s] byte-compiling /home/zukunft/projects/robotics/robot_basic_simulation/install/sensors/lib/python3.10/site-packages/sensors/camera_sub.py to camera_sub.cpython-310.pyc
[1.368s] byte-compiling /home/zukunft/projects/robotics/robot_basic_simulation/install/sensors/lib/python3.10/site-packages/sensors/camera_pub.py to camera_pub.cpython-310.pyc
[1.368s] running install_data
[1.369s] running install_egg_info
[1.371s] removing '/home/zukunft/projects/robotics/robot_basic_simulation/install/sensors/lib/python3.10/site-packages/sensors-0.0.0-py3.10.egg-info' (and everything under it)
[1.371s] Copying ../../build/sensors/sensors.egg-info to /home/zukunft/projects/robotics/robot_basic_simulation/install/sensors/lib/python3.10/site-packages/sensors-0.0.0-py3.10.egg-info
[1.372s] running install_scripts
[1.396s] writing list of installed files to '/home/zukunft/projects/robotics/robot_basic_simulation/build/sensors/install.log'
[1.483s] Invoked command in '/home/zukunft/projects/robotics/robot_basic_simulation/src/sensors' returned '0': PYTHONPATH=/home/zukunft/projects/robotics/robot_basic_simulation/build/sensors/prefix_override:/home/zukunft/projects/robotics/robot_basic_simulation/install/sensors/lib/python3.10/site-packages:${PYTHONPATH} /usr/bin/python3 setup.py egg_info --egg-base ../../build/sensors build --build-base /home/zukunft/projects/robotics/robot_basic_simulation/build/sensors/build install --record /home/zukunft/projects/robotics/robot_basic_simulation/build/sensors/install.log --single-version-externally-managed
