[0.762s] Invoking command in '/home/zukunft/robot_sim/src/my_robot': PYTHONPATH=/home/zukunft/robot_sim/build/my_robot/prefix_override:/home/zukunft/robot_sim/install/my_robot/lib/python3.10/site-packages:${PYTHONPATH} /usr/bin/python3 setup.py egg_info --egg-base ../../build/my_robot build --build-base /home/zukunft/robot_sim/build/my_robot/build install --record /home/zukunft/robot_sim/build/my_robot/install.log --single-version-externally-managed
[0.936s] running egg_info
[0.937s] writing ../../build/my_robot/my_robot.egg-info/PKG-INFO
[0.937s] writing dependency_links to ../../build/my_robot/my_robot.egg-info/dependency_links.txt
[0.937s] writing entry points to ../../build/my_robot/my_robot.egg-info/entry_points.txt
[0.938s] writing requirements to ../../build/my_robot/my_robot.egg-info/requires.txt
[0.938s] writing top-level names to ../../build/my_robot/my_robot.egg-info/top_level.txt
[0.940s] reading manifest file '../../build/my_robot/my_robot.egg-info/SOURCES.txt'
[0.941s] writing manifest file '../../build/my_robot/my_robot.egg-info/SOURCES.txt'
[0.941s] running build
[0.941s] running build_py
[0.941s] running install
[0.941s] /usr/lib/python3/dist-packages/setuptools/command/install.py:34: SetuptoolsDeprecationWarning: setup.py install is deprecated. Use build and pip and other standards-based tools.
[0.941s]   warnings.warn(
[0.941s] running install_lib
[0.942s] running install_data
[0.942s] running install_egg_info
[0.943s] removing '/home/zukunft/robot_sim/install/my_robot/lib/python3.10/site-packages/my_robot-0.0.0-py3.10.egg-info' (and everything under it)
[0.944s] Copying ../../build/my_robot/my_robot.egg-info to /home/zukunft/robot_sim/install/my_robot/lib/python3.10/site-packages/my_robot-0.0.0-py3.10.egg-info
[0.944s] running install_scripts
[0.961s] writing list of installed files to '/home/zukunft/robot_sim/build/my_robot/install.log'
[0.991s] Invoked command in '/home/zukunft/robot_sim/src/my_robot' returned '0': PYTHONPATH=/home/zukunft/robot_sim/build/my_robot/prefix_override:/home/zukunft/robot_sim/install/my_robot/lib/python3.10/site-packages:${PYTHONPATH} /usr/bin/python3 setup.py egg_info --egg-base ../../build/my_robot build --build-base /home/zukunft/robot_sim/build/my_robot/build install --record /home/zukunft/robot_sim/build/my_robot/install.log --single-version-externally-managed
