running egg_info
creating ../build/my_robot/my_robot.egg-info
writing ../build/my_robot/my_robot.egg-info/PKG-INFO
writing dependency_links to ../build/my_robot/my_robot.egg-info/dependency_links.txt
writing entry points to ../build/my_robot/my_robot.egg-info/entry_points.txt
writing requirements to ../build/my_robot/my_robot.egg-info/requires.txt
writing top-level names to ../build/my_robot/my_robot.egg-info/top_level.txt
writing manifest file '../build/my_robot/my_robot.egg-info/SOURCES.txt'
reading manifest file '../build/my_robot/my_robot.egg-info/SOURCES.txt'
writing manifest file '../build/my_robot/my_robot.egg-info/SOURCES.txt'
running build
running build_py
creating /home/zukunft/robot_sim/src/build/my_robot/build
creating /home/zukunft/robot_sim/src/build/my_robot/build/lib
creating /home/zukunft/robot_sim/src/build/my_robot/build/lib/my_robot
copying my_robot/__init__.py -> /home/zukunft/robot_sim/src/build/my_robot/build/lib/my_robot
copying my_robot/controller.py -> /home/zukunft/robot_sim/src/build/my_robot/build/lib/my_robot
running install
/usr/lib/python3/dist-packages/setuptools/command/install.py:34: SetuptoolsDeprecationWarning: setup.py install is deprecated. Use build and pip and other standards-based tools.
  warnings.warn(
running install_lib
creating /home/zukunft/robot_sim/src/install/my_robot/lib/python3.10/site-packages/my_robot
copying /home/zukunft/robot_sim/src/build/my_robot/build/lib/my_robot/__init__.py -> /home/zukunft/robot_sim/src/install/my_robot/lib/python3.10/site-packages/my_robot
copying /home/zukunft/robot_sim/src/build/my_robot/build/lib/my_robot/controller.py -> /home/zukunft/robot_sim/src/install/my_robot/lib/python3.10/site-packages/my_robot
byte-compiling /home/zukunft/robot_sim/src/install/my_robot/lib/python3.10/site-packages/my_robot/__init__.py to __init__.cpython-310.pyc
byte-compiling /home/zukunft/robot_sim/src/install/my_robot/lib/python3.10/site-packages/my_robot/controller.py to controller.cpython-310.pyc
running install_data
creating /home/zukunft/robot_sim/src/install/my_robot/share/ament_index
creating /home/zukunft/robot_sim/src/install/my_robot/share/ament_index/resource_index
creating /home/zukunft/robot_sim/src/install/my_robot/share/ament_index/resource_index/packages
copying resource/my_robot -> /home/zukunft/robot_sim/src/install/my_robot/share/ament_index/resource_index/packages
copying package.xml -> /home/zukunft/robot_sim/src/install/my_robot/share/my_robot
running install_egg_info
Copying ../build/my_robot/my_robot.egg-info to /home/zukunft/robot_sim/src/install/my_robot/lib/python3.10/site-packages/my_robot-0.0.0-py3.10.egg-info
running install_scripts
Installing robot_controller script to /home/zukunft/robot_sim/src/install/my_robot/lib/my_robot
writing list of installed files to '/home/zukunft/robot_sim/src/build/my_robot/install.log'
