[0.520s] Invoking command in '/home/zukunft/robot_sim/src/my_robot': PYTHONPATH=/home/zukunft/robot_sim/src/build/my_robot/prefix_override:/home/zukunft/robot_sim/src/install/my_robot/lib/python3.10/site-packages:${PYTHONPATH} /usr/bin/python3 setup.py egg_info --egg-base ../build/my_robot build --build-base /home/zukunft/robot_sim/src/build/my_robot/build install --record /home/zukunft/robot_sim/src/build/my_robot/install.log --single-version-externally-managed
[0.709s] running egg_info
[0.710s] creating ../build/my_robot/my_robot.egg-info
[0.710s] writing ../build/my_robot/my_robot.egg-info/PKG-INFO
[0.710s] writing dependency_links to ../build/my_robot/my_robot.egg-info/dependency_links.txt
[0.710s] writing entry points to ../build/my_robot/my_robot.egg-info/entry_points.txt
[0.710s] writing requirements to ../build/my_robot/my_robot.egg-info/requires.txt
[0.711s] writing top-level names to ../build/my_robot/my_robot.egg-info/top_level.txt
[0.711s] writing manifest file '../build/my_robot/my_robot.egg-info/SOURCES.txt'
[0.712s] reading manifest file '../build/my_robot/my_robot.egg-info/SOURCES.txt'
[0.712s] writing manifest file '../build/my_robot/my_robot.egg-info/SOURCES.txt'
[0.712s] running build
[0.712s] running build_py
[0.713s] creating /home/zukunft/robot_sim/src/build/my_robot/build
[0.713s] creating /home/zukunft/robot_sim/src/build/my_robot/build/lib
[0.713s] creating /home/zukunft/robot_sim/src/build/my_robot/build/lib/my_robot
[0.713s] copying my_robot/__init__.py -> /home/zukunft/robot_sim/src/build/my_robot/build/lib/my_robot
[0.713s] copying my_robot/controller.py -> /home/zukunft/robot_sim/src/build/my_robot/build/lib/my_robot
[0.713s] running install
[0.713s] /usr/lib/python3/dist-packages/setuptools/command/install.py:34: SetuptoolsDeprecationWarning: setup.py install is deprecated. Use build and pip and other standards-based tools.
[0.713s]   warnings.warn(
[0.713s] running install_lib
[0.714s] creating /home/zukunft/robot_sim/src/install/my_robot/lib/python3.10/site-packages/my_robot
[0.714s] copying /home/zukunft/robot_sim/src/build/my_robot/build/lib/my_robot/__init__.py -> /home/zukunft/robot_sim/src/install/my_robot/lib/python3.10/site-packages/my_robot
[0.714s] copying /home/zukunft/robot_sim/src/build/my_robot/build/lib/my_robot/controller.py -> /home/zukunft/robot_sim/src/install/my_robot/lib/python3.10/site-packages/my_robot
[0.714s] byte-compiling /home/zukunft/robot_sim/src/install/my_robot/lib/python3.10/site-packages/my_robot/__init__.py to __init__.cpython-310.pyc
[0.714s] byte-compiling /home/zukunft/robot_sim/src/install/my_robot/lib/python3.10/site-packages/my_robot/controller.py to controller.cpython-310.pyc
[0.715s] running install_data
[0.715s] creating /home/zukunft/robot_sim/src/install/my_robot/share/ament_index
[0.715s] creating /home/zukunft/robot_sim/src/install/my_robot/share/ament_index/resource_index
[0.715s] creating /home/zukunft/robot_sim/src/install/my_robot/share/ament_index/resource_index/packages
[0.715s] copying resource/my_robot -> /home/zukunft/robot_sim/src/install/my_robot/share/ament_index/resource_index/packages
[0.715s] copying package.xml -> /home/zukunft/robot_sim/src/install/my_robot/share/my_robot
[0.715s] running install_egg_info
[0.716s] Copying ../build/my_robot/my_robot.egg-info to /home/zukunft/robot_sim/src/install/my_robot/lib/python3.10/site-packages/my_robot-0.0.0-py3.10.egg-info
[0.717s] running install_scripts
[0.736s] Installing robot_controller script to /home/zukunft/robot_sim/src/install/my_robot/lib/my_robot
[0.737s] writing list of installed files to '/home/zukunft/robot_sim/src/build/my_robot/install.log'
[0.768s] Invoked command in '/home/zukunft/robot_sim/src/my_robot' returned '0': PYTHONPATH=/home/zukunft/robot_sim/src/build/my_robot/prefix_override:/home/zukunft/robot_sim/src/install/my_robot/lib/python3.10/site-packages:${PYTHONPATH} /usr/bin/python3 setup.py egg_info --egg-base ../build/my_robot build --build-base /home/zukunft/robot_sim/src/build/my_robot/build install --record /home/zukunft/robot_sim/src/build/my_robot/install.log --single-version-externally-managed
