[1.181s] Invoking command in '/home/zukunft/projects/robotics/robot_basic_simulation/src/sensors': PYTHONPATH=/home/zukunft/projects/robotics/robot_basic_simulation/src/build/sensors/prefix_override:/home/zukunft/projects/robotics/robot_basic_simulation/src/install/sensors/lib/python3.10/site-packages:${PYTHONPATH} /usr/bin/python3 setup.py egg_info --egg-base ../build/sensors build --build-base /home/zukunft/projects/robotics/robot_basic_simulation/src/build/sensors/build install --record /home/zukunft/projects/robotics/robot_basic_simulation/src/build/sensors/install.log --single-version-externally-managed
[1.435s] running egg_info
[1.436s] creating ../build/sensors/sensors.egg-info
[1.436s] writing ../build/sensors/sensors.egg-info/PKG-INFO
[1.437s] writing dependency_links to ../build/sensors/sensors.egg-info/dependency_links.txt
[1.437s] writing entry points to ../build/sensors/sensors.egg-info/entry_points.txt
[1.437s] writing requirements to ../build/sensors/sensors.egg-info/requires.txt
[1.438s] writing top-level names to ../build/sensors/sensors.egg-info/top_level.txt
[1.438s] writing manifest file '../build/sensors/sensors.egg-info/SOURCES.txt'
[1.440s] reading manifest file '../build/sensors/sensors.egg-info/SOURCES.txt'
[1.441s] writing manifest file '../build/sensors/sensors.egg-info/SOURCES.txt'
[1.442s] running build
[1.442s] running build_py
[1.442s] creating /home/zukunft/projects/robotics/robot_basic_simulation/src/build/sensors/build
[1.442s] creating /home/zukunft/projects/robotics/robot_basic_simulation/src/build/sensors/build/lib
[1.442s] creating /home/zukunft/projects/robotics/robot_basic_simulation/src/build/sensors/build/lib/sensors
[1.443s] copying sensors/lidar_pub.py -> /home/zukunft/projects/robotics/robot_basic_simulation/src/build/sensors/build/lib/sensors
[1.443s] copying sensors/lidar_sub.py -> /home/zukunft/projects/robotics/robot_basic_simulation/src/build/sensors/build/lib/sensors
[1.443s] copying sensors/camera_sub.py -> /home/zukunft/projects/robotics/robot_basic_simulation/src/build/sensors/build/lib/sensors
[1.443s] copying sensors/__init__.py -> /home/zukunft/projects/robotics/robot_basic_simulation/src/build/sensors/build/lib/sensors
[1.443s] copying sensors/camera_pub.py -> /home/zukunft/projects/robotics/robot_basic_simulation/src/build/sensors/build/lib/sensors
[1.443s] running install
[1.444s] /usr/lib/python3/dist-packages/setuptools/command/install.py:34: SetuptoolsDeprecationWarning: setup.py install is deprecated. Use build and pip and other standards-based tools.
[1.444s]   warnings.warn(
[1.444s] running install_lib
[1.445s] creating /home/zukunft/projects/robotics/robot_basic_simulation/src/install/sensors/lib/python3.10/site-packages/sensors
[1.445s] copying /home/zukunft/projects/robotics/robot_basic_simulation/src/build/sensors/build/lib/sensors/lidar_pub.py -> /home/zukunft/projects/robotics/robot_basic_simulation/src/install/sensors/lib/python3.10/site-packages/sensors
[1.445s] copying /home/zukunft/projects/robotics/robot_basic_simulation/src/build/sensors/build/lib/sensors/lidar_sub.py -> /home/zukunft/projects/robotics/robot_basic_simulation/src/install/sensors/lib/python3.10/site-packages/sensors
[1.445s] copying /home/zukunft/projects/robotics/robot_basic_simulation/src/build/sensors/build/lib/sensors/camera_sub.py -> /home/zukunft/projects/robotics/robot_basic_simulation/src/install/sensors/lib/python3.10/site-packages/sensors
[1.445s] copying /home/zukunft/projects/robotics/robot_basic_simulation/src/build/sensors/build/lib/sensors/__init__.py -> /home/zukunft/projects/robotics/robot_basic_simulation/src/install/sensors/lib/python3.10/site-packages/sensors
[1.445s] copying /home/zukunft/projects/robotics/robot_basic_simulation/src/build/sensors/build/lib/sensors/camera_pub.py -> /home/zukunft/projects/robotics/robot_basic_simulation/src/install/sensors/lib/python3.10/site-packages/sensors
[1.446s] byte-compiling /home/zukunft/projects/robotics/robot_basic_simulation/src/install/sensors/lib/python3.10/site-packages/sensors/lidar_pub.py to lidar_pub.cpython-310.pyc
[1.447s] byte-compiling /home/zukunft/projects/robotics/robot_basic_simulation/src/install/sensors/lib/python3.10/site-packages/sensors/lidar_sub.py to lidar_sub.cpython-310.pyc
[1.447s] byte-compiling /home/zukunft/projects/robotics/robot_basic_simulation/src/install/sensors/lib/python3.10/site-packages/sensors/camera_sub.py to camera_sub.cpython-310.pyc
[1.448s] byte-compiling /home/zukunft/projects/robotics/robot_basic_simulation/src/install/sensors/lib/python3.10/site-packages/sensors/__init__.py to __init__.cpython-310.pyc
[1.448s] byte-compiling /home/zukunft/projects/robotics/robot_basic_simulation/src/install/sensors/lib/python3.10/site-packages/sensors/camera_pub.py to camera_pub.cpython-310.pyc
[1.449s] running install_data
[1.449s] creating /home/zukunft/projects/robotics/robot_basic_simulation/src/install/sensors/share/ament_index
[1.450s] creating /home/zukunft/projects/robotics/robot_basic_simulation/src/install/sensors/share/ament_index/resource_index
[1.450s] creating /home/zukunft/projects/robotics/robot_basic_simulation/src/install/sensors/share/ament_index/resource_index/packages
[1.450s] copying resource/sensors -> /home/zukunft/projects/robotics/robot_basic_simulation/src/install/sensors/share/ament_index/resource_index/packages
[1.450s] copying package.xml -> /home/zukunft/projects/robotics/robot_basic_simulation/src/install/sensors/share/sensors
[1.450s] running install_egg_info
[1.452s] Copying ../build/sensors/sensors.egg-info to /home/zukunft/projects/robotics/robot_basic_simulation/src/install/sensors/lib/python3.10/site-packages/sensors-0.0.0-py3.10.egg-info
[1.453s] running install_scripts
[1.475s] writing list of installed files to '/home/zukunft/projects/robotics/robot_basic_simulation/src/build/sensors/install.log'
[1.532s] Invoked command in '/home/zukunft/projects/robotics/robot_basic_simulation/src/sensors' returned '0': PYTHONPATH=/home/zukunft/projects/robotics/robot_basic_simulation/src/build/sensors/prefix_override:/home/zukunft/projects/robotics/robot_basic_simulation/src/install/sensors/lib/python3.10/site-packages:${PYTHONPATH} /usr/bin/python3 setup.py egg_info --egg-base ../build/sensors build --build-base /home/zukunft/projects/robotics/robot_basic_simulation/src/build/sensors/build install --record /home/zukunft/projects/robotics/robot_basic_simulation/src/build/sensors/install.log --single-version-externally-managed
