running develop
/usr/lib/python3/dist-packages/setuptools/command/easy_install.py:158: EasyInstallDeprecationWarning: easy_install command is deprecated. Use build and pip and other standards-based tools.
  warnings.warn(
/usr/lib/python3/dist-packages/setuptools/command/install.py:34: SetuptoolsDeprecationWarning: setup.py install is deprecated. Use build and pip and other standards-based tools.
  warnings.warn(
Removing /home/zukunft/projects/robotics/robot_basic_simulation/src/install/my_robot/lib/python3.10/site-packages/my-robot.egg-link (link to .)
running egg_info
writing ../build/my_robot/my_robot.egg-info/PKG-INFO
writing dependency_links to ../build/my_robot/my_robot.egg-info/dependency_links.txt
writing entry points to ../build/my_robot/my_robot.egg-info/entry_points.txt
writing requirements to ../build/my_robot/my_robot.egg-info/requires.txt
writing top-level names to ../build/my_robot/my_robot.egg-info/top_level.txt
reading manifest file '../build/my_robot/my_robot.egg-info/SOURCES.txt'
writing manifest file '../build/my_robot/my_robot.egg-info/SOURCES.txt'
running build
running build_py
running install
/usr/lib/python3/dist-packages/setuptools/command/install.py:34: SetuptoolsDeprecationWarning: setup.py install is deprecated. Use build and pip and other standards-based tools.
  warnings.warn(
running install_lib
copying /home/zukunft/projects/robotics/robot_basic_simulation/src/build/my_robot/build/lib/my_robot/__init__.py -> /home/zukunft/projects/robotics/robot_basic_simulation/src/install/my_robot/lib/python3.10/site-packages/my_robot
byte-compiling /home/zukunft/projects/robotics/robot_basic_simulation/src/install/my_robot/lib/python3.10/site-packages/my_robot/__init__.py to __init__.cpython-310.pyc
running install_data
running install_egg_info
Copying ../build/my_robot/my_robot.egg-info to /home/zukunft/projects/robotics/robot_basic_simulation/src/install/my_robot/lib/python3.10/site-packages/my_robot-0.0.0-py3.10.egg-info
running install_scripts
writing list of installed files to '/home/zukunft/projects/robotics/robot_basic_simulation/src/build/my_robot/install.log'
