[0.920s] Invoking command in '/home/zukunft/projects/robotics/robot_basic_simulation/build/robot_controller': PYTHONPATH=/home/zukunft/projects/robotics/robot_basic_simulation/build/robot_controller/prefix_override:/home/zukunft/projects/robotics/robot_basic_simulation/install/robot_controller/lib/python3.10/site-packages:${PYTHONPATH} /usr/bin/python3 setup.py develop --uninstall --editable --build-directory /home/zukunft/projects/robotics/robot_basic_simulation/build/robot_controller/build
[1.121s] running develop
[1.122s] /usr/lib/python3/dist-packages/setuptools/command/easy_install.py:158: EasyInstallDeprecationWarning: easy_install command is deprecated. Use build and pip and other standards-based tools.
[1.122s]   warnings.warn(
[1.123s] /usr/lib/python3/dist-packages/setuptools/command/install.py:34: SetuptoolsDeprecationWarning: setup.py install is deprecated. Use build and pip and other standards-based tools.
[1.123s]   warnings.warn(
[1.292s] Invoked command in '/home/zukunft/projects/robotics/robot_basic_simulation/build/robot_controller' returned '0': PYTHONPATH=/home/zukunft/projects/robotics/robot_basic_simulation/build/robot_controller/prefix_override:/home/zukunft/projects/robotics/robot_basic_simulation/install/robot_controller/lib/python3.10/site-packages:${PYTHONPATH} /usr/bin/python3 setup.py develop --uninstall --editable --build-directory /home/zukunft/projects/robotics/robot_basic_simulation/build/robot_controller/build
[1.293s] Invoking command in '/home/zukunft/projects/robotics/robot_basic_simulation/src/robot_controller': PYTHONPATH=/home/zukunft/projects/robotics/robot_basic_simulation/build/robot_controller/prefix_override:/home/zukunft/projects/robotics/robot_basic_simulation/install/robot_controller/lib/python3.10/site-packages:${PYTHONPATH} /usr/bin/python3 setup.py egg_info --egg-base ../../build/robot_controller build --build-base /home/zukunft/projects/robotics/robot_basic_simulation/build/robot_controller/build install --record /home/zukunft/projects/robotics/robot_basic_simulation/build/robot_controller/install.log --single-version-externally-managed
[1.481s] running egg_info
[1.482s] writing ../../build/robot_controller/robot_controller.egg-info/PKG-INFO
[1.482s] writing dependency_links to ../../build/robot_controller/robot_controller.egg-info/dependency_links.txt
[1.482s] writing entry points to ../../build/robot_controller/robot_controller.egg-info/entry_points.txt
[1.482s] writing requirements to ../../build/robot_controller/robot_controller.egg-info/requires.txt
[1.483s] writing top-level names to ../../build/robot_controller/robot_controller.egg-info/top_level.txt
[1.484s] reading manifest file '../../build/robot_controller/robot_controller.egg-info/SOURCES.txt'
[1.485s] writing manifest file '../../build/robot_controller/robot_controller.egg-info/SOURCES.txt'
[1.485s] running build
[1.485s] running build_py
[1.485s] running install
[1.485s] /usr/lib/python3/dist-packages/setuptools/command/install.py:34: SetuptoolsDeprecationWarning: setup.py install is deprecated. Use build and pip and other standards-based tools.
[1.485s]   warnings.warn(
[1.486s] running install_lib
[1.487s] running install_data
[1.487s] running install_egg_info
[1.488s] removing '/home/zukunft/projects/robotics/robot_basic_simulation/install/robot_controller/lib/python3.10/site-packages/robot_controller-0.0.0-py3.10.egg-info' (and everything under it)
[1.489s] Copying ../../build/robot_controller/robot_controller.egg-info to /home/zukunft/projects/robotics/robot_basic_simulation/install/robot_controller/lib/python3.10/site-packages/robot_controller-0.0.0-py3.10.egg-info
[1.489s] running install_scripts
[1.508s] Installing basic_movement script to /home/zukunft/projects/robotics/robot_basic_simulation/install/robot_controller/lib/robot_controller
[1.508s] Installing cam_pub script to /home/zukunft/projects/robotics/robot_basic_simulation/install/robot_controller/lib/robot_controller
[1.508s] Installing cam_sub script to /home/zukunft/projects/robotics/robot_basic_simulation/install/robot_controller/lib/robot_controller
[1.508s] Installing lid_pub script to /home/zukunft/projects/robotics/robot_basic_simulation/install/robot_controller/lib/robot_controller
[1.508s] Installing lid_sub script to /home/zukunft/projects/robotics/robot_basic_simulation/install/robot_controller/lib/robot_controller
[1.508s] writing list of installed files to '/home/zukunft/projects/robotics/robot_basic_simulation/build/robot_controller/install.log'
[1.564s] Invoked command in '/home/zukunft/projects/robotics/robot_basic_simulation/src/robot_controller' returned '0': PYTHONPATH=/home/zukunft/projects/robotics/robot_basic_simulation/build/robot_controller/prefix_override:/home/zukunft/projects/robotics/robot_basic_simulation/install/robot_controller/lib/python3.10/site-packages:${PYTHONPATH} /usr/bin/python3 setup.py egg_info --egg-base ../../build/robot_controller build --build-base /home/zukunft/projects/robotics/robot_basic_simulation/build/robot_controller/build install --record /home/zukunft/projects/robotics/robot_basic_simulation/build/robot_controller/install.log --single-version-externally-managed
