[0.371s] DEBUG:colcon:Command line arguments: ['/home/zukunft/.local/bin/colcon', 'build']
[0.372s] DEBUG:colcon:Parsed command line arguments: Namespace(log_base=None, log_level=None, verb_name='build', build_base='build', install_base='install', merge_install=False, symlink_install=False, test_result_base=None, continue_on_error=False, executor='parallel', parallel_workers=8, event_handlers=None, ignore_user_meta=False, metas=['./colcon.meta'], base_paths=['.'], packages_ignore=None, packages_ignore_regex=None, paths=None, packages_up_to=None, packages_up_to_regex=None, packages_above=None, packages_above_and_dependencies=None, packages_above_depth=None, packages_select_by_dep=None, packages_skip_by_dep=None, packages_skip_up_to=None, packages_select_build_failed=False, packages_skip_build_finished=False, packages_select_test_failures=False, packages_skip_test_passed=False, packages_select=None, packages_skip=None, packages_select_regex=None, packages_skip_regex=None, packages_start=None, packages_end=None, allow_overriding=[], cmake_args=None, cmake_target=None, cmake_target_skip_unavailable=False, cmake_clean_cache=False, cmake_clean_first=False, cmake_force_configure=False, ament_cmake_args=None, catkin_cmake_args=None, catkin_skip_building_tests=False, verb_parser=<colcon_defaults.argument_parser.defaults.DefaultArgumentsDecorator object at 0x7f3dfd26e140>, verb_extension=<colcon_core.verb.build.BuildVerb object at 0x7f3dfddf2dd0>, main=<bound method BuildVerb.main of <colcon_core.verb.build.BuildVerb object at 0x7f3dfddf2dd0>>)
[0.392s] Level 1:colcon.colcon_core.package_discovery:discover_packages(colcon_meta) check parameters
[0.392s] Level 1:colcon.colcon_core.package_discovery:discover_packages(recursive) check parameters
[0.392s] Level 1:colcon.colcon_core.package_discovery:discover_packages(ignore) check parameters
[0.392s] Level 1:colcon.colcon_core.package_discovery:discover_packages(path) check parameters
[0.392s] Level 1:colcon.colcon_core.package_discovery:discover_packages(colcon_meta) discover
[0.392s] Level 1:colcon.colcon_core.package_discovery:discover_packages(recursive) discover
[0.392s] INFO:colcon.colcon_core.package_discovery:Crawling recursively for packages in '/home/zukunft/projects/robotics/robot_basic_simulation/src'
[0.392s] Level 1:colcon.colcon_core.package_identification:_identify(.) by extensions ['ignore', 'ignore_ament_install']
[0.392s] Level 1:colcon.colcon_core.package_identification:_identify(.) by extension 'ignore'
[0.392s] Level 1:colcon.colcon_core.package_identification:_identify(.) by extension 'ignore_ament_install'
[0.392s] Level 1:colcon.colcon_core.package_identification:_identify(.) by extensions ['colcon_pkg']
[0.392s] Level 1:colcon.colcon_core.package_identification:_identify(.) by extension 'colcon_pkg'
[0.392s] Level 1:colcon.colcon_core.package_identification:_identify(.) by extensions ['colcon_meta']
[0.392s] Level 1:colcon.colcon_core.package_identification:_identify(.) by extension 'colcon_meta'
[0.393s] Level 1:colcon.colcon_core.package_identification:_identify(.) by extensions ['ros']
[0.393s] Level 1:colcon.colcon_core.package_identification:_identify(.) by extension 'ros'
[0.401s] Level 1:colcon.colcon_core.package_identification:_identify(.) by extensions ['cmake', 'python']
[0.401s] Level 1:colcon.colcon_core.package_identification:_identify(.) by extension 'cmake'
[0.401s] Level 1:colcon.colcon_core.package_identification:_identify(.) by extension 'python'
[0.401s] Level 1:colcon.colcon_core.package_identification:_identify(.) by extensions ['python_setup_py']
[0.401s] Level 1:colcon.colcon_core.package_identification:_identify(.) by extension 'python_setup_py'
[0.401s] Level 1:colcon.colcon_core.package_identification:_identify(build) by extensions ['ignore', 'ignore_ament_install']
[0.401s] Level 1:colcon.colcon_core.package_identification:_identify(build) by extension 'ignore'
[0.401s] Level 1:colcon.colcon_core.package_identification:_identify(build) ignored
[0.402s] Level 1:colcon.colcon_core.package_identification:_identify(install) by extensions ['ignore', 'ignore_ament_install']
[0.402s] Level 1:colcon.colcon_core.package_identification:_identify(install) by extension 'ignore'
[0.402s] Level 1:colcon.colcon_core.package_identification:_identify(install) ignored
[0.402s] Level 1:colcon.colcon_core.package_identification:_identify(log) by extensions ['ignore', 'ignore_ament_install']
[0.402s] Level 1:colcon.colcon_core.package_identification:_identify(log) by extension 'ignore'
[0.402s] Level 1:colcon.colcon_core.package_identification:_identify(log) ignored
[0.402s] Level 1:colcon.colcon_core.package_identification:_identify(my_robot) by extensions ['ignore', 'ignore_ament_install']
[0.402s] Level 1:colcon.colcon_core.package_identification:_identify(my_robot) by extension 'ignore'
[0.402s] Level 1:colcon.colcon_core.package_identification:_identify(my_robot) by extension 'ignore_ament_install'
[0.402s] Level 1:colcon.colcon_core.package_identification:_identify(my_robot) by extensions ['colcon_pkg']
[0.402s] Level 1:colcon.colcon_core.package_identification:_identify(my_robot) by extension 'colcon_pkg'
[0.402s] Level 1:colcon.colcon_core.package_identification:_identify(my_robot) by extensions ['colcon_meta']
[0.402s] Level 1:colcon.colcon_core.package_identification:_identify(my_robot) by extension 'colcon_meta'
[0.402s] Level 1:colcon.colcon_core.package_identification:_identify(my_robot) by extensions ['ros']
[0.402s] Level 1:colcon.colcon_core.package_identification:_identify(my_robot) by extension 'ros'
[0.404s] DEBUG:colcon.colcon_core.package_identification:Package 'my_robot' with type 'ros.ament_python' and name 'my_robot'
[0.404s] Level 1:colcon.colcon_core.package_identification:_identify(robot_controller) by extensions ['ignore', 'ignore_ament_install']
[0.404s] Level 1:colcon.colcon_core.package_identification:_identify(robot_controller) by extension 'ignore'
[0.404s] Level 1:colcon.colcon_core.package_identification:_identify(robot_controller) by extension 'ignore_ament_install'
[0.404s] Level 1:colcon.colcon_core.package_identification:_identify(robot_controller) by extensions ['colcon_pkg']
[0.404s] Level 1:colcon.colcon_core.package_identification:_identify(robot_controller) by extension 'colcon_pkg'
[0.404s] Level 1:colcon.colcon_core.package_identification:_identify(robot_controller) by extensions ['colcon_meta']
[0.404s] Level 1:colcon.colcon_core.package_identification:_identify(robot_controller) by extension 'colcon_meta'
[0.404s] Level 1:colcon.colcon_core.package_identification:_identify(robot_controller) by extensions ['ros']
[0.404s] Level 1:colcon.colcon_core.package_identification:_identify(robot_controller) by extension 'ros'
[0.405s] DEBUG:colcon.colcon_core.package_identification:Package 'robot_controller' with type 'ros.ament_python' and name 'robot_controller'
[0.405s] Level 1:colcon.colcon_core.package_identification:_identify(sensors) by extensions ['ignore', 'ignore_ament_install']
[0.405s] Level 1:colcon.colcon_core.package_identification:_identify(sensors) by extension 'ignore'
[0.405s] Level 1:colcon.colcon_core.package_identification:_identify(sensors) by extension 'ignore_ament_install'
[0.405s] Level 1:colcon.colcon_core.package_identification:_identify(sensors) by extensions ['colcon_pkg']
[0.405s] Level 1:colcon.colcon_core.package_identification:_identify(sensors) by extension 'colcon_pkg'
[0.405s] Level 1:colcon.colcon_core.package_identification:_identify(sensors) by extensions ['colcon_meta']
[0.405s] Level 1:colcon.colcon_core.package_identification:_identify(sensors) by extension 'colcon_meta'
[0.405s] Level 1:colcon.colcon_core.package_identification:_identify(sensors) by extensions ['ros']
[0.405s] Level 1:colcon.colcon_core.package_identification:_identify(sensors) by extension 'ros'
[0.405s] DEBUG:colcon.colcon_core.package_identification:Package 'sensors' with type 'ros.ament_python' and name 'sensors'
[0.405s] Level 1:colcon.colcon_core.package_discovery:discover_packages(recursive) using defaults
[0.405s] Level 1:colcon.colcon_core.package_discovery:discover_packages(ignore) discover
[0.405s] Level 1:colcon.colcon_core.package_discovery:discover_packages(ignore) using defaults
[0.405s] Level 1:colcon.colcon_core.package_discovery:discover_packages(path) discover
[0.405s] Level 1:colcon.colcon_core.package_discovery:discover_packages(path) using defaults
[0.430s] Level 1:colcon.colcon_core.package_discovery:discover_packages(prefix_path) check parameters
[0.430s] Level 1:colcon.colcon_core.package_discovery:discover_packages(prefix_path) discover
[0.436s] DEBUG:colcon.colcon_installed_package_information.package_discovery:Found 3 installed packages in /home/zukunft/projects/robotics/robot_basic_simulation/install
[0.438s] DEBUG:colcon.colcon_installed_package_information.package_discovery:Found 1 installed packages in /home/zukunft/agv_ws/install
[0.441s] DEBUG:colcon.colcon_installed_package_information.package_discovery:Found 338 installed packages in /opt/ros/humble
[0.442s] Level 1:colcon.colcon_core.package_discovery:discover_packages(prefix_path) using defaults
[0.492s] Level 5:colcon.colcon_core.verb:set package 'my_robot' build argument 'cmake_args' from command line to 'None'
[0.492s] Level 5:colcon.colcon_core.verb:set package 'my_robot' build argument 'cmake_target' from command line to 'None'
[0.492s] Level 5:colcon.colcon_core.verb:set package 'my_robot' build argument 'cmake_target_skip_unavailable' from command line to 'False'
[0.492s] Level 5:colcon.colcon_core.verb:set package 'my_robot' build argument 'cmake_clean_cache' from command line to 'False'
[0.492s] Level 5:colcon.colcon_core.verb:set package 'my_robot' build argument 'cmake_clean_first' from command line to 'False'
[0.492s] Level 5:colcon.colcon_core.verb:set package 'my_robot' build argument 'cmake_force_configure' from command line to 'False'
[0.492s] Level 5:colcon.colcon_core.verb:set package 'my_robot' build argument 'ament_cmake_args' from command line to 'None'
[0.492s] Level 5:colcon.colcon_core.verb:set package 'my_robot' build argument 'catkin_cmake_args' from command line to 'None'
[0.492s] Level 5:colcon.colcon_core.verb:set package 'my_robot' build argument 'catkin_skip_building_tests' from command line to 'False'
[0.492s] DEBUG:colcon.colcon_core.verb:Building package 'my_robot' with the following arguments: {'ament_cmake_args': None, 'build_base': '/home/zukunft/projects/robotics/robot_basic_simulation/src/build/my_robot', 'catkin_cmake_args': None, 'catkin_skip_building_tests': False, 'cmake_args': None, 'cmake_clean_cache': False, 'cmake_clean_first': False, 'cmake_force_configure': False, 'cmake_target': None, 'cmake_target_skip_unavailable': False, 'install_base': '/home/zukunft/projects/robotics/robot_basic_simulation/src/install/my_robot', 'merge_install': False, 'path': '/home/zukunft/projects/robotics/robot_basic_simulation/src/my_robot', 'symlink_install': False, 'test_result_base': None}
[0.497s] Level 5:colcon.colcon_core.verb:set package 'robot_controller' build argument 'cmake_args' from command line to 'None'
[0.497s] Level 5:colcon.colcon_core.verb:set package 'robot_controller' build argument 'cmake_target' from command line to 'None'
[0.497s] Level 5:colcon.colcon_core.verb:set package 'robot_controller' build argument 'cmake_target_skip_unavailable' from command line to 'False'
[0.497s] Level 5:colcon.colcon_core.verb:set package 'robot_controller' build argument 'cmake_clean_cache' from command line to 'False'
[0.497s] Level 5:colcon.colcon_core.verb:set package 'robot_controller' build argument 'cmake_clean_first' from command line to 'False'
[0.497s] Level 5:colcon.colcon_core.verb:set package 'robot_controller' build argument 'cmake_force_configure' from command line to 'False'
[0.497s] Level 5:colcon.colcon_core.verb:set package 'robot_controller' build argument 'ament_cmake_args' from command line to 'None'
[0.497s] Level 5:colcon.colcon_core.verb:set package 'robot_controller' build argument 'catkin_cmake_args' from command line to 'None'
[0.497s] Level 5:colcon.colcon_core.verb:set package 'robot_controller' build argument 'catkin_skip_building_tests' from command line to 'False'
[0.497s] DEBUG:colcon.colcon_core.verb:Building package 'robot_controller' with the following arguments: {'ament_cmake_args': None, 'build_base': '/home/zukunft/projects/robotics/robot_basic_simulation/src/build/robot_controller', 'catkin_cmake_args': None, 'catkin_skip_building_tests': False, 'cmake_args': None, 'cmake_clean_cache': False, 'cmake_clean_first': False, 'cmake_force_configure': False, 'cmake_target': None, 'cmake_target_skip_unavailable': False, 'install_base': '/home/zukunft/projects/robotics/robot_basic_simulation/src/install/robot_controller', 'merge_install': False, 'path': '/home/zukunft/projects/robotics/robot_basic_simulation/src/robot_controller', 'symlink_install': False, 'test_result_base': None}
[0.502s] Level 5:colcon.colcon_core.verb:set package 'sensors' build argument 'cmake_args' from command line to 'None'
[0.502s] Level 5:colcon.colcon_core.verb:set package 'sensors' build argument 'cmake_target' from command line to 'None'
[0.502s] Level 5:colcon.colcon_core.verb:set package 'sensors' build argument 'cmake_target_skip_unavailable' from command line to 'False'
[0.502s] Level 5:colcon.colcon_core.verb:set package 'sensors' build argument 'cmake_clean_cache' from command line to 'False'
[0.502s] Level 5:colcon.colcon_core.verb:set package 'sensors' build argument 'cmake_clean_first' from command line to 'False'
[0.502s] Level 5:colcon.colcon_core.verb:set package 'sensors' build argument 'cmake_force_configure' from command line to 'False'
[0.502s] Level 5:colcon.colcon_core.verb:set package 'sensors' build argument 'ament_cmake_args' from command line to 'None'
[0.502s] Level 5:colcon.colcon_core.verb:set package 'sensors' build argument 'catkin_cmake_args' from command line to 'None'
[0.502s] Level 5:colcon.colcon_core.verb:set package 'sensors' build argument 'catkin_skip_building_tests' from command line to 'False'
[0.502s] DEBUG:colcon.colcon_core.verb:Building package 'sensors' with the following arguments: {'ament_cmake_args': None, 'build_base': '/home/zukunft/projects/robotics/robot_basic_simulation/src/build/sensors', 'catkin_cmake_args': None, 'catkin_skip_building_tests': False, 'cmake_args': None, 'cmake_clean_cache': False, 'cmake_clean_first': False, 'cmake_force_configure': False, 'cmake_target': None, 'cmake_target_skip_unavailable': False, 'install_base': '/home/zukunft/projects/robotics/robot_basic_simulation/src/install/sensors', 'merge_install': False, 'path': '/home/zukunft/projects/robotics/robot_basic_simulation/src/sensors', 'symlink_install': False, 'test_result_base': None}
[0.504s] INFO:colcon.colcon_core.executor:Executing jobs using 'parallel' executor
[0.511s] DEBUG:colcon.colcon_parallel_executor.executor.parallel:run_until_complete
[0.511s] INFO:colcon.colcon_ros.task.ament_python.build:Building ROS package in '/home/zukunft/projects/robotics/robot_basic_simulation/src/my_robot' with build type 'ament_python'
[0.511s] Level 1:colcon.colcon_core.shell:create_environment_hook('my_robot', 'ament_prefix_path')
[0.516s] INFO:colcon.colcon_core.plugin_system:Skipping extension 'colcon_core.shell.bat': Not used on non-Windows systems
[0.516s] INFO:colcon.colcon_core.shell:Creating environment hook '/home/zukunft/projects/robotics/robot_basic_simulation/src/install/my_robot/share/my_robot/hook/ament_prefix_path.ps1'
[0.517s] INFO:colcon.colcon_core.shell:Creating environment descriptor '/home/zukunft/projects/robotics/robot_basic_simulation/src/install/my_robot/share/my_robot/hook/ament_prefix_path.dsv'
[0.517s] INFO:colcon.colcon_core.shell:Creating environment hook '/home/zukunft/projects/robotics/robot_basic_simulation/src/install/my_robot/share/my_robot/hook/ament_prefix_path.sh'
[0.520s] INFO:colcon.colcon_core.shell:Skip shell extension 'powershell' for command environment: Not usable outside of PowerShell
[0.520s] DEBUG:colcon.colcon_core.shell:Skip shell extension 'dsv' for command environment
[0.531s] INFO:colcon.colcon_ros.task.ament_python.build:Building ROS package in '/home/zukunft/projects/robotics/robot_basic_simulation/src/robot_controller' with build type 'ament_python'
[0.531s] Level 1:colcon.colcon_core.shell:create_environment_hook('robot_controller', 'ament_prefix_path')
[0.534s] INFO:colcon.colcon_core.shell:Creating environment hook '/home/zukunft/projects/robotics/robot_basic_simulation/src/install/robot_controller/share/robot_controller/hook/ament_prefix_path.ps1'
[0.535s] INFO:colcon.colcon_core.shell:Creating environment descriptor '/home/zukunft/projects/robotics/robot_basic_simulation/src/install/robot_controller/share/robot_controller/hook/ament_prefix_path.dsv'
[0.535s] INFO:colcon.colcon_core.shell:Creating environment hook '/home/zukunft/projects/robotics/robot_basic_simulation/src/install/robot_controller/share/robot_controller/hook/ament_prefix_path.sh'
[0.538s] INFO:colcon.colcon_core.shell:Skip shell extension 'powershell' for command environment: Not usable outside of PowerShell
[0.538s] DEBUG:colcon.colcon_core.shell:Skip shell extension 'dsv' for command environment
[0.550s] INFO:colcon.colcon_ros.task.ament_python.build:Building ROS package in '/home/zukunft/projects/robotics/robot_basic_simulation/src/sensors' with build type 'ament_python'
[0.550s] Level 1:colcon.colcon_core.shell:create_environment_hook('sensors', 'ament_prefix_path')
[0.553s] INFO:colcon.colcon_core.shell:Creating environment hook '/home/zukunft/projects/robotics/robot_basic_simulation/src/install/sensors/share/sensors/hook/ament_prefix_path.ps1'
[0.553s] INFO:colcon.colcon_core.shell:Creating environment descriptor '/home/zukunft/projects/robotics/robot_basic_simulation/src/install/sensors/share/sensors/hook/ament_prefix_path.dsv'
[0.554s] INFO:colcon.colcon_core.shell:Creating environment hook '/home/zukunft/projects/robotics/robot_basic_simulation/src/install/sensors/share/sensors/hook/ament_prefix_path.sh'
[0.557s] INFO:colcon.colcon_core.shell:Skip shell extension 'powershell' for command environment: Not usable outside of PowerShell
[0.557s] DEBUG:colcon.colcon_core.shell:Skip shell extension 'dsv' for command environment
[0.758s] INFO:colcon.colcon_core.task.python.build:Building Python package in '/home/zukunft/projects/robotics/robot_basic_simulation/src/my_robot'
[0.762s] INFO:colcon.colcon_core.shell:Skip shell extension 'powershell' for command environment: Not usable outside of PowerShell
[0.762s] DEBUG:colcon.colcon_core.shell:Skip shell extension 'dsv' for command environment
[0.969s] INFO:colcon.colcon_core.task.python.build:Building Python package in '/home/zukunft/projects/robotics/robot_basic_simulation/src/robot_controller'
[0.973s] INFO:colcon.colcon_core.shell:Skip shell extension 'powershell' for command environment: Not usable outside of PowerShell
[0.973s] DEBUG:colcon.colcon_core.shell:Skip shell extension 'dsv' for command environment
[1.178s] INFO:colcon.colcon_core.task.python.build:Building Python package in '/home/zukunft/projects/robotics/robot_basic_simulation/src/sensors'
[1.181s] INFO:colcon.colcon_core.shell:Skip shell extension 'powershell' for command environment: Not usable outside of PowerShell
[1.182s] DEBUG:colcon.colcon_core.shell:Skip shell extension 'dsv' for command environment
[1.494s] DEBUG:colcon.colcon_core.event_handler.log_command:Invoking command in '/home/zukunft/projects/robotics/robot_basic_simulation/src/sensors': PYTHONPATH=/home/zukunft/projects/robotics/robot_basic_simulation/src/build/sensors/prefix_override:/home/zukunft/projects/robotics/robot_basic_simulation/src/install/sensors/lib/python3.10/site-packages:${PYTHONPATH} /usr/bin/python3 setup.py egg_info --egg-base ../build/sensors build --build-base /home/zukunft/projects/robotics/robot_basic_simulation/src/build/sensors/build install --record /home/zukunft/projects/robotics/robot_basic_simulation/src/build/sensors/install.log --single-version-externally-managed
[1.500s] DEBUG:colcon.colcon_core.event_handler.log_command:Invoking command in '/home/zukunft/projects/robotics/robot_basic_simulation/src/robot_controller': PYTHONPATH=/home/zukunft/projects/robotics/robot_basic_simulation/src/build/robot_controller/prefix_override:/home/zukunft/projects/robotics/robot_basic_simulation/src/install/robot_controller/lib/python3.10/site-packages:${PYTHONPATH} /usr/bin/python3 setup.py egg_info --egg-base ../build/robot_controller build --build-base /home/zukunft/projects/robotics/robot_basic_simulation/src/build/robot_controller/build install --record /home/zukunft/projects/robotics/robot_basic_simulation/src/build/robot_controller/install.log --single-version-externally-managed
[1.501s] DEBUG:colcon.colcon_core.event_handler.log_command:Invoking command in '/home/zukunft/projects/robotics/robot_basic_simulation/src/my_robot': PYTHONPATH=/home/zukunft/projects/robotics/robot_basic_simulation/src/build/my_robot/prefix_override:/home/zukunft/projects/robotics/robot_basic_simulation/src/install/my_robot/lib/python3.10/site-packages:${PYTHONPATH} /usr/bin/python3 setup.py egg_info --egg-base ../build/my_robot build --build-base /home/zukunft/projects/robotics/robot_basic_simulation/src/build/my_robot/build install --record /home/zukunft/projects/robotics/robot_basic_simulation/src/build/my_robot/install.log --single-version-externally-managed
[1.783s] DEBUG:colcon.colcon_core.event_handler.log_command:Invoked command in '/home/zukunft/projects/robotics/robot_basic_simulation/src/robot_controller' returned '0': PYTHONPATH=/home/zukunft/projects/robotics/robot_basic_simulation/src/build/robot_controller/prefix_override:/home/zukunft/projects/robotics/robot_basic_simulation/src/install/robot_controller/lib/python3.10/site-packages:${PYTHONPATH} /usr/bin/python3 setup.py egg_info --egg-base ../build/robot_controller build --build-base /home/zukunft/projects/robotics/robot_basic_simulation/src/build/robot_controller/build install --record /home/zukunft/projects/robotics/robot_basic_simulation/src/build/robot_controller/install.log --single-version-externally-managed
[1.789s] Level 1:colcon.colcon_core.environment:checking '/home/zukunft/projects/robotics/robot_basic_simulation/src/install/robot_controller' for CMake module files
[1.789s] Level 1:colcon.colcon_core.environment:checking '/home/zukunft/projects/robotics/robot_basic_simulation/src/install/robot_controller' for CMake config files
[1.790s] Level 1:colcon.colcon_core.environment:checking '/home/zukunft/projects/robotics/robot_basic_simulation/src/install/robot_controller/lib'
[1.790s] Level 1:colcon.colcon_core.environment:checking '/home/zukunft/projects/robotics/robot_basic_simulation/src/install/robot_controller/bin'
[1.790s] Level 1:colcon.colcon_core.environment:checking '/home/zukunft/projects/robotics/robot_basic_simulation/src/install/robot_controller/lib/pkgconfig/robot_controller.pc'
[1.790s] Level 1:colcon.colcon_core.environment:checking '/home/zukunft/projects/robotics/robot_basic_simulation/src/install/robot_controller/lib/python3.10/site-packages'
[1.790s] Level 1:colcon.colcon_core.shell:create_environment_hook('robot_controller', 'pythonpath')
[1.794s] INFO:colcon.colcon_core.shell:Creating environment hook '/home/zukunft/projects/robotics/robot_basic_simulation/src/install/robot_controller/share/robot_controller/hook/pythonpath.ps1'
[1.794s] INFO:colcon.colcon_core.shell:Creating environment descriptor '/home/zukunft/projects/robotics/robot_basic_simulation/src/install/robot_controller/share/robot_controller/hook/pythonpath.dsv'
[1.795s] INFO:colcon.colcon_core.shell:Creating environment hook '/home/zukunft/projects/robotics/robot_basic_simulation/src/install/robot_controller/share/robot_controller/hook/pythonpath.sh'
[1.795s] Level 1:colcon.colcon_core.environment:checking '/home/zukunft/projects/robotics/robot_basic_simulation/src/install/robot_controller/bin'
[1.795s] Level 1:colcon.colcon_core.environment:create_environment_scripts_only(robot_controller)
[1.799s] INFO:colcon.colcon_core.shell:Creating package script '/home/zukunft/projects/robotics/robot_basic_simulation/src/install/robot_controller/share/robot_controller/package.ps1'
[1.799s] INFO:colcon.colcon_core.shell:Creating package descriptor '/home/zukunft/projects/robotics/robot_basic_simulation/src/install/robot_controller/share/robot_controller/package.dsv'
[1.800s] INFO:colcon.colcon_core.shell:Creating package script '/home/zukunft/projects/robotics/robot_basic_simulation/src/install/robot_controller/share/robot_controller/package.sh'
[1.801s] INFO:colcon.colcon_core.shell:Creating package script '/home/zukunft/projects/robotics/robot_basic_simulation/src/install/robot_controller/share/robot_controller/package.bash'
[1.801s] INFO:colcon.colcon_core.shell:Creating package script '/home/zukunft/projects/robotics/robot_basic_simulation/src/install/robot_controller/share/robot_controller/package.zsh'
[1.802s] Level 1:colcon.colcon_core.environment:create_file_with_runtime_dependencies(/home/zukunft/projects/robotics/robot_basic_simulation/src/install/robot_controller/share/colcon-core/packages/robot_controller)
[1.807s] Level 1:colcon.colcon_core.environment:checking '/home/zukunft/projects/robotics/robot_basic_simulation/src/install/sensors' for CMake module files
[1.807s] DEBUG:colcon.colcon_core.event_handler.log_command:Invoked command in '/home/zukunft/projects/robotics/robot_basic_simulation/src/sensors' returned '0': PYTHONPATH=/home/zukunft/projects/robotics/robot_basic_simulation/src/build/sensors/prefix_override:/home/zukunft/projects/robotics/robot_basic_simulation/src/install/sensors/lib/python3.10/site-packages:${PYTHONPATH} /usr/bin/python3 setup.py egg_info --egg-base ../build/sensors build --build-base /home/zukunft/projects/robotics/robot_basic_simulation/src/build/sensors/build install --record /home/zukunft/projects/robotics/robot_basic_simulation/src/build/sensors/install.log --single-version-externally-managed
[1.807s] Level 1:colcon.colcon_core.environment:checking '/home/zukunft/projects/robotics/robot_basic_simulation/src/install/sensors' for CMake config files
[1.808s] Level 1:colcon.colcon_core.environment:checking '/home/zukunft/projects/robotics/robot_basic_simulation/src/install/sensors/lib'
[1.808s] Level 1:colcon.colcon_core.environment:checking '/home/zukunft/projects/robotics/robot_basic_simulation/src/install/sensors/bin'
[1.808s] Level 1:colcon.colcon_core.environment:checking '/home/zukunft/projects/robotics/robot_basic_simulation/src/install/sensors/lib/pkgconfig/sensors.pc'
[1.808s] Level 1:colcon.colcon_core.environment:checking '/home/zukunft/projects/robotics/robot_basic_simulation/src/install/sensors/lib/python3.10/site-packages'
[1.808s] Level 1:colcon.colcon_core.shell:create_environment_hook('sensors', 'pythonpath')
[1.811s] INFO:colcon.colcon_core.shell:Creating environment hook '/home/zukunft/projects/robotics/robot_basic_simulation/src/install/sensors/share/sensors/hook/pythonpath.ps1'
[1.812s] INFO:colcon.colcon_core.shell:Creating environment descriptor '/home/zukunft/projects/robotics/robot_basic_simulation/src/install/sensors/share/sensors/hook/pythonpath.dsv'
[1.812s] INFO:colcon.colcon_core.shell:Creating environment hook '/home/zukunft/projects/robotics/robot_basic_simulation/src/install/sensors/share/sensors/hook/pythonpath.sh'
[1.812s] Level 1:colcon.colcon_core.environment:checking '/home/zukunft/projects/robotics/robot_basic_simulation/src/install/sensors/bin'
[1.812s] Level 1:colcon.colcon_core.environment:create_environment_scripts_only(sensors)
[1.816s] INFO:colcon.colcon_core.shell:Creating package script '/home/zukunft/projects/robotics/robot_basic_simulation/src/install/sensors/share/sensors/package.ps1'
[1.816s] INFO:colcon.colcon_core.shell:Creating package descriptor '/home/zukunft/projects/robotics/robot_basic_simulation/src/install/sensors/share/sensors/package.dsv'
[1.816s] INFO:colcon.colcon_core.shell:Creating package script '/home/zukunft/projects/robotics/robot_basic_simulation/src/install/sensors/share/sensors/package.sh'
[1.817s] INFO:colcon.colcon_core.shell:Creating package script '/home/zukunft/projects/robotics/robot_basic_simulation/src/install/sensors/share/sensors/package.bash'
[1.817s] INFO:colcon.colcon_core.shell:Creating package script '/home/zukunft/projects/robotics/robot_basic_simulation/src/install/sensors/share/sensors/package.zsh'
[1.817s] Level 1:colcon.colcon_core.environment:create_file_with_runtime_dependencies(/home/zukunft/projects/robotics/robot_basic_simulation/src/install/sensors/share/colcon-core/packages/sensors)
[1.821s] Level 1:colcon.colcon_core.environment:checking '/home/zukunft/projects/robotics/robot_basic_simulation/src/install/my_robot' for CMake module files
[1.822s] Level 1:colcon.colcon_core.environment:checking '/home/zukunft/projects/robotics/robot_basic_simulation/src/install/my_robot' for CMake config files
[1.822s] DEBUG:colcon.colcon_core.event_handler.log_command:Invoked command in '/home/zukunft/projects/robotics/robot_basic_simulation/src/my_robot' returned '0': PYTHONPATH=/home/zukunft/projects/robotics/robot_basic_simulation/src/build/my_robot/prefix_override:/home/zukunft/projects/robotics/robot_basic_simulation/src/install/my_robot/lib/python3.10/site-packages:${PYTHONPATH} /usr/bin/python3 setup.py egg_info --egg-base ../build/my_robot build --build-base /home/zukunft/projects/robotics/robot_basic_simulation/src/build/my_robot/build install --record /home/zukunft/projects/robotics/robot_basic_simulation/src/build/my_robot/install.log --single-version-externally-managed
[1.823s] Level 1:colcon.colcon_core.environment:checking '/home/zukunft/projects/robotics/robot_basic_simulation/src/install/my_robot/lib'
[1.823s] Level 1:colcon.colcon_core.environment:checking '/home/zukunft/projects/robotics/robot_basic_simulation/src/install/my_robot/bin'
[1.823s] Level 1:colcon.colcon_core.environment:checking '/home/zukunft/projects/robotics/robot_basic_simulation/src/install/my_robot/lib/pkgconfig/my_robot.pc'
[1.823s] Level 1:colcon.colcon_core.environment:checking '/home/zukunft/projects/robotics/robot_basic_simulation/src/install/my_robot/lib/python3.10/site-packages'
[1.823s] Level 1:colcon.colcon_core.shell:create_environment_hook('my_robot', 'pythonpath')
[1.826s] INFO:colcon.colcon_core.shell:Creating environment hook '/home/zukunft/projects/robotics/robot_basic_simulation/src/install/my_robot/share/my_robot/hook/pythonpath.ps1'
[1.826s] INFO:colcon.colcon_core.shell:Creating environment descriptor '/home/zukunft/projects/robotics/robot_basic_simulation/src/install/my_robot/share/my_robot/hook/pythonpath.dsv'
[1.827s] INFO:colcon.colcon_core.shell:Creating environment hook '/home/zukunft/projects/robotics/robot_basic_simulation/src/install/my_robot/share/my_robot/hook/pythonpath.sh'
[1.827s] Level 1:colcon.colcon_core.environment:checking '/home/zukunft/projects/robotics/robot_basic_simulation/src/install/my_robot/bin'
[1.827s] Level 1:colcon.colcon_core.environment:create_environment_scripts_only(my_robot)
[1.831s] INFO:colcon.colcon_core.shell:Creating package script '/home/zukunft/projects/robotics/robot_basic_simulation/src/install/my_robot/share/my_robot/package.ps1'
[1.832s] INFO:colcon.colcon_core.shell:Creating package descriptor '/home/zukunft/projects/robotics/robot_basic_simulation/src/install/my_robot/share/my_robot/package.dsv'
[1.832s] INFO:colcon.colcon_core.shell:Creating package script '/home/zukunft/projects/robotics/robot_basic_simulation/src/install/my_robot/share/my_robot/package.sh'
[1.832s] INFO:colcon.colcon_core.shell:Creating package script '/home/zukunft/projects/robotics/robot_basic_simulation/src/install/my_robot/share/my_robot/package.bash'
[1.833s] INFO:colcon.colcon_core.shell:Creating package script '/home/zukunft/projects/robotics/robot_basic_simulation/src/install/my_robot/share/my_robot/package.zsh'
[1.833s] Level 1:colcon.colcon_core.environment:create_file_with_runtime_dependencies(/home/zukunft/projects/robotics/robot_basic_simulation/src/install/my_robot/share/colcon-core/packages/my_robot)
[1.833s] DEBUG:colcon.colcon_parallel_executor.executor.parallel:closing loop
[1.834s] DEBUG:colcon.colcon_parallel_executor.executor.parallel:loop closed
[1.834s] DEBUG:colcon.colcon_parallel_executor.executor.parallel:run_until_complete finished with '0'
[1.834s] DEBUG:colcon.colcon_core.event_reactor:joining thread
[1.841s] INFO:colcon.colcon_core.plugin_system:Skipping extension 'colcon_notification.desktop_notification.terminal_notifier': Not used on non-Darwin systems
[1.841s] INFO:colcon.colcon_core.plugin_system:Skipping extension 'colcon_notification.desktop_notification.win32': Not used on non-Windows systems
[1.841s] INFO:colcon.colcon_notification.desktop_notification:Sending desktop notification using 'notify2'
[1.850s] DEBUG:colcon.colcon_core.event_reactor:joined thread
[1.853s] INFO:colcon.colcon_core.shell:Creating prefix script '/home/zukunft/projects/robotics/robot_basic_simulation/src/install/local_setup.ps1'
[1.854s] INFO:colcon.colcon_core.shell:Creating prefix util module '/home/zukunft/projects/robotics/robot_basic_simulation/src/install/_local_setup_util_ps1.py'
[1.855s] INFO:colcon.colcon_core.shell:Creating prefix chain script '/home/zukunft/projects/robotics/robot_basic_simulation/src/install/setup.ps1'
[1.859s] INFO:colcon.colcon_core.shell:Creating prefix script '/home/zukunft/projects/robotics/robot_basic_simulation/src/install/local_setup.sh'
[1.860s] INFO:colcon.colcon_core.shell:Creating prefix util module '/home/zukunft/projects/robotics/robot_basic_simulation/src/install/_local_setup_util_sh.py'
[1.860s] INFO:colcon.colcon_core.shell:Creating prefix chain script '/home/zukunft/projects/robotics/robot_basic_simulation/src/install/setup.sh'
[1.865s] INFO:colcon.colcon_core.shell:Creating prefix script '/home/zukunft/projects/robotics/robot_basic_simulation/src/install/local_setup.bash'
[1.866s] INFO:colcon.colcon_core.shell:Creating prefix chain script '/home/zukunft/projects/robotics/robot_basic_simulation/src/install/setup.bash'
[1.869s] INFO:colcon.colcon_core.shell:Creating prefix script '/home/zukunft/projects/robotics/robot_basic_simulation/src/install/local_setup.zsh'
[1.870s] INFO:colcon.colcon_core.shell:Creating prefix chain script '/home/zukunft/projects/robotics/robot_basic_simulation/src/install/setup.zsh'
