[1.199s] Invoking command in '/home/zukunft/projects/robotics/robot_basic_simulation/src/robot_controller': PYTHONPATH=/home/zukunft/projects/robotics/robot_basic_simulation/src/build/robot_controller/prefix_override:/home/zukunft/projects/robotics/robot_basic_simulation/src/install/robot_controller/lib/python3.10/site-packages:${PYTHONPATH} /usr/bin/python3 setup.py egg_info --egg-base ../build/robot_controller build --build-base /home/zukunft/projects/robotics/robot_basic_simulation/src/build/robot_controller/build install --record /home/zukunft/projects/robotics/robot_basic_simulation/src/build/robot_controller/install.log --single-version-externally-managed
[1.451s] running egg_info
[1.451s] creating ../build/robot_controller/robot_controller.egg-info
[1.452s] writing ../build/robot_controller/robot_controller.egg-info/PKG-INFO
[1.452s] writing dependency_links to ../build/robot_controller/robot_controller.egg-info/dependency_links.txt
[1.453s] writing entry points to ../build/robot_controller/robot_controller.egg-info/entry_points.txt
[1.453s] writing requirements to ../build/robot_controller/robot_controller.egg-info/requires.txt
[1.453s] writing top-level names to ../build/robot_controller/robot_controller.egg-info/top_level.txt
[1.453s] writing manifest file '../build/robot_controller/robot_controller.egg-info/SOURCES.txt'
[1.456s] reading manifest file '../build/robot_controller/robot_controller.egg-info/SOURCES.txt'
[1.457s] writing manifest file '../build/robot_controller/robot_controller.egg-info/SOURCES.txt'
[1.457s] running build
[1.458s] running build_py
[1.458s] creating /home/zukunft/projects/robotics/robot_basic_simulation/src/build/robot_controller/build
[1.458s] creating /home/zukunft/projects/robotics/robot_basic_simulation/src/build/robot_controller/build/lib
[1.458s] creating /home/zukunft/projects/robotics/robot_basic_simulation/src/build/robot_controller/build/lib/robot_controller
[1.458s] copying robot_controller/__init__.py -> /home/zukunft/projects/robotics/robot_basic_simulation/src/build/robot_controller/build/lib/robot_controller
[1.458s] copying robot_controller/controller.py -> /home/zukunft/projects/robotics/robot_basic_simulation/src/build/robot_controller/build/lib/robot_controller
[1.458s] running install
[1.459s] /usr/lib/python3/dist-packages/setuptools/command/install.py:34: SetuptoolsDeprecationWarning: setup.py install is deprecated. Use build and pip and other standards-based tools.
[1.459s]   warnings.warn(
[1.459s] running install_lib
[1.460s] creating /home/zukunft/projects/robotics/robot_basic_simulation/src/install/robot_controller/lib/python3.10/site-packages/robot_controller
[1.460s] copying /home/zukunft/projects/robotics/robot_basic_simulation/src/build/robot_controller/build/lib/robot_controller/__init__.py -> /home/zukunft/projects/robotics/robot_basic_simulation/src/install/robot_controller/lib/python3.10/site-packages/robot_controller
[1.460s] copying /home/zukunft/projects/robotics/robot_basic_simulation/src/build/robot_controller/build/lib/robot_controller/controller.py -> /home/zukunft/projects/robotics/robot_basic_simulation/src/install/robot_controller/lib/python3.10/site-packages/robot_controller
[1.461s] byte-compiling /home/zukunft/projects/robotics/robot_basic_simulation/src/install/robot_controller/lib/python3.10/site-packages/robot_controller/__init__.py to __init__.cpython-310.pyc
[1.462s] byte-compiling /home/zukunft/projects/robotics/robot_basic_simulation/src/install/robot_controller/lib/python3.10/site-packages/robot_controller/controller.py to controller.cpython-310.pyc
[1.462s] running install_data
[1.463s] creating /home/zukunft/projects/robotics/robot_basic_simulation/src/install/robot_controller/share/ament_index
[1.463s] creating /home/zukunft/projects/robotics/robot_basic_simulation/src/install/robot_controller/share/ament_index/resource_index
[1.463s] creating /home/zukunft/projects/robotics/robot_basic_simulation/src/install/robot_controller/share/ament_index/resource_index/packages
[1.463s] copying resource/robot_controller -> /home/zukunft/projects/robotics/robot_basic_simulation/src/install/robot_controller/share/ament_index/resource_index/packages
[1.464s] copying package.xml -> /home/zukunft/projects/robotics/robot_basic_simulation/src/install/robot_controller/share/robot_controller
[1.464s] running install_egg_info
[1.465s] Copying ../build/robot_controller/robot_controller.egg-info to /home/zukunft/projects/robotics/robot_basic_simulation/src/install/robot_controller/lib/python3.10/site-packages/robot_controller-0.0.0-py3.10.egg-info
[1.466s] running install_scripts
[1.497s] Installing basic_movement script to /home/zukunft/projects/robotics/robot_basic_simulation/src/install/robot_controller/lib/robot_controller
[1.497s] writing list of installed files to '/home/zukunft/projects/robotics/robot_basic_simulation/src/build/robot_controller/install.log'
[1.594s] Invoked command in '/home/zukunft/projects/robotics/robot_basic_simulation/src/robot_controller' returned '0': PYTHONPATH=/home/zukunft/projects/robotics/robot_basic_simulation/src/build/robot_controller/prefix_override:/home/zukunft/projects/robotics/robot_basic_simulation/src/install/robot_controller/lib/python3.10/site-packages:${PYTHONPATH} /usr/bin/python3 setup.py egg_info --egg-base ../build/robot_controller build --build-base /home/zukunft/projects/robotics/robot_basic_simulation/src/build/robot_controller/build install --record /home/zukunft/projects/robotics/robot_basic_simulation/src/build/robot_controller/install.log --single-version-externally-managed
