running develop
Removing /home/zukunft/projects/robotics/robot_basic_simulation/install/sensors/lib/python3.10/site-packages/sensors.egg-link (link to .)
running egg_info
writing ../../build/sensors/sensors.egg-info/PKG-INFO
writing dependency_links to ../../build/sensors/sensors.egg-info/dependency_links.txt
writing entry points to ../../build/sensors/sensors.egg-info/entry_points.txt
writing requirements to ../../build/sensors/sensors.egg-info/requires.txt
writing top-level names to ../../build/sensors/sensors.egg-info/top_level.txt
reading manifest file '../../build/sensors/sensors.egg-info/SOURCES.txt'
writing manifest file '../../build/sensors/sensors.egg-info/SOURCES.txt'
running build
running build_py
copying sensors/lidar_pub.py -> /home/zukunft/projects/robotics/robot_basic_simulation/build/sensors/build/lib/sensors
copying sensors/lidar_sub.py -> /home/zukunft/projects/robotics/robot_basic_simulation/build/sensors/build/lib/sensors
copying sensors/camera_sub.py -> /home/zukunft/projects/robotics/robot_basic_simulation/build/sensors/build/lib/sensors
copying sensors/camera_pub.py -> /home/zukunft/projects/robotics/robot_basic_simulation/build/sensors/build/lib/sensors
running install
running install_lib
creating /home/zukunft/projects/robotics/robot_basic_simulation/install/sensors/lib/python3.10/site-packages/sensors
copying /home/zukunft/projects/robotics/robot_basic_simulation/build/sensors/build/lib/sensors/lidar_pub.py -> /home/zukunft/projects/robotics/robot_basic_simulation/install/sensors/lib/python3.10/site-packages/sensors
copying /home/zukunft/projects/robotics/robot_basic_simulation/build/sensors/build/lib/sensors/lidar_sub.py -> /home/zukunft/projects/robotics/robot_basic_simulation/install/sensors/lib/python3.10/site-packages/sensors
copying /home/zukunft/projects/robotics/robot_basic_simulation/build/sensors/build/lib/sensors/camera_sub.py -> /home/zukunft/projects/robotics/robot_basic_simulation/install/sensors/lib/python3.10/site-packages/sensors
copying /home/zukunft/projects/robotics/robot_basic_simulation/build/sensors/build/lib/sensors/__init__.py -> /home/zukunft/projects/robotics/robot_basic_simulation/install/sensors/lib/python3.10/site-packages/sensors
copying /home/zukunft/projects/robotics/robot_basic_simulation/build/sensors/build/lib/sensors/camera_pub.py -> /home/zukunft/projects/robotics/robot_basic_simulation/install/sensors/lib/python3.10/site-packages/sensors
byte-compiling /home/zukunft/projects/robotics/robot_basic_simulation/install/sensors/lib/python3.10/site-packages/sensors/lidar_pub.py to lidar_pub.cpython-310.pyc
byte-compiling /home/zukunft/projects/robotics/robot_basic_simulation/install/sensors/lib/python3.10/site-packages/sensors/lidar_sub.py to lidar_sub.cpython-310.pyc
byte-compiling /home/zukunft/projects/robotics/robot_basic_simulation/install/sensors/lib/python3.10/site-packages/sensors/camera_sub.py to camera_sub.cpython-310.pyc
byte-compiling /home/zukunft/projects/robotics/robot_basic_simulation/install/sensors/lib/python3.10/site-packages/sensors/__init__.py to __init__.cpython-310.pyc
byte-compiling /home/zukunft/projects/robotics/robot_basic_simulation/install/sensors/lib/python3.10/site-packages/sensors/camera_pub.py to camera_pub.cpython-310.pyc
running install_data
running install_egg_info
Copying ../../build/sensors/sensors.egg-info to /home/zukunft/projects/robotics/robot_basic_simulation/install/sensors/lib/python3.10/site-packages/sensors-0.0.0-py3.10.egg-info
running install_scripts
writing list of installed files to '/home/zukunft/projects/robotics/robot_basic_simulation/build/sensors/install.log'
