[0.648s] Invoking command in '/home/zukunft/robot_sim/src/my_robot': PYTHONPATH=/home/zukunft/robot_sim/build/my_robot/prefix_override:/home/zukunft/robot_sim/install/my_robot/lib/python3.10/site-packages:${PYTHONPATH} /usr/bin/python3 setup.py egg_info --egg-base ../../build/my_robot build --build-base /home/zukunft/robot_sim/build/my_robot/build install --record /home/zukunft/robot_sim/build/my_robot/install.log --single-version-externally-managed
[0.858s] running egg_info
[0.859s] writing ../../build/my_robot/my_robot.egg-info/PKG-INFO
[0.859s] writing dependency_links to ../../build/my_robot/my_robot.egg-info/dependency_links.txt
[0.859s] writing entry points to ../../build/my_robot/my_robot.egg-info/entry_points.txt
[0.859s] writing requirements to ../../build/my_robot/my_robot.egg-info/requires.txt
[0.859s] writing top-level names to ../../build/my_robot/my_robot.egg-info/top_level.txt
[0.862s] reading manifest file '../../build/my_robot/my_robot.egg-info/SOURCES.txt'
[0.862s] writing manifest file '../../build/my_robot/my_robot.egg-info/SOURCES.txt'
[0.862s] running build
[0.862s] running build_py
[0.862s] copying my_robot/controller.py -> /home/zukunft/robot_sim/build/my_robot/build/lib/my_robot
[0.863s] running install
[0.863s] /usr/lib/python3/dist-packages/setuptools/command/install.py:34: SetuptoolsDeprecationWarning: setup.py install is deprecated. Use build and pip and other standards-based tools.
[0.863s]   warnings.warn(
[0.863s] running install_lib
[0.864s] copying /home/zukunft/robot_sim/build/my_robot/build/lib/my_robot/controller.py -> /home/zukunft/robot_sim/install/my_robot/lib/python3.10/site-packages/my_robot
[0.865s] byte-compiling /home/zukunft/robot_sim/install/my_robot/lib/python3.10/site-packages/my_robot/controller.py to controller.cpython-310.pyc
[0.865s] running install_data
[0.866s] running install_egg_info
[0.868s] removing '/home/zukunft/robot_sim/install/my_robot/lib/python3.10/site-packages/my_robot-0.0.0-py3.10.egg-info' (and everything under it)
[0.868s] Copying ../../build/my_robot/my_robot.egg-info to /home/zukunft/robot_sim/install/my_robot/lib/python3.10/site-packages/my_robot-0.0.0-py3.10.egg-info
[0.869s] running install_scripts
[0.887s] Installing robot_controller script to /home/zukunft/robot_sim/install/my_robot/lib/my_robot
[0.887s] writing list of installed files to '/home/zukunft/robot_sim/build/my_robot/install.log'
[0.926s] Invoked command in '/home/zukunft/robot_sim/src/my_robot' returned '0': PYTHONPATH=/home/zukunft/robot_sim/build/my_robot/prefix_override:/home/zukunft/robot_sim/install/my_robot/lib/python3.10/site-packages:${PYTHONPATH} /usr/bin/python3 setup.py egg_info --egg-base ../../build/my_robot build --build-base /home/zukunft/robot_sim/build/my_robot/build install --record /home/zukunft/robot_sim/build/my_robot/install.log --single-version-externally-managed
