[0.358s] DEBUG:colcon:Command line arguments: ['/home/zukunft/.local/bin/colcon', 'build']
[0.358s] DEBUG:colcon:Parsed command line arguments: Namespace(log_base=None, log_level=None, verb_name='build', build_base='build', install_base='install', merge_install=False, symlink_install=False, test_result_base=None, continue_on_error=False, executor='parallel', parallel_workers=8, event_handlers=None, ignore_user_meta=False, metas=['./colcon.meta'], base_paths=['.'], packages_ignore=None, packages_ignore_regex=None, paths=None, packages_up_to=None, packages_up_to_regex=None, packages_above=None, packages_above_and_dependencies=None, packages_above_depth=None, packages_select_by_dep=None, packages_skip_by_dep=None, packages_skip_up_to=None, packages_select_build_failed=False, packages_skip_build_finished=False, packages_select_test_failures=False, packages_skip_test_passed=False, packages_select=None, packages_skip=None, packages_select_regex=None, packages_skip_regex=None, packages_start=None, packages_end=None, allow_overriding=[], cmake_args=None, cmake_target=None, cmake_target_skip_unavailable=False, cmake_clean_cache=False, cmake_clean_first=False, cmake_force_configure=False, ament_cmake_args=None, catkin_cmake_args=None, catkin_skip_building_tests=False, verb_parser=<colcon_defaults.argument_parser.defaults.DefaultArgumentsDecorator object at 0x7f6ffce71780>, verb_extension=<colcon_core.verb.build.BuildVerb object at 0x7f6ffd5c1c30>, main=<bound method BuildVerb.main of <colcon_core.verb.build.BuildVerb object at 0x7f6ffd5c1c30>>)
[0.377s] Level 1:colcon.colcon_core.package_discovery:discover_packages(colcon_meta) check parameters
[0.377s] Level 1:colcon.colcon_core.package_discovery:discover_packages(recursive) check parameters
[0.378s] Level 1:colcon.colcon_core.package_discovery:discover_packages(ignore) check parameters
[0.378s] Level 1:colcon.colcon_core.package_discovery:discover_packages(path) check parameters
[0.378s] Level 1:colcon.colcon_core.package_discovery:discover_packages(colcon_meta) discover
[0.378s] Level 1:colcon.colcon_core.package_discovery:discover_packages(recursive) discover
[0.378s] INFO:colcon.colcon_core.package_discovery:Crawling recursively for packages in '/home/zukunft/projects/robotics/robot_basic_simulation/src'
[0.378s] Level 1:colcon.colcon_core.package_identification:_identify(.) by extensions ['ignore', 'ignore_ament_install']
[0.378s] Level 1:colcon.colcon_core.package_identification:_identify(.) by extension 'ignore'
[0.378s] Level 1:colcon.colcon_core.package_identification:_identify(.) by extension 'ignore_ament_install'
[0.378s] Level 1:colcon.colcon_core.package_identification:_identify(.) by extensions ['colcon_pkg']
[0.378s] Level 1:colcon.colcon_core.package_identification:_identify(.) by extension 'colcon_pkg'
[0.378s] Level 1:colcon.colcon_core.package_identification:_identify(.) by extensions ['colcon_meta']
[0.378s] Level 1:colcon.colcon_core.package_identification:_identify(.) by extension 'colcon_meta'
[0.378s] Level 1:colcon.colcon_core.package_identification:_identify(.) by extensions ['ros']
[0.378s] Level 1:colcon.colcon_core.package_identification:_identify(.) by extension 'ros'
[0.386s] Level 1:colcon.colcon_core.package_identification:_identify(.) by extensions ['cmake', 'python']
[0.386s] Level 1:colcon.colcon_core.package_identification:_identify(.) by extension 'cmake'
[0.386s] Level 1:colcon.colcon_core.package_identification:_identify(.) by extension 'python'
[0.387s] Level 1:colcon.colcon_core.package_identification:_identify(.) by extensions ['python_setup_py']
[0.387s] Level 1:colcon.colcon_core.package_identification:_identify(.) by extension 'python_setup_py'
[0.387s] Level 1:colcon.colcon_core.package_identification:_identify(build) by extensions ['ignore', 'ignore_ament_install']
[0.387s] Level 1:colcon.colcon_core.package_identification:_identify(build) by extension 'ignore'
[0.387s] Level 1:colcon.colcon_core.package_identification:_identify(build) ignored
[0.387s] Level 1:colcon.colcon_core.package_identification:_identify(install) by extensions ['ignore', 'ignore_ament_install']
[0.387s] Level 1:colcon.colcon_core.package_identification:_identify(install) by extension 'ignore'
[0.387s] Level 1:colcon.colcon_core.package_identification:_identify(install) ignored
[0.387s] Level 1:colcon.colcon_core.package_identification:_identify(log) by extensions ['ignore', 'ignore_ament_install']
[0.387s] Level 1:colcon.colcon_core.package_identification:_identify(log) by extension 'ignore'
[0.387s] Level 1:colcon.colcon_core.package_identification:_identify(log) ignored
[0.387s] Level 1:colcon.colcon_core.package_identification:_identify(my_robot) by extensions ['ignore', 'ignore_ament_install']
[0.387s] Level 1:colcon.colcon_core.package_identification:_identify(my_robot) by extension 'ignore'
[0.387s] Level 1:colcon.colcon_core.package_identification:_identify(my_robot) by extension 'ignore_ament_install'
[0.387s] Level 1:colcon.colcon_core.package_identification:_identify(my_robot) by extensions ['colcon_pkg']
[0.387s] Level 1:colcon.colcon_core.package_identification:_identify(my_robot) by extension 'colcon_pkg'
[0.387s] Level 1:colcon.colcon_core.package_identification:_identify(my_robot) by extensions ['colcon_meta']
[0.387s] Level 1:colcon.colcon_core.package_identification:_identify(my_robot) by extension 'colcon_meta'
[0.387s] Level 1:colcon.colcon_core.package_identification:_identify(my_robot) by extensions ['ros']
[0.387s] Level 1:colcon.colcon_core.package_identification:_identify(my_robot) by extension 'ros'
[0.389s] DEBUG:colcon.colcon_core.package_identification:Package 'my_robot' with type 'ros.ament_python' and name 'my_robot'
[0.389s] Level 1:colcon.colcon_core.package_identification:_identify(robot_controller) by extensions ['ignore', 'ignore_ament_install']
[0.389s] Level 1:colcon.colcon_core.package_identification:_identify(robot_controller) by extension 'ignore'
[0.389s] Level 1:colcon.colcon_core.package_identification:_identify(robot_controller) by extension 'ignore_ament_install'
[0.389s] Level 1:colcon.colcon_core.package_identification:_identify(robot_controller) by extensions ['colcon_pkg']
[0.389s] Level 1:colcon.colcon_core.package_identification:_identify(robot_controller) by extension 'colcon_pkg'
[0.389s] Level 1:colcon.colcon_core.package_identification:_identify(robot_controller) by extensions ['colcon_meta']
[0.389s] Level 1:colcon.colcon_core.package_identification:_identify(robot_controller) by extension 'colcon_meta'
[0.389s] Level 1:colcon.colcon_core.package_identification:_identify(robot_controller) by extensions ['ros']
[0.389s] Level 1:colcon.colcon_core.package_identification:_identify(robot_controller) by extension 'ros'
[0.390s] DEBUG:colcon.colcon_core.package_identification:Package 'robot_controller' with type 'ros.ament_python' and name 'robot_controller'
[0.390s] Level 1:colcon.colcon_core.package_identification:_identify(sensors) by extensions ['ignore', 'ignore_ament_install']
[0.390s] Level 1:colcon.colcon_core.package_identification:_identify(sensors) by extension 'ignore'
[0.390s] Level 1:colcon.colcon_core.package_identification:_identify(sensors) by extension 'ignore_ament_install'
[0.390s] Level 1:colcon.colcon_core.package_identification:_identify(sensors) by extensions ['colcon_pkg']
[0.390s] Level 1:colcon.colcon_core.package_identification:_identify(sensors) by extension 'colcon_pkg'
[0.390s] Level 1:colcon.colcon_core.package_identification:_identify(sensors) by extensions ['colcon_meta']
[0.390s] Level 1:colcon.colcon_core.package_identification:_identify(sensors) by extension 'colcon_meta'
[0.390s] Level 1:colcon.colcon_core.package_identification:_identify(sensors) by extensions ['ros']
[0.390s] Level 1:colcon.colcon_core.package_identification:_identify(sensors) by extension 'ros'
[0.390s] DEBUG:colcon.colcon_core.package_identification:Package 'sensors' with type 'ros.ament_python' and name 'sensors'
[0.390s] Level 1:colcon.colcon_core.package_identification:_identify(world) by extensions ['ignore', 'ignore_ament_install']
[0.391s] Level 1:colcon.colcon_core.package_identification:_identify(world) by extension 'ignore'
[0.391s] Level 1:colcon.colcon_core.package_identification:_identify(world) by extension 'ignore_ament_install'
[0.391s] Level 1:colcon.colcon_core.package_identification:_identify(world) by extensions ['colcon_pkg']
[0.391s] Level 1:colcon.colcon_core.package_identification:_identify(world) by extension 'colcon_pkg'
[0.391s] Level 1:colcon.colcon_core.package_identification:_identify(world) by extensions ['colcon_meta']
[0.391s] Level 1:colcon.colcon_core.package_identification:_identify(world) by extension 'colcon_meta'
[0.391s] Level 1:colcon.colcon_core.package_identification:_identify(world) by extensions ['ros']
[0.391s] Level 1:colcon.colcon_core.package_identification:_identify(world) by extension 'ros'
[0.391s] Level 1:colcon.colcon_core.package_identification:_identify(world) by extensions ['cmake', 'python']
[0.391s] Level 1:colcon.colcon_core.package_identification:_identify(world) by extension 'cmake'
[0.391s] Level 1:colcon.colcon_core.package_identification:_identify(world) by extension 'python'
[0.391s] Level 1:colcon.colcon_core.package_identification:_identify(world) by extensions ['python_setup_py']
[0.391s] Level 1:colcon.colcon_core.package_identification:_identify(world) by extension 'python_setup_py'
[0.391s] Level 1:colcon.colcon_core.package_identification:_identify(world/mymodel) by extensions ['ignore', 'ignore_ament_install']
[0.391s] Level 1:colcon.colcon_core.package_identification:_identify(world/mymodel) by extension 'ignore'
[0.391s] Level 1:colcon.colcon_core.package_identification:_identify(world/mymodel) by extension 'ignore_ament_install'
[0.391s] Level 1:colcon.colcon_core.package_identification:_identify(world/mymodel) by extensions ['colcon_pkg']
[0.391s] Level 1:colcon.colcon_core.package_identification:_identify(world/mymodel) by extension 'colcon_pkg'
[0.391s] Level 1:colcon.colcon_core.package_identification:_identify(world/mymodel) by extensions ['colcon_meta']
[0.391s] Level 1:colcon.colcon_core.package_identification:_identify(world/mymodel) by extension 'colcon_meta'
[0.391s] Level 1:colcon.colcon_core.package_identification:_identify(world/mymodel) by extensions ['ros']
[0.391s] Level 1:colcon.colcon_core.package_identification:_identify(world/mymodel) by extension 'ros'
[0.391s] Level 1:colcon.colcon_core.package_identification:_identify(world/mymodel) by extensions ['cmake', 'python']
[0.391s] Level 1:colcon.colcon_core.package_identification:_identify(world/mymodel) by extension 'cmake'
[0.391s] Level 1:colcon.colcon_core.package_identification:_identify(world/mymodel) by extension 'python'
[0.391s] Level 1:colcon.colcon_core.package_identification:_identify(world/mymodel) by extensions ['python_setup_py']
[0.391s] Level 1:colcon.colcon_core.package_identification:_identify(world/mymodel) by extension 'python_setup_py'
[0.391s] Level 1:colcon.colcon_core.package_identification:_identify(world/sample_world_2) by extensions ['ignore', 'ignore_ament_install']
[0.392s] Level 1:colcon.colcon_core.package_identification:_identify(world/sample_world_2) by extension 'ignore'
[0.392s] Level 1:colcon.colcon_core.package_identification:_identify(world/sample_world_2) by extension 'ignore_ament_install'
[0.392s] Level 1:colcon.colcon_core.package_identification:_identify(world/sample_world_2) by extensions ['colcon_pkg']
[0.392s] Level 1:colcon.colcon_core.package_identification:_identify(world/sample_world_2) by extension 'colcon_pkg'
[0.392s] Level 1:colcon.colcon_core.package_identification:_identify(world/sample_world_2) by extensions ['colcon_meta']
[0.392s] Level 1:colcon.colcon_core.package_identification:_identify(world/sample_world_2) by extension 'colcon_meta'
[0.392s] Level 1:colcon.colcon_core.package_identification:_identify(world/sample_world_2) by extensions ['ros']
[0.392s] Level 1:colcon.colcon_core.package_identification:_identify(world/sample_world_2) by extension 'ros'
[0.392s] Level 1:colcon.colcon_core.package_identification:_identify(world/sample_world_2) by extensions ['cmake', 'python']
[0.392s] Level 1:colcon.colcon_core.package_identification:_identify(world/sample_world_2) by extension 'cmake'
[0.392s] Level 1:colcon.colcon_core.package_identification:_identify(world/sample_world_2) by extension 'python'
[0.392s] Level 1:colcon.colcon_core.package_identification:_identify(world/sample_world_2) by extensions ['python_setup_py']
[0.392s] Level 1:colcon.colcon_core.package_identification:_identify(world/sample_world_2) by extension 'python_setup_py'
[0.392s] Level 1:colcon.colcon_core.package_discovery:discover_packages(recursive) using defaults
[0.392s] Level 1:colcon.colcon_core.package_discovery:discover_packages(ignore) discover
[0.392s] Level 1:colcon.colcon_core.package_discovery:discover_packages(ignore) using defaults
[0.392s] Level 1:colcon.colcon_core.package_discovery:discover_packages(path) discover
[0.392s] Level 1:colcon.colcon_core.package_discovery:discover_packages(path) using defaults
[0.415s] Level 1:colcon.colcon_core.package_discovery:discover_packages(prefix_path) check parameters
[0.415s] Level 1:colcon.colcon_core.package_discovery:discover_packages(prefix_path) discover
[0.420s] DEBUG:colcon.colcon_installed_package_information.package_discovery:Found 0 installed packages in /home/zukunft/my_robot_ws/install
[0.422s] DEBUG:colcon.colcon_installed_package_information.package_discovery:Found 1 installed packages in /home/zukunft/agv_ws/install
[0.425s] DEBUG:colcon.colcon_installed_package_information.package_discovery:Found 338 installed packages in /opt/ros/humble
[0.426s] Level 1:colcon.colcon_core.package_discovery:discover_packages(prefix_path) using defaults
[0.476s] Level 5:colcon.colcon_core.verb:set package 'my_robot' build argument 'cmake_args' from command line to 'None'
[0.476s] Level 5:colcon.colcon_core.verb:set package 'my_robot' build argument 'cmake_target' from command line to 'None'
[0.476s] Level 5:colcon.colcon_core.verb:set package 'my_robot' build argument 'cmake_target_skip_unavailable' from command line to 'False'
[0.476s] Level 5:colcon.colcon_core.verb:set package 'my_robot' build argument 'cmake_clean_cache' from command line to 'False'
[0.476s] Level 5:colcon.colcon_core.verb:set package 'my_robot' build argument 'cmake_clean_first' from command line to 'False'
[0.476s] Level 5:colcon.colcon_core.verb:set package 'my_robot' build argument 'cmake_force_configure' from command line to 'False'
[0.476s] Level 5:colcon.colcon_core.verb:set package 'my_robot' build argument 'ament_cmake_args' from command line to 'None'
[0.476s] Level 5:colcon.colcon_core.verb:set package 'my_robot' build argument 'catkin_cmake_args' from command line to 'None'
[0.476s] Level 5:colcon.colcon_core.verb:set package 'my_robot' build argument 'catkin_skip_building_tests' from command line to 'False'
[0.476s] DEBUG:colcon.colcon_core.verb:Building package 'my_robot' with the following arguments: {'ament_cmake_args': None, 'build_base': '/home/zukunft/projects/robotics/robot_basic_simulation/src/build/my_robot', 'catkin_cmake_args': None, 'catkin_skip_building_tests': False, 'cmake_args': None, 'cmake_clean_cache': False, 'cmake_clean_first': False, 'cmake_force_configure': False, 'cmake_target': None, 'cmake_target_skip_unavailable': False, 'install_base': '/home/zukunft/projects/robotics/robot_basic_simulation/src/install/my_robot', 'merge_install': False, 'path': '/home/zukunft/projects/robotics/robot_basic_simulation/src/my_robot', 'symlink_install': False, 'test_result_base': None}
[0.481s] Level 5:colcon.colcon_core.verb:set package 'robot_controller' build argument 'cmake_args' from command line to 'None'
[0.481s] Level 5:colcon.colcon_core.verb:set package 'robot_controller' build argument 'cmake_target' from command line to 'None'
[0.481s] Level 5:colcon.colcon_core.verb:set package 'robot_controller' build argument 'cmake_target_skip_unavailable' from command line to 'False'
[0.481s] Level 5:colcon.colcon_core.verb:set package 'robot_controller' build argument 'cmake_clean_cache' from command line to 'False'
[0.481s] Level 5:colcon.colcon_core.verb:set package 'robot_controller' build argument 'cmake_clean_first' from command line to 'False'
[0.481s] Level 5:colcon.colcon_core.verb:set package 'robot_controller' build argument 'cmake_force_configure' from command line to 'False'
[0.481s] Level 5:colcon.colcon_core.verb:set package 'robot_controller' build argument 'ament_cmake_args' from command line to 'None'
[0.481s] Level 5:colcon.colcon_core.verb:set package 'robot_controller' build argument 'catkin_cmake_args' from command line to 'None'
[0.481s] Level 5:colcon.colcon_core.verb:set package 'robot_controller' build argument 'catkin_skip_building_tests' from command line to 'False'
[0.481s] DEBUG:colcon.colcon_core.verb:Building package 'robot_controller' with the following arguments: {'ament_cmake_args': None, 'build_base': '/home/zukunft/projects/robotics/robot_basic_simulation/src/build/robot_controller', 'catkin_cmake_args': None, 'catkin_skip_building_tests': False, 'cmake_args': None, 'cmake_clean_cache': False, 'cmake_clean_first': False, 'cmake_force_configure': False, 'cmake_target': None, 'cmake_target_skip_unavailable': False, 'install_base': '/home/zukunft/projects/robotics/robot_basic_simulation/src/install/robot_controller', 'merge_install': False, 'path': '/home/zukunft/projects/robotics/robot_basic_simulation/src/robot_controller', 'symlink_install': False, 'test_result_base': None}
[0.486s] Level 5:colcon.colcon_core.verb:set package 'sensors' build argument 'cmake_args' from command line to 'None'
[0.486s] Level 5:colcon.colcon_core.verb:set package 'sensors' build argument 'cmake_target' from command line to 'None'
[0.486s] Level 5:colcon.colcon_core.verb:set package 'sensors' build argument 'cmake_target_skip_unavailable' from command line to 'False'
[0.486s] Level 5:colcon.colcon_core.verb:set package 'sensors' build argument 'cmake_clean_cache' from command line to 'False'
[0.486s] Level 5:colcon.colcon_core.verb:set package 'sensors' build argument 'cmake_clean_first' from command line to 'False'
[0.486s] Level 5:colcon.colcon_core.verb:set package 'sensors' build argument 'cmake_force_configure' from command line to 'False'
[0.486s] Level 5:colcon.colcon_core.verb:set package 'sensors' build argument 'ament_cmake_args' from command line to 'None'
[0.486s] Level 5:colcon.colcon_core.verb:set package 'sensors' build argument 'catkin_cmake_args' from command line to 'None'
[0.486s] Level 5:colcon.colcon_core.verb:set package 'sensors' build argument 'catkin_skip_building_tests' from command line to 'False'
[0.486s] DEBUG:colcon.colcon_core.verb:Building package 'sensors' with the following arguments: {'ament_cmake_args': None, 'build_base': '/home/zukunft/projects/robotics/robot_basic_simulation/src/build/sensors', 'catkin_cmake_args': None, 'catkin_skip_building_tests': False, 'cmake_args': None, 'cmake_clean_cache': False, 'cmake_clean_first': False, 'cmake_force_configure': False, 'cmake_target': None, 'cmake_target_skip_unavailable': False, 'install_base': '/home/zukunft/projects/robotics/robot_basic_simulation/src/install/sensors', 'merge_install': False, 'path': '/home/zukunft/projects/robotics/robot_basic_simulation/src/sensors', 'symlink_install': False, 'test_result_base': None}
[0.487s] INFO:colcon.colcon_core.executor:Executing jobs using 'parallel' executor
[0.494s] DEBUG:colcon.colcon_parallel_executor.executor.parallel:run_until_complete
[0.494s] INFO:colcon.colcon_ros.task.ament_python.build:Building ROS package in '/home/zukunft/projects/robotics/robot_basic_simulation/src/my_robot' with build type 'ament_python'
[0.494s] Level 1:colcon.colcon_core.shell:create_environment_hook('my_robot', 'ament_prefix_path')
[0.499s] INFO:colcon.colcon_core.plugin_system:Skipping extension 'colcon_core.shell.bat': Not used on non-Windows systems
[0.499s] INFO:colcon.colcon_core.shell:Creating environment hook '/home/zukunft/projects/robotics/robot_basic_simulation/src/install/my_robot/share/my_robot/hook/ament_prefix_path.ps1'
[0.500s] INFO:colcon.colcon_core.shell:Creating environment descriptor '/home/zukunft/projects/robotics/robot_basic_simulation/src/install/my_robot/share/my_robot/hook/ament_prefix_path.dsv'
[0.500s] INFO:colcon.colcon_core.shell:Creating environment hook '/home/zukunft/projects/robotics/robot_basic_simulation/src/install/my_robot/share/my_robot/hook/ament_prefix_path.sh'
[0.503s] INFO:colcon.colcon_core.shell:Skip shell extension 'powershell' for command environment: Not usable outside of PowerShell
[0.503s] DEBUG:colcon.colcon_core.shell:Skip shell extension 'dsv' for command environment
[0.513s] INFO:colcon.colcon_ros.task.ament_python.build:Building ROS package in '/home/zukunft/projects/robotics/robot_basic_simulation/src/robot_controller' with build type 'ament_python'
[0.513s] Level 1:colcon.colcon_core.shell:create_environment_hook('robot_controller', 'ament_prefix_path')
[0.516s] INFO:colcon.colcon_core.shell:Creating environment hook '/home/zukunft/projects/robotics/robot_basic_simulation/src/install/robot_controller/share/robot_controller/hook/ament_prefix_path.ps1'
[0.516s] INFO:colcon.colcon_core.shell:Creating environment descriptor '/home/zukunft/projects/robotics/robot_basic_simulation/src/install/robot_controller/share/robot_controller/hook/ament_prefix_path.dsv'
[0.517s] INFO:colcon.colcon_core.shell:Creating environment hook '/home/zukunft/projects/robotics/robot_basic_simulation/src/install/robot_controller/share/robot_controller/hook/ament_prefix_path.sh'
[0.520s] INFO:colcon.colcon_core.shell:Skip shell extension 'powershell' for command environment: Not usable outside of PowerShell
[0.520s] DEBUG:colcon.colcon_core.shell:Skip shell extension 'dsv' for command environment
[0.529s] INFO:colcon.colcon_ros.task.ament_python.build:Building ROS package in '/home/zukunft/projects/robotics/robot_basic_simulation/src/sensors' with build type 'ament_python'
[0.529s] Level 1:colcon.colcon_core.shell:create_environment_hook('sensors', 'ament_prefix_path')
[0.532s] INFO:colcon.colcon_core.shell:Creating environment hook '/home/zukunft/projects/robotics/robot_basic_simulation/src/install/sensors/share/sensors/hook/ament_prefix_path.ps1'
[0.533s] INFO:colcon.colcon_core.shell:Creating environment descriptor '/home/zukunft/projects/robotics/robot_basic_simulation/src/install/sensors/share/sensors/hook/ament_prefix_path.dsv'
[0.533s] INFO:colcon.colcon_core.shell:Creating environment hook '/home/zukunft/projects/robotics/robot_basic_simulation/src/install/sensors/share/sensors/hook/ament_prefix_path.sh'
[0.536s] INFO:colcon.colcon_core.shell:Skip shell extension 'powershell' for command environment: Not usable outside of PowerShell
[0.536s] DEBUG:colcon.colcon_core.shell:Skip shell extension 'dsv' for command environment
[0.725s] INFO:colcon.colcon_core.task.python.build:Building Python package in '/home/zukunft/projects/robotics/robot_basic_simulation/src/my_robot'
[0.728s] INFO:colcon.colcon_core.shell:Skip shell extension 'powershell' for command environment: Not usable outside of PowerShell
[0.728s] DEBUG:colcon.colcon_core.shell:Skip shell extension 'dsv' for command environment
[0.913s] INFO:colcon.colcon_core.task.python.build:Building Python package in '/home/zukunft/projects/robotics/robot_basic_simulation/src/robot_controller'
[0.916s] INFO:colcon.colcon_core.shell:Skip shell extension 'powershell' for command environment: Not usable outside of PowerShell
[0.916s] DEBUG:colcon.colcon_core.shell:Skip shell extension 'dsv' for command environment
[1.102s] INFO:colcon.colcon_core.task.python.build:Building Python package in '/home/zukunft/projects/robotics/robot_basic_simulation/src/sensors'
[1.108s] INFO:colcon.colcon_core.shell:Skip shell extension 'powershell' for command environment: Not usable outside of PowerShell
[1.108s] DEBUG:colcon.colcon_core.shell:Skip shell extension 'dsv' for command environment
[1.393s] DEBUG:colcon.colcon_core.event_handler.log_command:Invoking command in '/home/zukunft/projects/robotics/robot_basic_simulation/src/build/my_robot': PYTHONPATH=/home/zukunft/projects/robotics/robot_basic_simulation/src/build/my_robot/prefix_override:/home/zukunft/projects/robotics/robot_basic_simulation/src/install/my_robot/lib/python3.10/site-packages:${PYTHONPATH} /usr/bin/python3 setup.py develop --uninstall --editable --build-directory /home/zukunft/projects/robotics/robot_basic_simulation/src/build/my_robot/build
[1.395s] DEBUG:colcon.colcon_core.event_handler.log_command:Invoking command in '/home/zukunft/projects/robotics/robot_basic_simulation/src/build/robot_controller': PYTHONPATH=/home/zukunft/projects/robotics/robot_basic_simulation/src/build/robot_controller/prefix_override:/home/zukunft/projects/robotics/robot_basic_simulation/src/install/robot_controller/lib/python3.10/site-packages:${PYTHONPATH} /usr/bin/python3 setup.py develop --uninstall --editable --build-directory /home/zukunft/projects/robotics/robot_basic_simulation/src/build/robot_controller/build
[1.397s] DEBUG:colcon.colcon_core.event_handler.log_command:Invoking command in '/home/zukunft/projects/robotics/robot_basic_simulation/src/build/sensors': PYTHONPATH=/home/zukunft/projects/robotics/robot_basic_simulation/src/build/sensors/prefix_override:/home/zukunft/projects/robotics/robot_basic_simulation/src/install/sensors/lib/python3.10/site-packages:${PYTHONPATH} /usr/bin/python3 setup.py develop --uninstall --editable --build-directory /home/zukunft/projects/robotics/robot_basic_simulation/src/build/sensors/build
[1.725s] DEBUG:colcon.colcon_core.event_handler.log_command:Invoked command in '/home/zukunft/projects/robotics/robot_basic_simulation/src/build/my_robot' returned '0': PYTHONPATH=/home/zukunft/projects/robotics/robot_basic_simulation/src/build/my_robot/prefix_override:/home/zukunft/projects/robotics/robot_basic_simulation/src/install/my_robot/lib/python3.10/site-packages:${PYTHONPATH} /usr/bin/python3 setup.py develop --uninstall --editable --build-directory /home/zukunft/projects/robotics/robot_basic_simulation/src/build/my_robot/build
[1.727s] DEBUG:colcon.colcon_core.event_handler.log_command:Invoking command in '/home/zukunft/projects/robotics/robot_basic_simulation/src/my_robot': PYTHONPATH=/home/zukunft/projects/robotics/robot_basic_simulation/src/build/my_robot/prefix_override:/home/zukunft/projects/robotics/robot_basic_simulation/src/install/my_robot/lib/python3.10/site-packages:${PYTHONPATH} /usr/bin/python3 setup.py egg_info --egg-base ../build/my_robot build --build-base /home/zukunft/projects/robotics/robot_basic_simulation/src/build/my_robot/build install --record /home/zukunft/projects/robotics/robot_basic_simulation/src/build/my_robot/install.log --single-version-externally-managed
[1.739s] DEBUG:colcon.colcon_core.event_handler.log_command:Invoked command in '/home/zukunft/projects/robotics/robot_basic_simulation/src/build/robot_controller' returned '0': PYTHONPATH=/home/zukunft/projects/robotics/robot_basic_simulation/src/build/robot_controller/prefix_override:/home/zukunft/projects/robotics/robot_basic_simulation/src/install/robot_controller/lib/python3.10/site-packages:${PYTHONPATH} /usr/bin/python3 setup.py develop --uninstall --editable --build-directory /home/zukunft/projects/robotics/robot_basic_simulation/src/build/robot_controller/build
[1.740s] DEBUG:colcon.colcon_core.event_handler.log_command:Invoking command in '/home/zukunft/projects/robotics/robot_basic_simulation/src/robot_controller': PYTHONPATH=/home/zukunft/projects/robotics/robot_basic_simulation/src/build/robot_controller/prefix_override:/home/zukunft/projects/robotics/robot_basic_simulation/src/install/robot_controller/lib/python3.10/site-packages:${PYTHONPATH} /usr/bin/python3 setup.py egg_info --egg-base ../build/robot_controller build --build-base /home/zukunft/projects/robotics/robot_basic_simulation/src/build/robot_controller/build install --record /home/zukunft/projects/robotics/robot_basic_simulation/src/build/robot_controller/install.log --single-version-externally-managed
[1.743s] DEBUG:colcon.colcon_core.event_handler.log_command:Invoked command in '/home/zukunft/projects/robotics/robot_basic_simulation/src/build/sensors' returned '0': PYTHONPATH=/home/zukunft/projects/robotics/robot_basic_simulation/src/build/sensors/prefix_override:/home/zukunft/projects/robotics/robot_basic_simulation/src/install/sensors/lib/python3.10/site-packages:${PYTHONPATH} /usr/bin/python3 setup.py develop --uninstall --editable --build-directory /home/zukunft/projects/robotics/robot_basic_simulation/src/build/sensors/build
[1.744s] DEBUG:colcon.colcon_core.event_handler.log_command:Invoking command in '/home/zukunft/projects/robotics/robot_basic_simulation/src/sensors': PYTHONPATH=/home/zukunft/projects/robotics/robot_basic_simulation/src/build/sensors/prefix_override:/home/zukunft/projects/robotics/robot_basic_simulation/src/install/sensors/lib/python3.10/site-packages:${PYTHONPATH} /usr/bin/python3 setup.py egg_info --egg-base ../build/sensors build --build-base /home/zukunft/projects/robotics/robot_basic_simulation/src/build/sensors/build install --record /home/zukunft/projects/robotics/robot_basic_simulation/src/build/sensors/install.log --single-version-externally-managed
[1.951s] DEBUG:colcon.colcon_core.event_handler.log_command:Invoked command in '/home/zukunft/projects/robotics/robot_basic_simulation/src/my_robot' returned '0': PYTHONPATH=/home/zukunft/projects/robotics/robot_basic_simulation/src/build/my_robot/prefix_override:/home/zukunft/projects/robotics/robot_basic_simulation/src/install/my_robot/lib/python3.10/site-packages:${PYTHONPATH} /usr/bin/python3 setup.py egg_info --egg-base ../build/my_robot build --build-base /home/zukunft/projects/robotics/robot_basic_simulation/src/build/my_robot/build install --record /home/zukunft/projects/robotics/robot_basic_simulation/src/build/my_robot/install.log --single-version-externally-managed
[1.958s] Level 1:colcon.colcon_core.environment:checking '/home/zukunft/projects/robotics/robot_basic_simulation/src/install/my_robot' for CMake module files
[1.959s] Level 1:colcon.colcon_core.environment:checking '/home/zukunft/projects/robotics/robot_basic_simulation/src/install/my_robot' for CMake config files
[1.960s] Level 1:colcon.colcon_core.environment:checking '/home/zukunft/projects/robotics/robot_basic_simulation/src/install/my_robot/lib'
[1.960s] Level 1:colcon.colcon_core.environment:checking '/home/zukunft/projects/robotics/robot_basic_simulation/src/install/my_robot/bin'
[1.960s] Level 1:colcon.colcon_core.environment:checking '/home/zukunft/projects/robotics/robot_basic_simulation/src/install/my_robot/lib/pkgconfig/my_robot.pc'
[1.960s] Level 1:colcon.colcon_core.environment:checking '/home/zukunft/projects/robotics/robot_basic_simulation/src/install/my_robot/lib/python3.10/site-packages'
[1.960s] Level 1:colcon.colcon_core.shell:create_environment_hook('my_robot', 'pythonpath')
[1.965s] INFO:colcon.colcon_core.shell:Creating environment hook '/home/zukunft/projects/robotics/robot_basic_simulation/src/install/my_robot/share/my_robot/hook/pythonpath.ps1'
[1.965s] INFO:colcon.colcon_core.shell:Creating environment descriptor '/home/zukunft/projects/robotics/robot_basic_simulation/src/install/my_robot/share/my_robot/hook/pythonpath.dsv'
[1.966s] INFO:colcon.colcon_core.shell:Creating environment hook '/home/zukunft/projects/robotics/robot_basic_simulation/src/install/my_robot/share/my_robot/hook/pythonpath.sh'
[1.966s] Level 1:colcon.colcon_core.environment:checking '/home/zukunft/projects/robotics/robot_basic_simulation/src/install/my_robot/bin'
[1.966s] Level 1:colcon.colcon_core.environment:create_environment_scripts_only(my_robot)
[1.969s] INFO:colcon.colcon_core.shell:Creating package script '/home/zukunft/projects/robotics/robot_basic_simulation/src/install/my_robot/share/my_robot/package.ps1'
[1.970s] INFO:colcon.colcon_core.shell:Creating package descriptor '/home/zukunft/projects/robotics/robot_basic_simulation/src/install/my_robot/share/my_robot/package.dsv'
[1.970s] INFO:colcon.colcon_core.shell:Creating package script '/home/zukunft/projects/robotics/robot_basic_simulation/src/install/my_robot/share/my_robot/package.sh'
[1.971s] INFO:colcon.colcon_core.shell:Creating package script '/home/zukunft/projects/robotics/robot_basic_simulation/src/install/my_robot/share/my_robot/package.bash'
[1.971s] INFO:colcon.colcon_core.shell:Creating package script '/home/zukunft/projects/robotics/robot_basic_simulation/src/install/my_robot/share/my_robot/package.zsh'
[1.972s] Level 1:colcon.colcon_core.environment:create_file_with_runtime_dependencies(/home/zukunft/projects/robotics/robot_basic_simulation/src/install/my_robot/share/colcon-core/packages/my_robot)
[1.976s] Level 1:colcon.colcon_core.environment:checking '/home/zukunft/projects/robotics/robot_basic_simulation/src/install/robot_controller' for CMake module files
[1.977s] DEBUG:colcon.colcon_core.event_handler.log_command:Invoked command in '/home/zukunft/projects/robotics/robot_basic_simulation/src/robot_controller' returned '0': PYTHONPATH=/home/zukunft/projects/robotics/robot_basic_simulation/src/build/robot_controller/prefix_override:/home/zukunft/projects/robotics/robot_basic_simulation/src/install/robot_controller/lib/python3.10/site-packages:${PYTHONPATH} /usr/bin/python3 setup.py egg_info --egg-base ../build/robot_controller build --build-base /home/zukunft/projects/robotics/robot_basic_simulation/src/build/robot_controller/build install --record /home/zukunft/projects/robotics/robot_basic_simulation/src/build/robot_controller/install.log --single-version-externally-managed
[1.977s] Level 1:colcon.colcon_core.environment:checking '/home/zukunft/projects/robotics/robot_basic_simulation/src/install/robot_controller' for CMake config files
[1.977s] Level 1:colcon.colcon_core.environment:checking '/home/zukunft/projects/robotics/robot_basic_simulation/src/install/robot_controller/lib'
[1.977s] Level 1:colcon.colcon_core.environment:checking '/home/zukunft/projects/robotics/robot_basic_simulation/src/install/robot_controller/bin'
[1.977s] Level 1:colcon.colcon_core.environment:checking '/home/zukunft/projects/robotics/robot_basic_simulation/src/install/robot_controller/lib/pkgconfig/robot_controller.pc'
[1.978s] Level 1:colcon.colcon_core.environment:checking '/home/zukunft/projects/robotics/robot_basic_simulation/src/install/robot_controller/lib/python3.10/site-packages'
[1.978s] Level 1:colcon.colcon_core.shell:create_environment_hook('robot_controller', 'pythonpath')
[1.980s] INFO:colcon.colcon_core.shell:Creating environment hook '/home/zukunft/projects/robotics/robot_basic_simulation/src/install/robot_controller/share/robot_controller/hook/pythonpath.ps1'
[1.981s] INFO:colcon.colcon_core.shell:Creating environment descriptor '/home/zukunft/projects/robotics/robot_basic_simulation/src/install/robot_controller/share/robot_controller/hook/pythonpath.dsv'
[1.981s] INFO:colcon.colcon_core.shell:Creating environment hook '/home/zukunft/projects/robotics/robot_basic_simulation/src/install/robot_controller/share/robot_controller/hook/pythonpath.sh'
[1.981s] Level 1:colcon.colcon_core.environment:checking '/home/zukunft/projects/robotics/robot_basic_simulation/src/install/robot_controller/bin'
[1.981s] Level 1:colcon.colcon_core.environment:create_environment_scripts_only(robot_controller)
[1.985s] INFO:colcon.colcon_core.shell:Creating package script '/home/zukunft/projects/robotics/robot_basic_simulation/src/install/robot_controller/share/robot_controller/package.ps1'
[1.985s] INFO:colcon.colcon_core.shell:Creating package descriptor '/home/zukunft/projects/robotics/robot_basic_simulation/src/install/robot_controller/share/robot_controller/package.dsv'
[1.985s] INFO:colcon.colcon_core.shell:Creating package script '/home/zukunft/projects/robotics/robot_basic_simulation/src/install/robot_controller/share/robot_controller/package.sh'
[1.986s] INFO:colcon.colcon_core.shell:Creating package script '/home/zukunft/projects/robotics/robot_basic_simulation/src/install/robot_controller/share/robot_controller/package.bash'
[1.986s] INFO:colcon.colcon_core.shell:Creating package script '/home/zukunft/projects/robotics/robot_basic_simulation/src/install/robot_controller/share/robot_controller/package.zsh'
[1.986s] Level 1:colcon.colcon_core.environment:create_file_with_runtime_dependencies(/home/zukunft/projects/robotics/robot_basic_simulation/src/install/robot_controller/share/colcon-core/packages/robot_controller)
[1.990s] Level 1:colcon.colcon_core.environment:checking '/home/zukunft/projects/robotics/robot_basic_simulation/src/install/sensors' for CMake module files
[1.990s] Level 1:colcon.colcon_core.environment:checking '/home/zukunft/projects/robotics/robot_basic_simulation/src/install/sensors' for CMake config files
[1.991s] DEBUG:colcon.colcon_core.event_handler.log_command:Invoked command in '/home/zukunft/projects/robotics/robot_basic_simulation/src/sensors' returned '0': PYTHONPATH=/home/zukunft/projects/robotics/robot_basic_simulation/src/build/sensors/prefix_override:/home/zukunft/projects/robotics/robot_basic_simulation/src/install/sensors/lib/python3.10/site-packages:${PYTHONPATH} /usr/bin/python3 setup.py egg_info --egg-base ../build/sensors build --build-base /home/zukunft/projects/robotics/robot_basic_simulation/src/build/sensors/build install --record /home/zukunft/projects/robotics/robot_basic_simulation/src/build/sensors/install.log --single-version-externally-managed
[1.991s] Level 1:colcon.colcon_core.environment:checking '/home/zukunft/projects/robotics/robot_basic_simulation/src/install/sensors/lib'
[1.991s] Level 1:colcon.colcon_core.environment:checking '/home/zukunft/projects/robotics/robot_basic_simulation/src/install/sensors/bin'
[1.991s] Level 1:colcon.colcon_core.environment:checking '/home/zukunft/projects/robotics/robot_basic_simulation/src/install/sensors/lib/pkgconfig/sensors.pc'
[1.991s] Level 1:colcon.colcon_core.environment:checking '/home/zukunft/projects/robotics/robot_basic_simulation/src/install/sensors/lib/python3.10/site-packages'
[1.991s] Level 1:colcon.colcon_core.shell:create_environment_hook('sensors', 'pythonpath')
[1.994s] INFO:colcon.colcon_core.shell:Creating environment hook '/home/zukunft/projects/robotics/robot_basic_simulation/src/install/sensors/share/sensors/hook/pythonpath.ps1'
[1.994s] INFO:colcon.colcon_core.shell:Creating environment descriptor '/home/zukunft/projects/robotics/robot_basic_simulation/src/install/sensors/share/sensors/hook/pythonpath.dsv'
[1.995s] INFO:colcon.colcon_core.shell:Creating environment hook '/home/zukunft/projects/robotics/robot_basic_simulation/src/install/sensors/share/sensors/hook/pythonpath.sh'
[1.995s] Level 1:colcon.colcon_core.environment:checking '/home/zukunft/projects/robotics/robot_basic_simulation/src/install/sensors/bin'
[1.995s] Level 1:colcon.colcon_core.environment:create_environment_scripts_only(sensors)
[1.998s] INFO:colcon.colcon_core.shell:Creating package script '/home/zukunft/projects/robotics/robot_basic_simulation/src/install/sensors/share/sensors/package.ps1'
[1.999s] INFO:colcon.colcon_core.shell:Creating package descriptor '/home/zukunft/projects/robotics/robot_basic_simulation/src/install/sensors/share/sensors/package.dsv'
[1.999s] INFO:colcon.colcon_core.shell:Creating package script '/home/zukunft/projects/robotics/robot_basic_simulation/src/install/sensors/share/sensors/package.sh'
[1.999s] INFO:colcon.colcon_core.shell:Creating package script '/home/zukunft/projects/robotics/robot_basic_simulation/src/install/sensors/share/sensors/package.bash'
[2.000s] INFO:colcon.colcon_core.shell:Creating package script '/home/zukunft/projects/robotics/robot_basic_simulation/src/install/sensors/share/sensors/package.zsh'
[2.000s] Level 1:colcon.colcon_core.environment:create_file_with_runtime_dependencies(/home/zukunft/projects/robotics/robot_basic_simulation/src/install/sensors/share/colcon-core/packages/sensors)
[2.000s] DEBUG:colcon.colcon_parallel_executor.executor.parallel:closing loop
[2.000s] DEBUG:colcon.colcon_parallel_executor.executor.parallel:loop closed
[2.000s] DEBUG:colcon.colcon_parallel_executor.executor.parallel:run_until_complete finished with '0'
[2.001s] DEBUG:colcon.colcon_core.event_reactor:joining thread
[2.006s] INFO:colcon.colcon_core.plugin_system:Skipping extension 'colcon_notification.desktop_notification.terminal_notifier': Not used on non-Darwin systems
[2.007s] INFO:colcon.colcon_core.plugin_system:Skipping extension 'colcon_notification.desktop_notification.win32': Not used on non-Windows systems
[2.007s] INFO:colcon.colcon_notification.desktop_notification:Sending desktop notification using 'notify2'
[2.014s] DEBUG:colcon.colcon_core.event_reactor:joined thread
[2.018s] INFO:colcon.colcon_core.shell:Creating prefix script '/home/zukunft/projects/robotics/robot_basic_simulation/src/install/local_setup.ps1'
[2.018s] INFO:colcon.colcon_core.shell:Creating prefix util module '/home/zukunft/projects/robotics/robot_basic_simulation/src/install/_local_setup_util_ps1.py'
[2.019s] INFO:colcon.colcon_core.shell:Creating prefix chain script '/home/zukunft/projects/robotics/robot_basic_simulation/src/install/setup.ps1'
[2.022s] INFO:colcon.colcon_core.shell:Creating prefix script '/home/zukunft/projects/robotics/robot_basic_simulation/src/install/local_setup.sh'
[2.022s] INFO:colcon.colcon_core.shell:Creating prefix util module '/home/zukunft/projects/robotics/robot_basic_simulation/src/install/_local_setup_util_sh.py'
[2.023s] INFO:colcon.colcon_core.shell:Creating prefix chain script '/home/zukunft/projects/robotics/robot_basic_simulation/src/install/setup.sh'
[2.026s] INFO:colcon.colcon_core.shell:Creating prefix script '/home/zukunft/projects/robotics/robot_basic_simulation/src/install/local_setup.bash'
[2.027s] INFO:colcon.colcon_core.shell:Creating prefix chain script '/home/zukunft/projects/robotics/robot_basic_simulation/src/install/setup.bash'
[2.030s] INFO:colcon.colcon_core.shell:Creating prefix script '/home/zukunft/projects/robotics/robot_basic_simulation/src/install/local_setup.zsh'
[2.030s] INFO:colcon.colcon_core.shell:Creating prefix chain script '/home/zukunft/projects/robotics/robot_basic_simulation/src/install/setup.zsh'
