[0.510s] Invoking command in '/home/zukunft/robot_sim/src/my_robot': PYTHONPATH=/home/zukunft/robot_sim/build/my_robot/prefix_override:/home/zukunft/robot_sim/install/my_robot/lib/python3.10/site-packages:${PYTHONPATH} /usr/bin/python3 setup.py egg_info --egg-base ../../build/my_robot build --build-base /home/zukunft/robot_sim/build/my_robot/build install --record /home/zukunft/robot_sim/build/my_robot/install.log --single-version-externally-managed
[0.705s] running egg_info
[0.706s] writing ../../build/my_robot/my_robot.egg-info/PKG-INFO
[0.706s] writing dependency_links to ../../build/my_robot/my_robot.egg-info/dependency_links.txt
[0.706s] writing entry points to ../../build/my_robot/my_robot.egg-info/entry_points.txt
[0.706s] writing requirements to ../../build/my_robot/my_robot.egg-info/requires.txt
[0.706s] writing top-level names to ../../build/my_robot/my_robot.egg-info/top_level.txt
[0.708s] reading manifest file '../../build/my_robot/my_robot.egg-info/SOURCES.txt'
[0.708s] writing manifest file '../../build/my_robot/my_robot.egg-info/SOURCES.txt'
[0.708s] running build
[0.709s] running build_py
[0.709s] running install
[0.709s] /usr/lib/python3/dist-packages/setuptools/command/install.py:34: SetuptoolsDeprecationWarning: setup.py install is deprecated. Use build and pip and other standards-based tools.
[0.709s]   warnings.warn(
[0.709s] running install_lib
[0.710s] running install_data
[0.711s] running install_egg_info
[0.712s] removing '/home/zukunft/robot_sim/install/my_robot/lib/python3.10/site-packages/my_robot-0.0.0-py3.10.egg-info' (and everything under it)
[0.712s] Copying ../../build/my_robot/my_robot.egg-info to /home/zukunft/robot_sim/install/my_robot/lib/python3.10/site-packages/my_robot-0.0.0-py3.10.egg-info
[0.713s] running install_scripts
[0.732s] Installing robot_controller script to /home/zukunft/robot_sim/install/my_robot/lib/my_robot
[0.732s] writing list of installed files to '/home/zukunft/robot_sim/build/my_robot/install.log'
[0.765s] Invoked command in '/home/zukunft/robot_sim/src/my_robot' returned '0': PYTHONPATH=/home/zukunft/robot_sim/build/my_robot/prefix_override:/home/zukunft/robot_sim/install/my_robot/lib/python3.10/site-packages:${PYTHONPATH} /usr/bin/python3 setup.py egg_info --egg-base ../../build/my_robot build --build-base /home/zukunft/robot_sim/build/my_robot/build install --record /home/zukunft/robot_sim/build/my_robot/install.log --single-version-externally-managed
