[0.959s] Invoking command in '/home/zukunft/projects/robotics/robot_basic_simulation/src/build/robot_controller': PYTHONPATH=/home/zukunft/projects/robotics/robot_basic_simulation/src/build/robot_controller/prefix_override:/home/zukunft/projects/robotics/robot_basic_simulation/src/install/robot_controller/lib/python3.10/site-packages:${PYTHONPATH} /usr/bin/python3 setup.py develop --uninstall --editable --build-directory /home/zukunft/projects/robotics/robot_basic_simulation/src/build/robot_controller/build
[1.167s] running develop
[1.167s] /usr/lib/python3/dist-packages/setuptools/command/easy_install.py:158: EasyInstallDeprecationWarning: easy_install command is deprecated. Use build and pip and other standards-based tools.
[1.167s]   warnings.warn(
[1.168s] /usr/lib/python3/dist-packages/setuptools/command/install.py:34: SetuptoolsDeprecationWarning: setup.py install is deprecated. Use build and pip and other standards-based tools.
[1.168s]   warnings.warn(
[1.338s] Invoked command in '/home/zukunft/projects/robotics/robot_basic_simulation/src/build/robot_controller' returned '0': PYTHONPATH=/home/zukunft/projects/robotics/robot_basic_simulation/src/build/robot_controller/prefix_override:/home/zukunft/projects/robotics/robot_basic_simulation/src/install/robot_controller/lib/python3.10/site-packages:${PYTHONPATH} /usr/bin/python3 setup.py develop --uninstall --editable --build-directory /home/zukunft/projects/robotics/robot_basic_simulation/src/build/robot_controller/build
[1.339s] Invoking command in '/home/zukunft/projects/robotics/robot_basic_simulation/src/robot_controller': PYTHONPATH=/home/zukunft/projects/robotics/robot_basic_simulation/src/build/robot_controller/prefix_override:/home/zukunft/projects/robotics/robot_basic_simulation/src/install/robot_controller/lib/python3.10/site-packages:${PYTHONPATH} /usr/bin/python3 setup.py egg_info --egg-base ../build/robot_controller build --build-base /home/zukunft/projects/robotics/robot_basic_simulation/src/build/robot_controller/build install --record /home/zukunft/projects/robotics/robot_basic_simulation/src/build/robot_controller/install.log --single-version-externally-managed
[1.520s] running egg_info
[1.521s] writing ../build/robot_controller/robot_controller.egg-info/PKG-INFO
[1.521s] writing dependency_links to ../build/robot_controller/robot_controller.egg-info/dependency_links.txt
[1.522s] writing entry points to ../build/robot_controller/robot_controller.egg-info/entry_points.txt
[1.522s] writing requirements to ../build/robot_controller/robot_controller.egg-info/requires.txt
[1.522s] writing top-level names to ../build/robot_controller/robot_controller.egg-info/top_level.txt
[1.523s] reading manifest file '../build/robot_controller/robot_controller.egg-info/SOURCES.txt'
[1.524s] writing manifest file '../build/robot_controller/robot_controller.egg-info/SOURCES.txt'
[1.524s] running build
[1.525s] running build_py
[1.525s] running install
[1.525s] /usr/lib/python3/dist-packages/setuptools/command/install.py:34: SetuptoolsDeprecationWarning: setup.py install is deprecated. Use build and pip and other standards-based tools.
[1.525s]   warnings.warn(
[1.525s] running install_lib
[1.526s] running install_data
[1.527s] running install_egg_info
[1.528s] removing '/home/zukunft/projects/robotics/robot_basic_simulation/src/install/robot_controller/lib/python3.10/site-packages/robot_controller-0.0.0-py3.10.egg-info' (and everything under it)
[1.528s] Copying ../build/robot_controller/robot_controller.egg-info to /home/zukunft/projects/robotics/robot_basic_simulation/src/install/robot_controller/lib/python3.10/site-packages/robot_controller-0.0.0-py3.10.egg-info
[1.529s] running install_scripts
[1.548s] Installing basic_movement script to /home/zukunft/projects/robotics/robot_basic_simulation/src/install/robot_controller/lib/robot_controller
[1.548s] Installing cam_pub script to /home/zukunft/projects/robotics/robot_basic_simulation/src/install/robot_controller/lib/robot_controller
[1.548s] Installing cam_sub script to /home/zukunft/projects/robotics/robot_basic_simulation/src/install/robot_controller/lib/robot_controller
[1.548s] Installing lid_pub script to /home/zukunft/projects/robotics/robot_basic_simulation/src/install/robot_controller/lib/robot_controller
[1.548s] Installing lid_sub script to /home/zukunft/projects/robotics/robot_basic_simulation/src/install/robot_controller/lib/robot_controller
[1.548s] writing list of installed files to '/home/zukunft/projects/robotics/robot_basic_simulation/src/build/robot_controller/install.log'
[1.609s] Invoked command in '/home/zukunft/projects/robotics/robot_basic_simulation/src/robot_controller' returned '0': PYTHONPATH=/home/zukunft/projects/robotics/robot_basic_simulation/src/build/robot_controller/prefix_override:/home/zukunft/projects/robotics/robot_basic_simulation/src/install/robot_controller/lib/python3.10/site-packages:${PYTHONPATH} /usr/bin/python3 setup.py egg_info --egg-base ../build/robot_controller build --build-base /home/zukunft/projects/robotics/robot_basic_simulation/src/build/robot_controller/build install --record /home/zukunft/projects/robotics/robot_basic_simulation/src/build/robot_controller/install.log --single-version-externally-managed
