[0.731s] Invoking command in '/home/zukunft/robot_sim/src/robot_controller': PYTHONPATH=/home/zukunft/robot_sim/build/robot_controller/prefix_override:/home/zukunft/robot_sim/install/robot_controller/lib/python3.10/site-packages:${PYTHONPATH} /usr/bin/python3 setup.py egg_info --egg-base ../../build/robot_controller build --build-base /home/zukunft/robot_sim/build/robot_controller/build install --record /home/zukunft/robot_sim/build/robot_controller/install.log --single-version-externally-managed
[0.913s] running egg_info
[0.914s] writing ../../build/robot_controller/robot_controller.egg-info/PKG-INFO
[0.914s] writing dependency_links to ../../build/robot_controller/robot_controller.egg-info/dependency_links.txt
[0.914s] writing entry points to ../../build/robot_controller/robot_controller.egg-info/entry_points.txt
[0.915s] writing requirements to ../../build/robot_controller/robot_controller.egg-info/requires.txt
[0.915s] writing top-level names to ../../build/robot_controller/robot_controller.egg-info/top_level.txt
[0.917s] reading manifest file '../../build/robot_controller/robot_controller.egg-info/SOURCES.txt'
[0.918s] writing manifest file '../../build/robot_controller/robot_controller.egg-info/SOURCES.txt'
[0.918s] running build
[0.918s] running build_py
[0.919s] running install
[0.919s] /usr/lib/python3/dist-packages/setuptools/command/install.py:34: SetuptoolsDeprecationWarning: setup.py install is deprecated. Use build and pip and other standards-based tools.
[0.919s]   warnings.warn(
[0.919s] running install_lib
[0.920s] running install_data
[0.921s] running install_egg_info
[0.922s] removing '/home/zukunft/robot_sim/install/robot_controller/lib/python3.10/site-packages/robot_controller-0.0.0-py3.10.egg-info' (and everything under it)
[0.922s] Copying ../../build/robot_controller/robot_controller.egg-info to /home/zukunft/robot_sim/install/robot_controller/lib/python3.10/site-packages/robot_controller-0.0.0-py3.10.egg-info
[0.923s] running install_scripts
[0.942s] Installing basic_movement script to /home/zukunft/robot_sim/install/robot_controller/lib/robot_controller
[0.942s] writing list of installed files to '/home/zukunft/robot_sim/build/robot_controller/install.log'
[0.989s] Invoked command in '/home/zukunft/robot_sim/src/robot_controller' returned '0': PYTHONPATH=/home/zukunft/robot_sim/build/robot_controller/prefix_override:/home/zukunft/robot_sim/install/robot_controller/lib/python3.10/site-packages:${PYTHONPATH} /usr/bin/python3 setup.py egg_info --egg-base ../../build/robot_controller build --build-base /home/zukunft/robot_sim/build/robot_controller/build install --record /home/zukunft/robot_sim/build/robot_controller/install.log --single-version-externally-managed
