[0.995s] Invoking command in '/home/zukunft/projects/robotics/robot_basic_simulation/src/build/my_robot': PYTHONPATH=/home/zukunft/projects/robotics/robot_basic_simulation/src/build/my_robot/prefix_override:/home/zukunft/projects/robotics/robot_basic_simulation/src/install/my_robot/lib/python3.10/site-packages:${PYTHONPATH} /usr/bin/python3 setup.py develop --uninstall --editable --build-directory /home/zukunft/projects/robotics/robot_basic_simulation/src/build/my_robot/build
[1.189s] running develop
[1.189s] /usr/lib/python3/dist-packages/setuptools/command/easy_install.py:158: EasyInstallDeprecationWarning: easy_install command is deprecated. Use build and pip and other standards-based tools.
[1.189s]   warnings.warn(
[1.190s] /usr/lib/python3/dist-packages/setuptools/command/install.py:34: SetuptoolsDeprecationWarning: setup.py install is deprecated. Use build and pip and other standards-based tools.
[1.190s]   warnings.warn(
[1.378s] Invoked command in '/home/zukunft/projects/robotics/robot_basic_simulation/src/build/my_robot' returned '0': PYTHONPATH=/home/zukunft/projects/robotics/robot_basic_simulation/src/build/my_robot/prefix_override:/home/zukunft/projects/robotics/robot_basic_simulation/src/install/my_robot/lib/python3.10/site-packages:${PYTHONPATH} /usr/bin/python3 setup.py develop --uninstall --editable --build-directory /home/zukunft/projects/robotics/robot_basic_simulation/src/build/my_robot/build
[1.379s] Invoking command in '/home/zukunft/projects/robotics/robot_basic_simulation/src/my_robot': PYTHONPATH=/home/zukunft/projects/robotics/robot_basic_simulation/src/build/my_robot/prefix_override:/home/zukunft/projects/robotics/robot_basic_simulation/src/install/my_robot/lib/python3.10/site-packages:${PYTHONPATH} /usr/bin/python3 setup.py egg_info --egg-base ../build/my_robot build --build-base /home/zukunft/projects/robotics/robot_basic_simulation/src/build/my_robot/build install --record /home/zukunft/projects/robotics/robot_basic_simulation/src/build/my_robot/install.log --single-version-externally-managed
[1.558s] running egg_info
[1.559s] writing ../build/my_robot/my_robot.egg-info/PKG-INFO
[1.559s] writing dependency_links to ../build/my_robot/my_robot.egg-info/dependency_links.txt
[1.559s] writing entry points to ../build/my_robot/my_robot.egg-info/entry_points.txt
[1.560s] writing requirements to ../build/my_robot/my_robot.egg-info/requires.txt
[1.560s] writing top-level names to ../build/my_robot/my_robot.egg-info/top_level.txt
[1.561s] reading manifest file '../build/my_robot/my_robot.egg-info/SOURCES.txt'
[1.562s] writing manifest file '../build/my_robot/my_robot.egg-info/SOURCES.txt'
[1.563s] running build
[1.563s] running build_py
[1.563s] running install
[1.563s] /usr/lib/python3/dist-packages/setuptools/command/install.py:34: SetuptoolsDeprecationWarning: setup.py install is deprecated. Use build and pip and other standards-based tools.
[1.563s]   warnings.warn(
[1.563s] running install_lib
[1.564s] running install_data
[1.565s] running install_egg_info
[1.566s] removing '/home/zukunft/projects/robotics/robot_basic_simulation/src/install/my_robot/lib/python3.10/site-packages/my_robot-0.0.0-py3.10.egg-info' (and everything under it)
[1.567s] Copying ../build/my_robot/my_robot.egg-info to /home/zukunft/projects/robotics/robot_basic_simulation/src/install/my_robot/lib/python3.10/site-packages/my_robot-0.0.0-py3.10.egg-info
[1.567s] running install_scripts
[1.586s] writing list of installed files to '/home/zukunft/projects/robotics/robot_basic_simulation/src/build/my_robot/install.log'
[1.643s] Invoked command in '/home/zukunft/projects/robotics/robot_basic_simulation/src/my_robot' returned '0': PYTHONPATH=/home/zukunft/projects/robotics/robot_basic_simulation/src/build/my_robot/prefix_override:/home/zukunft/projects/robotics/robot_basic_simulation/src/install/my_robot/lib/python3.10/site-packages:${PYTHONPATH} /usr/bin/python3 setup.py egg_info --egg-base ../build/my_robot build --build-base /home/zukunft/projects/robotics/robot_basic_simulation/src/build/my_robot/build install --record /home/zukunft/projects/robotics/robot_basic_simulation/src/build/my_robot/install.log --single-version-externally-managed
