[0.992s] Invoking command in '/home/zukunft/projects/robotics/robot_basic_simulation/src/sensors': PYTHONPATH=/home/zukunft/projects/robotics/robot_basic_simulation/build/sensors/prefix_override:/home/zukunft/projects/robotics/robot_basic_simulation/install/sensors/lib/python3.10/site-packages:${PYTHONPATH} /usr/bin/python3 setup.py egg_info --egg-base ../../build/sensors build --build-base /home/zukunft/projects/robotics/robot_basic_simulation/build/sensors/build install --record /home/zukunft/projects/robotics/robot_basic_simulation/build/sensors/install.log --single-version-externally-managed
[1.184s] running egg_info
[1.184s] writing ../../build/sensors/sensors.egg-info/PKG-INFO
[1.184s] writing dependency_links to ../../build/sensors/sensors.egg-info/dependency_links.txt
[1.185s] writing entry points to ../../build/sensors/sensors.egg-info/entry_points.txt
[1.185s] writing requirements to ../../build/sensors/sensors.egg-info/requires.txt
[1.185s] writing top-level names to ../../build/sensors/sensors.egg-info/top_level.txt
[1.186s] reading manifest file '../../build/sensors/sensors.egg-info/SOURCES.txt'
[1.187s] writing manifest file '../../build/sensors/sensors.egg-info/SOURCES.txt'
[1.187s] running build
[1.188s] running build_py
[1.188s] running install
[1.188s] /usr/lib/python3/dist-packages/setuptools/command/install.py:34: SetuptoolsDeprecationWarning: setup.py install is deprecated. Use build and pip and other standards-based tools.
[1.188s]   warnings.warn(
[1.188s] running install_lib
[1.189s] running install_data
[1.190s] running install_egg_info
[1.191s] removing '/home/zukunft/projects/robotics/robot_basic_simulation/install/sensors/lib/python3.10/site-packages/sensors-0.0.0-py3.10.egg-info' (and everything under it)
[1.191s] Copying ../../build/sensors/sensors.egg-info to /home/zukunft/projects/robotics/robot_basic_simulation/install/sensors/lib/python3.10/site-packages/sensors-0.0.0-py3.10.egg-info
[1.192s] running install_scripts
[1.210s] writing list of installed files to '/home/zukunft/projects/robotics/robot_basic_simulation/build/sensors/install.log'
[1.282s] Invoked command in '/home/zukunft/projects/robotics/robot_basic_simulation/src/sensors' returned '0': PYTHONPATH=/home/zukunft/projects/robotics/robot_basic_simulation/build/sensors/prefix_override:/home/zukunft/projects/robotics/robot_basic_simulation/install/sensors/lib/python3.10/site-packages:${PYTHONPATH} /usr/bin/python3 setup.py egg_info --egg-base ../../build/sensors build --build-base /home/zukunft/projects/robotics/robot_basic_simulation/build/sensors/build install --record /home/zukunft/projects/robotics/robot_basic_simulation/build/sensors/install.log --single-version-externally-managed
