running egg_info
creating ../../build/sensors/sensors.egg-info
writing ../../build/sensors/sensors.egg-info/PKG-INFO
writing dependency_links to ../../build/sensors/sensors.egg-info/dependency_links.txt
writing entry points to ../../build/sensors/sensors.egg-info/entry_points.txt
writing requirements to ../../build/sensors/sensors.egg-info/requires.txt
writing top-level names to ../../build/sensors/sensors.egg-info/top_level.txt
writing manifest file '../../build/sensors/sensors.egg-info/SOURCES.txt'
reading manifest file '../../build/sensors/sensors.egg-info/SOURCES.txt'
writing manifest file '../../build/sensors/sensors.egg-info/SOURCES.txt'
running build
running build_py
creating /home/zukunft/projects/robotics/robot_basic_simulation/build/sensors/build
creating /home/zukunft/projects/robotics/robot_basic_simulation/build/sensors/build/lib
creating /home/zukunft/projects/robotics/robot_basic_simulation/build/sensors/build/lib/sensors
copying sensors/__init__.py -> /home/zukunft/projects/robotics/robot_basic_simulation/build/sensors/build/lib/sensors
running install
running install_lib
creating /home/zukunft/projects/robotics/robot_basic_simulation/install/sensors/lib/python3.10/site-packages/sensors
copying /home/zukunft/projects/robotics/robot_basic_simulation/build/sensors/build/lib/sensors/__init__.py -> /home/zukunft/projects/robotics/robot_basic_simulation/install/sensors/lib/python3.10/site-packages/sensors
byte-compiling /home/zukunft/projects/robotics/robot_basic_simulation/install/sensors/lib/python3.10/site-packages/sensors/__init__.py to __init__.cpython-310.pyc
running install_data
creating /home/zukunft/projects/robotics/robot_basic_simulation/install/sensors/share/ament_index
creating /home/zukunft/projects/robotics/robot_basic_simulation/install/sensors/share/ament_index/resource_index
creating /home/zukunft/projects/robotics/robot_basic_simulation/install/sensors/share/ament_index/resource_index/packages
copying resource/sensors -> /home/zukunft/projects/robotics/robot_basic_simulation/install/sensors/share/ament_index/resource_index/packages
copying package.xml -> /home/zukunft/projects/robotics/robot_basic_simulation/install/sensors/share/sensors
running install_egg_info
Copying ../../build/sensors/sensors.egg-info to /home/zukunft/projects/robotics/robot_basic_simulation/install/sensors/lib/python3.10/site-packages/sensors-0.0.0-py3.10.egg-info
running install_scripts
writing list of installed files to '/home/zukunft/projects/robotics/robot_basic_simulation/build/sensors/install.log'
