[1.758s] Invoking command in '/home/zukunft/projects/robotics/robot_basic_simulation/src/sensors': PYTHONPATH=/home/zukunft/projects/robotics/robot_basic_simulation/build/sensors/prefix_override:/home/zukunft/projects/robotics/robot_basic_simulation/install/sensors/lib/python3.10/site-packages:${PYTHONPATH} /usr/bin/python3 setup.py egg_info --egg-base ../../build/sensors build --build-base /home/zukunft/projects/robotics/robot_basic_simulation/build/sensors/build install --record /home/zukunft/projects/robotics/robot_basic_simulation/build/sensors/install.log --single-version-externally-managed
[2.139s] running egg_info
[2.140s] creating ../../build/sensors/sensors.egg-info
[2.140s] writing ../../build/sensors/sensors.egg-info/PKG-INFO
[2.141s] writing dependency_links to ../../build/sensors/sensors.egg-info/dependency_links.txt
[2.141s] writing entry points to ../../build/sensors/sensors.egg-info/entry_points.txt
[2.142s] writing requirements to ../../build/sensors/sensors.egg-info/requires.txt
[2.142s] writing top-level names to ../../build/sensors/sensors.egg-info/top_level.txt
[2.142s] writing manifest file '../../build/sensors/sensors.egg-info/SOURCES.txt'
[2.145s] reading manifest file '../../build/sensors/sensors.egg-info/SOURCES.txt'
[2.148s] writing manifest file '../../build/sensors/sensors.egg-info/SOURCES.txt'
[2.149s] running build
[2.149s] running build_py
[2.149s] creating /home/zukunft/projects/robotics/robot_basic_simulation/build/sensors/build
[2.149s] creating /home/zukunft/projects/robotics/robot_basic_simulation/build/sensors/build/lib
[2.150s] creating /home/zukunft/projects/robotics/robot_basic_simulation/build/sensors/build/lib/sensors
[2.150s] copying sensors/__init__.py -> /home/zukunft/projects/robotics/robot_basic_simulation/build/sensors/build/lib/sensors
[2.150s] running install
[2.151s] /usr/lib/python3/dist-packages/setuptools/command/install.py:34: SetuptoolsDeprecationWarning: setup.py install is deprecated. Use build and pip and other standards-based tools.
[2.151s]   warnings.warn(
[2.151s] running install_lib
[2.151s] creating /home/zukunft/projects/robotics/robot_basic_simulation/install/sensors/lib/python3.10/site-packages/sensors
[2.152s] copying /home/zukunft/projects/robotics/robot_basic_simulation/build/sensors/build/lib/sensors/__init__.py -> /home/zukunft/projects/robotics/robot_basic_simulation/install/sensors/lib/python3.10/site-packages/sensors
[2.152s] byte-compiling /home/zukunft/projects/robotics/robot_basic_simulation/install/sensors/lib/python3.10/site-packages/sensors/__init__.py to __init__.cpython-310.pyc
[2.152s] running install_data
[2.153s] creating /home/zukunft/projects/robotics/robot_basic_simulation/install/sensors/share/ament_index
[2.153s] creating /home/zukunft/projects/robotics/robot_basic_simulation/install/sensors/share/ament_index/resource_index
[2.153s] creating /home/zukunft/projects/robotics/robot_basic_simulation/install/sensors/share/ament_index/resource_index/packages
[2.153s] copying resource/sensors -> /home/zukunft/projects/robotics/robot_basic_simulation/install/sensors/share/ament_index/resource_index/packages
[2.154s] copying package.xml -> /home/zukunft/projects/robotics/robot_basic_simulation/install/sensors/share/sensors
[2.154s] running install_egg_info
[2.156s] Copying ../../build/sensors/sensors.egg-info to /home/zukunft/projects/robotics/robot_basic_simulation/install/sensors/lib/python3.10/site-packages/sensors-0.0.0-py3.10.egg-info
[2.157s] running install_scripts
[2.194s] writing list of installed files to '/home/zukunft/projects/robotics/robot_basic_simulation/build/sensors/install.log'
[2.274s] Invoked command in '/home/zukunft/projects/robotics/robot_basic_simulation/src/sensors' returned '0': PYTHONPATH=/home/zukunft/projects/robotics/robot_basic_simulation/build/sensors/prefix_override:/home/zukunft/projects/robotics/robot_basic_simulation/install/sensors/lib/python3.10/site-packages:${PYTHONPATH} /usr/bin/python3 setup.py egg_info --egg-base ../../build/sensors build --build-base /home/zukunft/projects/robotics/robot_basic_simulation/build/sensors/build install --record /home/zukunft/projects/robotics/robot_basic_simulation/build/sensors/install.log --single-version-externally-managed
