[1.202s] Invoking command in '/home/zukunft/projects/robotics/robot_basic_simulation/build/my_robot': PYTHONPATH=/home/zukunft/projects/robotics/robot_basic_simulation/build/my_robot/prefix_override:/home/zukunft/projects/robotics/robot_basic_simulation/install/my_robot/lib/python3.10/site-packages:${PYTHONPATH} /usr/bin/python3 setup.py develop --uninstall --editable --build-directory /home/zukunft/projects/robotics/robot_basic_simulation/build/my_robot/build
[1.487s] running develop
[1.492s] /usr/lib/python3/dist-packages/setuptools/command/easy_install.py:158: EasyInstallDeprecationWarning: easy_install command is deprecated. Use build and pip and other standards-based tools.
[1.492s]   warnings.warn(
[1.494s] /usr/lib/python3/dist-packages/setuptools/command/install.py:34: SetuptoolsDeprecationWarning: setup.py install is deprecated. Use build and pip and other standards-based tools.
[1.494s]   warnings.warn(
[1.665s] Removing /home/zukunft/projects/robotics/robot_basic_simulation/install/my_robot/lib/python3.10/site-packages/my-robot.egg-link (link to .)
[1.722s] Invoked command in '/home/zukunft/projects/robotics/robot_basic_simulation/build/my_robot' returned '0': PYTHONPATH=/home/zukunft/projects/robotics/robot_basic_simulation/build/my_robot/prefix_override:/home/zukunft/projects/robotics/robot_basic_simulation/install/my_robot/lib/python3.10/site-packages:${PYTHONPATH} /usr/bin/python3 setup.py develop --uninstall --editable --build-directory /home/zukunft/projects/robotics/robot_basic_simulation/build/my_robot/build
[1.724s] Invoking command in '/home/zukunft/projects/robotics/robot_basic_simulation/src/my_robot': PYTHONPATH=/home/zukunft/projects/robotics/robot_basic_simulation/build/my_robot/prefix_override:/home/zukunft/projects/robotics/robot_basic_simulation/install/my_robot/lib/python3.10/site-packages:${PYTHONPATH} /usr/bin/python3 setup.py egg_info --egg-base ../../build/my_robot build --build-base /home/zukunft/projects/robotics/robot_basic_simulation/build/my_robot/build install --record /home/zukunft/projects/robotics/robot_basic_simulation/build/my_robot/install.log --single-version-externally-managed
[1.984s] running egg_info
[1.985s] writing ../../build/my_robot/my_robot.egg-info/PKG-INFO
[1.985s] writing dependency_links to ../../build/my_robot/my_robot.egg-info/dependency_links.txt
[1.985s] writing entry points to ../../build/my_robot/my_robot.egg-info/entry_points.txt
[1.985s] writing requirements to ../../build/my_robot/my_robot.egg-info/requires.txt
[1.986s] writing top-level names to ../../build/my_robot/my_robot.egg-info/top_level.txt
[1.988s] reading manifest file '../../build/my_robot/my_robot.egg-info/SOURCES.txt'
[1.989s] writing manifest file '../../build/my_robot/my_robot.egg-info/SOURCES.txt'
[1.989s] running build
[1.989s] running build_py
[1.989s] running install
[1.989s] /usr/lib/python3/dist-packages/setuptools/command/install.py:34: SetuptoolsDeprecationWarning: setup.py install is deprecated. Use build and pip and other standards-based tools.
[1.989s]   warnings.warn(
[1.989s] running install_lib
[1.991s] copying /home/zukunft/projects/robotics/robot_basic_simulation/build/my_robot/build/lib/my_robot/__init__.py -> /home/zukunft/projects/robotics/robot_basic_simulation/install/my_robot/lib/python3.10/site-packages/my_robot
[1.991s] byte-compiling /home/zukunft/projects/robotics/robot_basic_simulation/install/my_robot/lib/python3.10/site-packages/my_robot/__init__.py to __init__.cpython-310.pyc
[1.991s] running install_data
[1.992s] running install_egg_info
[1.995s] Copying ../../build/my_robot/my_robot.egg-info to /home/zukunft/projects/robotics/robot_basic_simulation/install/my_robot/lib/python3.10/site-packages/my_robot-0.0.0-py3.10.egg-info
[1.996s] running install_scripts
[2.025s] writing list of installed files to '/home/zukunft/projects/robotics/robot_basic_simulation/build/my_robot/install.log'
[2.098s] Invoked command in '/home/zukunft/projects/robotics/robot_basic_simulation/src/my_robot' returned '0': PYTHONPATH=/home/zukunft/projects/robotics/robot_basic_simulation/build/my_robot/prefix_override:/home/zukunft/projects/robotics/robot_basic_simulation/install/my_robot/lib/python3.10/site-packages:${PYTHONPATH} /usr/bin/python3 setup.py egg_info --egg-base ../../build/my_robot build --build-base /home/zukunft/projects/robotics/robot_basic_simulation/build/my_robot/build install --record /home/zukunft/projects/robotics/robot_basic_simulation/build/my_robot/install.log --single-version-externally-managed
