[0.618s] Invoking command in '/home/zukunft/robot_sim/src/my_robot': PYTHONPATH=/home/zukunft/robot_sim/build/my_robot/prefix_override:/home/zukunft/robot_sim/install/my_robot/lib/python3.10/site-packages:${PYTHONPATH} /usr/bin/python3 setup.py egg_info --egg-base ../../build/my_robot build --build-base /home/zukunft/robot_sim/build/my_robot/build install --record /home/zukunft/robot_sim/build/my_robot/install.log --single-version-externally-managed
[0.820s] running egg_info
[0.821s] writing ../../build/my_robot/my_robot.egg-info/PKG-INFO
[0.821s] writing dependency_links to ../../build/my_robot/my_robot.egg-info/dependency_links.txt
[0.821s] writing entry points to ../../build/my_robot/my_robot.egg-info/entry_points.txt
[0.821s] writing requirements to ../../build/my_robot/my_robot.egg-info/requires.txt
[0.821s] writing top-level names to ../../build/my_robot/my_robot.egg-info/top_level.txt
[0.823s] reading manifest file '../../build/my_robot/my_robot.egg-info/SOURCES.txt'
[0.829s] writing manifest file '../../build/my_robot/my_robot.egg-info/SOURCES.txt'
[0.829s] running build
[0.829s] running build_py
[0.829s] running install
[0.829s] /usr/lib/python3/dist-packages/setuptools/command/install.py:34: SetuptoolsDeprecationWarning: setup.py install is deprecated. Use build and pip and other standards-based tools.
[0.829s]   warnings.warn(
[0.829s] running install_lib
[0.831s] running install_data
[0.832s] running install_egg_info
[0.834s] removing '/home/zukunft/robot_sim/install/my_robot/lib/python3.10/site-packages/my_robot-0.0.0-py3.10.egg-info' (and everything under it)
[0.834s] Copying ../../build/my_robot/my_robot.egg-info to /home/zukunft/robot_sim/install/my_robot/lib/python3.10/site-packages/my_robot-0.0.0-py3.10.egg-info
[0.835s] running install_scripts
[0.853s] writing list of installed files to '/home/zukunft/robot_sim/build/my_robot/install.log'
[0.884s] Invoked command in '/home/zukunft/robot_sim/src/my_robot' returned '0': PYTHONPATH=/home/zukunft/robot_sim/build/my_robot/prefix_override:/home/zukunft/robot_sim/install/my_robot/lib/python3.10/site-packages:${PYTHONPATH} /usr/bin/python3 setup.py egg_info --egg-base ../../build/my_robot build --build-base /home/zukunft/robot_sim/build/my_robot/build install --record /home/zukunft/robot_sim/build/my_robot/install.log --single-version-externally-managed
