[0.738s] Invoking command in '/home/zukunft/projects/robotics/robot_basic_simulation/src/robot_controller': PYTHONPATH=/home/zukunft/projects/robotics/robot_basic_simulation/build/robot_controller/prefix_override:/home/zukunft/projects/robotics/robot_basic_simulation/install/robot_controller/lib/python3.10/site-packages:${PYTHONPATH} /usr/bin/python3 setup.py egg_info --egg-base ../../build/robot_controller build --build-base /home/zukunft/projects/robotics/robot_basic_simulation/build/robot_controller/build install --record /home/zukunft/projects/robotics/robot_basic_simulation/build/robot_controller/install.log --single-version-externally-managed
[0.937s] running egg_info
[0.938s] writing ../../build/robot_controller/robot_controller.egg-info/PKG-INFO
[0.939s] writing dependency_links to ../../build/robot_controller/robot_controller.egg-info/dependency_links.txt
[0.939s] writing entry points to ../../build/robot_controller/robot_controller.egg-info/entry_points.txt
[0.939s] writing requirements to ../../build/robot_controller/robot_controller.egg-info/requires.txt
[0.939s] writing top-level names to ../../build/robot_controller/robot_controller.egg-info/top_level.txt
[0.941s] reading manifest file '../../build/robot_controller/robot_controller.egg-info/SOURCES.txt'
[0.941s] writing manifest file '../../build/robot_controller/robot_controller.egg-info/SOURCES.txt'
[0.942s] running build
[0.942s] running build_py
[0.942s] running install
[0.942s] /usr/lib/python3/dist-packages/setuptools/command/install.py:34: SetuptoolsDeprecationWarning: setup.py install is deprecated. Use build and pip and other standards-based tools.
[0.942s]   warnings.warn(
[0.942s] running install_lib
[0.944s] running install_data
[0.944s] copying package.xml -> /home/zukunft/projects/robotics/robot_basic_simulation/install/robot_controller/share/robot_controller
[0.944s] running install_egg_info
[0.946s] removing '/home/zukunft/projects/robotics/robot_basic_simulation/install/robot_controller/lib/python3.10/site-packages/robot_controller-0.0.0-py3.10.egg-info' (and everything under it)
[0.946s] Copying ../../build/robot_controller/robot_controller.egg-info to /home/zukunft/projects/robotics/robot_basic_simulation/install/robot_controller/lib/python3.10/site-packages/robot_controller-0.0.0-py3.10.egg-info
[0.947s] running install_scripts
[0.966s] Installing basic_movement script to /home/zukunft/projects/robotics/robot_basic_simulation/install/robot_controller/lib/robot_controller
[0.967s] writing list of installed files to '/home/zukunft/projects/robotics/robot_basic_simulation/build/robot_controller/install.log'
[1.002s] Invoked command in '/home/zukunft/projects/robotics/robot_basic_simulation/src/robot_controller' returned '0': PYTHONPATH=/home/zukunft/projects/robotics/robot_basic_simulation/build/robot_controller/prefix_override:/home/zukunft/projects/robotics/robot_basic_simulation/install/robot_controller/lib/python3.10/site-packages:${PYTHONPATH} /usr/bin/python3 setup.py egg_info --egg-base ../../build/robot_controller build --build-base /home/zukunft/projects/robotics/robot_basic_simulation/build/robot_controller/build install --record /home/zukunft/projects/robotics/robot_basic_simulation/build/robot_controller/install.log --single-version-externally-managed
