[1.064s] Invoking command in '/home/zukunft/robot_sim/src/robot_controller': PYTHONPATH=/home/zukunft/robot_sim/build/robot_controller/prefix_override:/home/zukunft/robot_sim/install/robot_controller/lib/python3.10/site-packages:${PYTHONPATH} /usr/bin/python3 setup.py egg_info --egg-base ../../build/robot_controller build --build-base /home/zukunft/robot_sim/build/robot_controller/build install --record /home/zukunft/robot_sim/build/robot_controller/install.log --single-version-externally-managed
[1.322s] running egg_info
[1.323s] writing ../../build/robot_controller/robot_controller.egg-info/PKG-INFO
[1.323s] writing dependency_links to ../../build/robot_controller/robot_controller.egg-info/dependency_links.txt
[1.323s] writing entry points to ../../build/robot_controller/robot_controller.egg-info/entry_points.txt
[1.323s] writing requirements to ../../build/robot_controller/robot_controller.egg-info/requires.txt
[1.324s] writing top-level names to ../../build/robot_controller/robot_controller.egg-info/top_level.txt
[1.327s] reading manifest file '../../build/robot_controller/robot_controller.egg-info/SOURCES.txt'
[1.328s] writing manifest file '../../build/robot_controller/robot_controller.egg-info/SOURCES.txt'
[1.329s] running build
[1.329s] running build_py
[1.329s] running install
[1.329s] /usr/lib/python3/dist-packages/setuptools/command/install.py:34: SetuptoolsDeprecationWarning: setup.py install is deprecated. Use build and pip and other standards-based tools.
[1.329s]   warnings.warn(
[1.330s] running install_lib
[1.332s] running install_data
[1.333s] running install_egg_info
[1.335s] removing '/home/zukunft/robot_sim/install/robot_controller/lib/python3.10/site-packages/robot_controller-0.0.0-py3.10.egg-info' (and everything under it)
[1.335s] Copying ../../build/robot_controller/robot_controller.egg-info to /home/zukunft/robot_sim/install/robot_controller/lib/python3.10/site-packages/robot_controller-0.0.0-py3.10.egg-info
[1.336s] running install_scripts
[1.366s] Installing basic_movement script to /home/zukunft/robot_sim/install/robot_controller/lib/robot_controller
[1.367s] writing list of installed files to '/home/zukunft/robot_sim/build/robot_controller/install.log'
[1.439s] Invoked command in '/home/zukunft/robot_sim/src/robot_controller' returned '0': PYTHONPATH=/home/zukunft/robot_sim/build/robot_controller/prefix_override:/home/zukunft/robot_sim/install/robot_controller/lib/python3.10/site-packages:${PYTHONPATH} /usr/bin/python3 setup.py egg_info --egg-base ../../build/robot_controller build --build-base /home/zukunft/robot_sim/build/robot_controller/build install --record /home/zukunft/robot_sim/build/robot_controller/install.log --single-version-externally-managed
