[1.780s] Invoking command in '/home/zukunft/projects/robotics/robot_basic_simulation/src/robot_controller': PYTHONPATH=/home/zukunft/projects/robotics/robot_basic_simulation/build/robot_controller/prefix_override:/home/zukunft/projects/robotics/robot_basic_simulation/install/robot_controller/lib/python3.10/site-packages:${PYTHONPATH} /usr/bin/python3 setup.py egg_info --egg-base ../../build/robot_controller build --build-base /home/zukunft/projects/robotics/robot_basic_simulation/build/robot_controller/build install --record /home/zukunft/projects/robotics/robot_basic_simulation/build/robot_controller/install.log --single-version-externally-managed
[2.168s] running egg_info
[2.169s] writing ../../build/robot_controller/robot_controller.egg-info/PKG-INFO
[2.170s] writing dependency_links to ../../build/robot_controller/robot_controller.egg-info/dependency_links.txt
[2.170s] writing entry points to ../../build/robot_controller/robot_controller.egg-info/entry_points.txt
[2.170s] writing requirements to ../../build/robot_controller/robot_controller.egg-info/requires.txt
[2.170s] writing top-level names to ../../build/robot_controller/robot_controller.egg-info/top_level.txt
[2.174s] reading manifest file '../../build/robot_controller/robot_controller.egg-info/SOURCES.txt'
[2.177s] writing manifest file '../../build/robot_controller/robot_controller.egg-info/SOURCES.txt'
[2.179s] running build
[2.179s] running build_py
[2.180s] /usr/lib/python3/dist-packages/setuptools/command/install.py:34: SetuptoolsDeprecationWarning: setup.py install is deprecated. Use build and pip and other standards-based tools.
[2.180s]   warnings.warn(
[2.181s] running install
[2.181s] running install_lib
[2.182s] running install_data
[2.183s] running install_egg_info
[2.186s] removing '/home/zukunft/projects/robotics/robot_basic_simulation/install/robot_controller/lib/python3.10/site-packages/robot_controller-0.0.0-py3.10.egg-info' (and everything under it)
[2.187s] Copying ../../build/robot_controller/robot_controller.egg-info to /home/zukunft/projects/robotics/robot_basic_simulation/install/robot_controller/lib/python3.10/site-packages/robot_controller-0.0.0-py3.10.egg-info
[2.189s] running install_scripts
[2.225s] Installing basic_movement script to /home/zukunft/projects/robotics/robot_basic_simulation/install/robot_controller/lib/robot_controller
[2.226s] writing list of installed files to '/home/zukunft/projects/robotics/robot_basic_simulation/build/robot_controller/install.log'
[2.330s] Invoked command in '/home/zukunft/projects/robotics/robot_basic_simulation/src/robot_controller' returned '0': PYTHONPATH=/home/zukunft/projects/robotics/robot_basic_simulation/build/robot_controller/prefix_override:/home/zukunft/projects/robotics/robot_basic_simulation/install/robot_controller/lib/python3.10/site-packages:${PYTHONPATH} /usr/bin/python3 setup.py egg_info --egg-base ../../build/robot_controller build --build-base /home/zukunft/projects/robotics/robot_basic_simulation/build/robot_controller/build install --record /home/zukunft/projects/robotics/robot_basic_simulation/build/robot_controller/install.log --single-version-externally-managed
