[0.823s] Invoking command in '/home/zukunft/robot_sim/src/robot_controller': PYTHONPATH=/home/zukunft/robot_sim/build/robot_controller/prefix_override:/home/zukunft/robot_sim/install/robot_controller/lib/python3.10/site-packages:${PYTHONPATH} /usr/bin/python3 setup.py egg_info --egg-base ../../build/robot_controller build --build-base /home/zukunft/robot_sim/build/robot_controller/build install --record /home/zukunft/robot_sim/build/robot_controller/install.log --single-version-externally-managed
[1.019s] running egg_info
[1.020s] writing ../../build/robot_controller/robot_controller.egg-info/PKG-INFO
[1.021s] writing dependency_links to ../../build/robot_controller/robot_controller.egg-info/dependency_links.txt
[1.021s] writing entry points to ../../build/robot_controller/robot_controller.egg-info/entry_points.txt
[1.021s] writing requirements to ../../build/robot_controller/robot_controller.egg-info/requires.txt
[1.021s] writing top-level names to ../../build/robot_controller/robot_controller.egg-info/top_level.txt
[1.023s] reading manifest file '../../build/robot_controller/robot_controller.egg-info/SOURCES.txt'
[1.024s] writing manifest file '../../build/robot_controller/robot_controller.egg-info/SOURCES.txt'
[1.024s] running build
[1.024s] running build_py
[1.024s] running install
[1.024s] /usr/lib/python3/dist-packages/setuptools/command/install.py:34: SetuptoolsDeprecationWarning: setup.py install is deprecated. Use build and pip and other standards-based tools.
[1.024s]   warnings.warn(
[1.024s] running install_lib
[1.025s] running install_data
[1.026s] copying package.xml -> /home/zukunft/robot_sim/install/robot_controller/share/robot_controller
[1.026s] running install_egg_info
[1.027s] removing '/home/zukunft/robot_sim/install/robot_controller/lib/python3.10/site-packages/robot_controller-0.0.0-py3.10.egg-info' (and everything under it)
[1.027s] Copying ../../build/robot_controller/robot_controller.egg-info to /home/zukunft/robot_sim/install/robot_controller/lib/python3.10/site-packages/robot_controller-0.0.0-py3.10.egg-info
[1.028s] running install_scripts
[1.045s] writing list of installed files to '/home/zukunft/robot_sim/build/robot_controller/install.log'
[1.112s] Invoked command in '/home/zukunft/robot_sim/src/robot_controller' returned '0': PYTHONPATH=/home/zukunft/robot_sim/build/robot_controller/prefix_override:/home/zukunft/robot_sim/install/robot_controller/lib/python3.10/site-packages:${PYTHONPATH} /usr/bin/python3 setup.py egg_info --egg-base ../../build/robot_controller build --build-base /home/zukunft/robot_sim/build/robot_controller/build install --record /home/zukunft/robot_sim/build/robot_controller/install.log --single-version-externally-managed
