[0.874s] Invoking command in '/home/zukunft/projects/robotics/robot_basic_simulation/src/sensors': PYTHONPATH=/home/zukunft/projects/robotics/robot_basic_simulation/src/build/sensors/prefix_override:/home/zukunft/projects/robotics/robot_basic_simulation/src/install/sensors/lib/python3.10/site-packages:${PYTHONPATH} /usr/bin/python3 setup.py egg_info --egg-base ../build/sensors build --build-base /home/zukunft/projects/robotics/robot_basic_simulation/src/build/sensors/build install --record /home/zukunft/projects/robotics/robot_basic_simulation/src/build/sensors/install.log --single-version-externally-managed
[1.049s] running egg_info
[1.049s] writing ../build/sensors/sensors.egg-info/PKG-INFO
[1.049s] writing dependency_links to ../build/sensors/sensors.egg-info/dependency_links.txt
[1.050s] writing entry points to ../build/sensors/sensors.egg-info/entry_points.txt
[1.050s] writing requirements to ../build/sensors/sensors.egg-info/requires.txt
[1.050s] writing top-level names to ../build/sensors/sensors.egg-info/top_level.txt
[1.051s] reading manifest file '../build/sensors/sensors.egg-info/SOURCES.txt'
[1.052s] writing manifest file '../build/sensors/sensors.egg-info/SOURCES.txt'
[1.052s] running build
[1.052s] running build_py
[1.052s] running install
[1.052s] /usr/lib/python3/dist-packages/setuptools/command/install.py:34: SetuptoolsDeprecationWarning: setup.py install is deprecated. Use build and pip and other standards-based tools.
[1.052s]   warnings.warn(
[1.053s] running install_lib
[1.054s] running install_data
[1.054s] running install_egg_info
[1.055s] removing '/home/zukunft/projects/robotics/robot_basic_simulation/src/install/sensors/lib/python3.10/site-packages/sensors-0.0.0-py3.10.egg-info' (and everything under it)
[1.056s] Copying ../build/sensors/sensors.egg-info to /home/zukunft/projects/robotics/robot_basic_simulation/src/install/sensors/lib/python3.10/site-packages/sensors-0.0.0-py3.10.egg-info
[1.056s] running install_scripts
[1.074s] writing list of installed files to '/home/zukunft/projects/robotics/robot_basic_simulation/src/build/sensors/install.log'
[1.111s] Invoked command in '/home/zukunft/projects/robotics/robot_basic_simulation/src/sensors' returned '0': PYTHONPATH=/home/zukunft/projects/robotics/robot_basic_simulation/src/build/sensors/prefix_override:/home/zukunft/projects/robotics/robot_basic_simulation/src/install/sensors/lib/python3.10/site-packages:${PYTHONPATH} /usr/bin/python3 setup.py egg_info --egg-base ../build/sensors build --build-base /home/zukunft/projects/robotics/robot_basic_simulation/src/build/sensors/build install --record /home/zukunft/projects/robotics/robot_basic_simulation/src/build/sensors/install.log --single-version-externally-managed
