[0.980s] Invoking command in '/home/zukunft/projects/robotics/robot_basic_simulation/build/sensors': PYTHONPATH=/home/zukunft/projects/robotics/robot_basic_simulation/build/sensors/prefix_override:/home/zukunft/projects/robotics/robot_basic_simulation/install/sensors/lib/python3.10/site-packages:${PYTHONPATH} /usr/bin/python3 setup.py develop --uninstall --editable --build-directory /home/zukunft/projects/robotics/robot_basic_simulation/build/sensors/build
[1.233s] running develop
[1.234s] /usr/lib/python3/dist-packages/setuptools/command/easy_install.py:158: EasyInstallDeprecationWarning: easy_install command is deprecated. Use build and pip and other standards-based tools.
[1.234s]   warnings.warn(
[1.236s] /usr/lib/python3/dist-packages/setuptools/command/install.py:34: SetuptoolsDeprecationWarning: setup.py install is deprecated. Use build and pip and other standards-based tools.
[1.236s]   warnings.warn(
[1.387s] Removing /home/zukunft/projects/robotics/robot_basic_simulation/install/sensors/lib/python3.10/site-packages/sensors.egg-link (link to .)
[1.430s] Invoked command in '/home/zukunft/projects/robotics/robot_basic_simulation/build/sensors' returned '0': PYTHONPATH=/home/zukunft/projects/robotics/robot_basic_simulation/build/sensors/prefix_override:/home/zukunft/projects/robotics/robot_basic_simulation/install/sensors/lib/python3.10/site-packages:${PYTHONPATH} /usr/bin/python3 setup.py develop --uninstall --editable --build-directory /home/zukunft/projects/robotics/robot_basic_simulation/build/sensors/build
[1.432s] Invoking command in '/home/zukunft/projects/robotics/robot_basic_simulation/src/sensors': PYTHONPATH=/home/zukunft/projects/robotics/robot_basic_simulation/build/sensors/prefix_override:/home/zukunft/projects/robotics/robot_basic_simulation/install/sensors/lib/python3.10/site-packages:${PYTHONPATH} /usr/bin/python3 setup.py egg_info --egg-base ../../build/sensors build --build-base /home/zukunft/projects/robotics/robot_basic_simulation/build/sensors/build install --record /home/zukunft/projects/robotics/robot_basic_simulation/build/sensors/install.log --single-version-externally-managed
[1.659s] running egg_info
[1.660s] writing ../../build/sensors/sensors.egg-info/PKG-INFO
[1.660s] writing dependency_links to ../../build/sensors/sensors.egg-info/dependency_links.txt
[1.660s] writing entry points to ../../build/sensors/sensors.egg-info/entry_points.txt
[1.660s] writing requirements to ../../build/sensors/sensors.egg-info/requires.txt
[1.660s] writing top-level names to ../../build/sensors/sensors.egg-info/top_level.txt
[1.662s] reading manifest file '../../build/sensors/sensors.egg-info/SOURCES.txt'
[1.668s] writing manifest file '../../build/sensors/sensors.egg-info/SOURCES.txt'
[1.668s] running build
[1.668s] running build_py
[1.669s] /usr/lib/python3/dist-packages/setuptools/command/install.py:34: SetuptoolsDeprecationWarning: setup.py install is deprecated. Use build and pip and other standards-based tools.
[1.669s]   warnings.warn(
[1.669s] running install
[1.669s] running install_lib
[1.670s] copying /home/zukunft/projects/robotics/robot_basic_simulation/build/sensors/build/lib/sensors/lidar_pub.py -> /home/zukunft/projects/robotics/robot_basic_simulation/install/sensors/lib/python3.10/site-packages/sensors
[1.670s] copying /home/zukunft/projects/robotics/robot_basic_simulation/build/sensors/build/lib/sensors/lidar_sub.py -> /home/zukunft/projects/robotics/robot_basic_simulation/install/sensors/lib/python3.10/site-packages/sensors
[1.670s] copying /home/zukunft/projects/robotics/robot_basic_simulation/build/sensors/build/lib/sensors/camera_sub.py -> /home/zukunft/projects/robotics/robot_basic_simulation/install/sensors/lib/python3.10/site-packages/sensors
[1.671s] copying /home/zukunft/projects/robotics/robot_basic_simulation/build/sensors/build/lib/sensors/camera_pub.py -> /home/zukunft/projects/robotics/robot_basic_simulation/install/sensors/lib/python3.10/site-packages/sensors
[1.672s] byte-compiling /home/zukunft/projects/robotics/robot_basic_simulation/install/sensors/lib/python3.10/site-packages/sensors/lidar_pub.py to lidar_pub.cpython-310.pyc
[1.672s] byte-compiling /home/zukunft/projects/robotics/robot_basic_simulation/install/sensors/lib/python3.10/site-packages/sensors/lidar_sub.py to lidar_sub.cpython-310.pyc
[1.673s] byte-compiling /home/zukunft/projects/robotics/robot_basic_simulation/install/sensors/lib/python3.10/site-packages/sensors/camera_sub.py to camera_sub.cpython-310.pyc
[1.673s] byte-compiling /home/zukunft/projects/robotics/robot_basic_simulation/install/sensors/lib/python3.10/site-packages/sensors/camera_pub.py to camera_pub.cpython-310.pyc
[1.674s] running install_data
[1.674s] running install_egg_info
[1.676s] removing '/home/zukunft/projects/robotics/robot_basic_simulation/install/sensors/lib/python3.10/site-packages/sensors-0.0.0-py3.10.egg-info' (and everything under it)
[1.676s] Copying ../../build/sensors/sensors.egg-info to /home/zukunft/projects/robotics/robot_basic_simulation/install/sensors/lib/python3.10/site-packages/sensors-0.0.0-py3.10.egg-info
[1.677s] running install_scripts
[1.698s] writing list of installed files to '/home/zukunft/projects/robotics/robot_basic_simulation/build/sensors/install.log'
[1.741s] Invoked command in '/home/zukunft/projects/robotics/robot_basic_simulation/src/sensors' returned '0': PYTHONPATH=/home/zukunft/projects/robotics/robot_basic_simulation/build/sensors/prefix_override:/home/zukunft/projects/robotics/robot_basic_simulation/install/sensors/lib/python3.10/site-packages:${PYTHONPATH} /usr/bin/python3 setup.py egg_info --egg-base ../../build/sensors build --build-base /home/zukunft/projects/robotics/robot_basic_simulation/build/sensors/build install --record /home/zukunft/projects/robotics/robot_basic_simulation/build/sensors/install.log --single-version-externally-managed
