[1.142s] Invoking command in '/home/zukunft/projects/robotics/robot_basic_simulation/build/my_robot': PYTHONPATH=/home/zukunft/projects/robotics/robot_basic_simulation/build/my_robot/prefix_override:/home/zukunft/projects/robotics/robot_basic_simulation/install/my_robot/lib/python3.10/site-packages:${PYTHONPATH} /usr/bin/python3 setup.py develop --uninstall --editable --build-directory /home/zukunft/projects/robotics/robot_basic_simulation/build/my_robot/build
[1.378s] running develop
[1.378s] /usr/lib/python3/dist-packages/setuptools/command/easy_install.py:158: EasyInstallDeprecationWarning: easy_install command is deprecated. Use build and pip and other standards-based tools.
[1.378s]   warnings.warn(
[1.380s] /usr/lib/python3/dist-packages/setuptools/command/install.py:34: SetuptoolsDeprecationWarning: setup.py install is deprecated. Use build and pip and other standards-based tools.
[1.381s]   warnings.warn(
[1.568s] Invoked command in '/home/zukunft/projects/robotics/robot_basic_simulation/build/my_robot' returned '0': PYTHONPATH=/home/zukunft/projects/robotics/robot_basic_simulation/build/my_robot/prefix_override:/home/zukunft/projects/robotics/robot_basic_simulation/install/my_robot/lib/python3.10/site-packages:${PYTHONPATH} /usr/bin/python3 setup.py develop --uninstall --editable --build-directory /home/zukunft/projects/robotics/robot_basic_simulation/build/my_robot/build
[1.570s] Invoking command in '/home/zukunft/projects/robotics/robot_basic_simulation/src/my_robot': PYTHONPATH=/home/zukunft/projects/robotics/robot_basic_simulation/build/my_robot/prefix_override:/home/zukunft/projects/robotics/robot_basic_simulation/install/my_robot/lib/python3.10/site-packages:${PYTHONPATH} /usr/bin/python3 setup.py egg_info --egg-base ../../build/my_robot build --build-base /home/zukunft/projects/robotics/robot_basic_simulation/build/my_robot/build install --record /home/zukunft/projects/robotics/robot_basic_simulation/build/my_robot/install.log --single-version-externally-managed
[1.777s] running egg_info
[1.777s] writing ../../build/my_robot/my_robot.egg-info/PKG-INFO
[1.778s] writing dependency_links to ../../build/my_robot/my_robot.egg-info/dependency_links.txt
[1.778s] writing entry points to ../../build/my_robot/my_robot.egg-info/entry_points.txt
[1.778s] writing requirements to ../../build/my_robot/my_robot.egg-info/requires.txt
[1.778s] writing top-level names to ../../build/my_robot/my_robot.egg-info/top_level.txt
[1.780s] reading manifest file '../../build/my_robot/my_robot.egg-info/SOURCES.txt'
[1.780s] writing manifest file '../../build/my_robot/my_robot.egg-info/SOURCES.txt'
[1.781s] running build
[1.781s] running build_py
[1.781s] running install
[1.781s] /usr/lib/python3/dist-packages/setuptools/command/install.py:34: SetuptoolsDeprecationWarning: setup.py install is deprecated. Use build and pip and other standards-based tools.
[1.781s]   warnings.warn(
[1.781s] running install_lib
[1.782s] running install_data
[1.783s] running install_egg_info
[1.785s] removing '/home/zukunft/projects/robotics/robot_basic_simulation/install/my_robot/lib/python3.10/site-packages/my_robot-0.0.0-py3.10.egg-info' (and everything under it)
[1.785s] Copying ../../build/my_robot/my_robot.egg-info to /home/zukunft/projects/robotics/robot_basic_simulation/install/my_robot/lib/python3.10/site-packages/my_robot-0.0.0-py3.10.egg-info
[1.786s] running install_scripts
[1.803s] writing list of installed files to '/home/zukunft/projects/robotics/robot_basic_simulation/build/my_robot/install.log'
[1.838s] Invoked command in '/home/zukunft/projects/robotics/robot_basic_simulation/src/my_robot' returned '0': PYTHONPATH=/home/zukunft/projects/robotics/robot_basic_simulation/build/my_robot/prefix_override:/home/zukunft/projects/robotics/robot_basic_simulation/install/my_robot/lib/python3.10/site-packages:${PYTHONPATH} /usr/bin/python3 setup.py egg_info --egg-base ../../build/my_robot build --build-base /home/zukunft/projects/robotics/robot_basic_simulation/build/my_robot/build install --record /home/zukunft/projects/robotics/robot_basic_simulation/build/my_robot/install.log --single-version-externally-managed
